This file contains any messages produced by compilers while
running configure, to aid debugging if configure makes a mistake.

It was created by gvars3 configure 0.6, which was
generated by GNU Autoconf 2.61.  Invocation command line was

  $ ./configure --disable-widgets

## --------- ##
## Platform. ##
## --------- ##

hostname = kz-desktop
uname -m = i686
uname -r = 2.6.27-11-generic
uname -s = Linux
uname -v = #1 SMP Thu Jan 29 19:24:39 UTC 2009

/usr/bin/uname -p = unknown
/bin/uname -X     = unknown

/bin/arch              = unknown
/usr/bin/arch -k       = unknown
/usr/convex/getsysinfo = unknown
/usr/bin/hostinfo      = unknown
/bin/machine           = unknown
/usr/bin/oslevel       = unknown
/bin/universe          = unknown

PATH: /usr/local/sbin
PATH: /usr/local/bin
PATH: /usr/sbin
PATH: /usr/bin
PATH: /sbin
PATH: /bin
PATH: /usr/games


## ----------- ##
## Core tests. ##
## ----------- ##

configure:1731: checking for gawk
configure:1747: found /usr/bin/gawk
configure:1758: result: gawk
configure:1834: checking for g++
configure:1850: found /usr/bin/g++
configure:1861: result: g++
configure:1892: checking for C++ compiler version
configure:1899: g++ --version >&5
g++ (Ubuntu 4.3.2-1ubuntu12) 4.3.2
Copyright (C) 2008 Free Software Foundation, Inc.
This is free software; see the source for copying conditions.  There is NO
warranty; not even for MERCHANTABILITY or FITNESS FOR A PARTICULAR PURPOSE.

configure:1902: $? = 0
configure:1909: g++ -v >&5
Using built-in specs.
Target: i486-linux-gnu
Configured with: ../src/configure -v --with-pkgversion='Ubuntu 4.3.2-1ubuntu12' --with-bugurl=file:///usr/share/doc/gcc-4.3/README.Bugs --enable-languages=c,c++,fortran,objc,obj-c++ --prefix=/usr --enable-shared --with-system-zlib --libexecdir=/usr/lib --without-included-gettext --enable-threads=posix --enable-nls --with-gxx-include-dir=/usr/include/c++/4.3 --program-suffix=-4.3 --enable-clocale=gnu --enable-libstdcxx-debug --enable-objc-gc --enable-mpfr --enable-targets=all --enable-checking=release --build=i486-linux-gnu --host=i486-linux-gnu --target=i486-linux-gnu
Thread model: posix
gcc version 4.3.2 (Ubuntu 4.3.2-1ubuntu12) 
configure:1912: $? = 0
configure:1919: g++ -V >&5
g++: '-V' option must have argument
configure:1922: $? = 1
configure:1945: checking for C++ compiler default output file name
configure:1972: g++    conftest.cpp  >&5
configure:1975: $? = 0
configure:2013: result: a.out
configure:2030: checking whether the C++ compiler works
configure:2040: ./a.out
configure:2043: $? = 0
configure:2060: result: yes
configure:2067: checking whether we are cross compiling
configure:2069: result: no
configure:2072: checking for suffix of executables
configure:2079: g++ -o conftest    conftest.cpp  >&5
configure:2082: $? = 0
configure:2106: result: 
configure:2112: checking for suffix of object files
configure:2138: g++ -c   conftest.cpp >&5
configure:2141: $? = 0
configure:2164: result: o
configure:2168: checking whether we are using the GNU C++ compiler
configure:2197: g++ -c   conftest.cpp >&5
configure:2203: $? = 0
configure:2220: result: yes
configure:2225: checking whether g++ accepts -g
configure:2255: g++ -c -g  conftest.cpp >&5
configure:2261: $? = 0
configure:2360: result: yes
configure:2389: checking how to run the C++ preprocessor
configure:2425: g++ -E  conftest.cpp
configure:2431: $? = 0
configure:2462: g++ -E  conftest.cpp
conftest.cpp:8:28: error: ac_nonexistent.h: No such file or directory
configure:2468: $? = 1
configure: failed program was:
| /* confdefs.h.  */
| #define PACKAGE_NAME "gvars3"
| #define PACKAGE_TARNAME "gvars3"
| #define PACKAGE_VERSION "0.6"
| #define PACKAGE_STRING "gvars3 0.6"
| #define PACKAGE_BUGREPORT ""
| /* end confdefs.h.  */
| #include <ac_nonexistent.h>
configure:2501: result: g++ -E
configure:2530: g++ -E  conftest.cpp
configure:2536: $? = 0
configure:2567: g++ -E  conftest.cpp
conftest.cpp:8:28: error: ac_nonexistent.h: No such file or directory
configure:2573: $? = 1
configure: failed program was:
| /* confdefs.h.  */
| #define PACKAGE_NAME "gvars3"
| #define PACKAGE_TARNAME "gvars3"
| #define PACKAGE_VERSION "0.6"
| #define PACKAGE_STRING "gvars3 0.6"
| #define PACKAGE_BUGREPORT ""
| /* end confdefs.h.  */
| #include <ac_nonexistent.h>
configure:2611: checking for grep that handles long lines and -e
configure:2685: result: /bin/grep
configure:2690: checking for egrep
configure:2768: result: /bin/grep -E
configure:2773: checking for ANSI C header files
configure:2803: g++ -c -g -O2  conftest.cpp >&5
configure:2809: $? = 0
configure:2908: g++ -o conftest -g -O2   conftest.cpp  >&5
configure:2911: $? = 0
configure:2917: ./conftest
configure:2920: $? = 0
configure:2937: result: yes
configure:2961: checking for sys/types.h
configure:2982: g++ -c -g -O2  conftest.cpp >&5
configure:2988: $? = 0
configure:3004: result: yes
configure:2961: checking for sys/stat.h
configure:2982: g++ -c -g -O2  conftest.cpp >&5
configure:2988: $? = 0
configure:3004: result: yes
configure:2961: checking for stdlib.h
configure:2982: g++ -c -g -O2  conftest.cpp >&5
configure:2988: $? = 0
configure:3004: result: yes
configure:2961: checking for string.h
configure:2982: g++ -c -g -O2  conftest.cpp >&5
configure:2988: $? = 0
configure:3004: result: yes
configure:2961: checking for memory.h
configure:2982: g++ -c -g -O2  conftest.cpp >&5
configure:2988: $? = 0
configure:3004: result: yes
configure:2961: checking for strings.h
configure:2982: g++ -c -g -O2  conftest.cpp >&5
configure:2988: $? = 0
configure:3004: result: yes
configure:2961: checking for inttypes.h
configure:2982: g++ -c -g -O2  conftest.cpp >&5
configure:2988: $? = 0
configure:3004: result: yes
configure:2961: checking for stdint.h
configure:2982: g++ -c -g -O2  conftest.cpp >&5
configure:2988: $? = 0
configure:3004: result: yes
configure:2961: checking for unistd.h
configure:2982: g++ -c -g -O2  conftest.cpp >&5
configure:2988: $? = 0
configure:3004: result: yes
configure:3031: checking iostream usability
configure:3048: g++ -c -g -O2  conftest.cpp >&5
configure:3054: $? = 0
configure:3068: result: yes
configure:3072: checking iostream presence
configure:3087: g++ -E  conftest.cpp
configure:3093: $? = 0
configure:3107: result: yes
configure:3135: checking for iostream
configure:3143: result: yes
configure:3198: checking build system type
configure:3216: result: i686-pc-linux-gnu
configure:3238: checking host system type
configure:3253: result: i686-pc-linux-gnu
configure:3301: checking if compiler flag -Wall works
configure:3321: g++ -c -g -O2 -Wall  conftest.cpp >&5
configure:3327: $? = 0
configure:3348: result: yes
configure:3361: checking if compiler flag -Wextra works
configure:3381: g++ -c -g -O2 -Wall -Wextra  conftest.cpp >&5
configure:3387: $? = 0
configure:3408: result: yes
configure:3454: checking for TooN
configure:3480: g++ -c -g -O2 -Wall -Wextra  conftest.cpp >&5
configure:3486: $? = 0
configure:3511: g++ -c -g -O2 -Wall -Wextra  conftest.cpp >&5
conftest.cpp:1:22: error: numerics.h: No such file or directory
conftest.cpp: In function 'int main()':
conftest.cpp:2: error: 'Vector' was not declared in this scope
conftest.cpp:2: error: 'v' was not declared in this scope
configure:3517: $? = 1
configure: failed program was:
| #include <numerics.h>
| int main(){Vector<2> v;return 0;}
configure:3541: result: yes
configure:3576: checking for working pthreads
configure:3592: g++ -c -g -O2 -Wall -Wextra  -pthread conftest.cpp >&5
conftest.cpp: In function 'int main()':
conftest.cpp:3: warning: null argument where non-null required (argument 1)
conftest.cpp: In function 'void* foo(void*)':
conftest.cpp:2: warning: control reaches end of non-void function
configure:3598: $? = 0
configure:3621: result: yes
configure:3729: checking for rl_done in -lreadline
configure:3764: g++ -o conftest -g -O2 -Wall -Wextra  -pthread  conftest.cpp -lreadline   -pthread -pthread >&5
configure:3770: $? = 0
configure:3788: result: yes
configure:4582: WARNING: No GUI functionality enabled
configure:4760: creating ./config.status

## ---------------------- ##
## Running config.status. ##
## ---------------------- ##

This file was extended by gvars3 config.status 0.6, which was
generated by GNU Autoconf 2.61.  Invocation command line was

  CONFIG_FILES    = 
  CONFIG_HEADERS  = 
  CONFIG_LINKS    = 
  CONFIG_COMMANDS = 
  $ ./config.status 

on kz-desktop

config.status:593: creating Makefile

## ---------------- ##
## Cache variables. ##
## ---------------- ##

ac_cv_build=i686-pc-linux-gnu
ac_cv_cxx_compiler_gnu=yes
ac_cv_env_CCC_set=
ac_cv_env_CCC_value=
ac_cv_env_CPPFLAGS_set=
ac_cv_env_CPPFLAGS_value=
ac_cv_env_CXXCPP_set=
ac_cv_env_CXXCPP_value=
ac_cv_env_CXXFLAGS_set=
ac_cv_env_CXXFLAGS_value=
ac_cv_env_CXX_set=
ac_cv_env_CXX_value=
ac_cv_env_LDFLAGS_set=
ac_cv_env_LDFLAGS_value=
ac_cv_env_LIBS_set=
ac_cv_env_LIBS_value=
ac_cv_env_XMKMF_set=
ac_cv_env_XMKMF_value=
ac_cv_env_build_alias_set=
ac_cv_env_build_alias_value=
ac_cv_env_host_alias_set=
ac_cv_env_host_alias_value=
ac_cv_env_target_alias_set=
ac_cv_env_target_alias_value=
ac_cv_header_inttypes_h=yes
ac_cv_header_iostream=yes
ac_cv_header_memory_h=yes
ac_cv_header_stdc=yes
ac_cv_header_stdint_h=yes
ac_cv_header_stdlib_h=yes
ac_cv_header_string_h=yes
ac_cv_header_strings_h=yes
ac_cv_header_sys_stat_h=yes
ac_cv_header_sys_types_h=yes
ac_cv_header_unistd_h=yes
ac_cv_host=i686-pc-linux-gnu
ac_cv_lib_readline_rl_done=yes
ac_cv_objext=o
ac_cv_path_EGREP='/bin/grep -E'
ac_cv_path_GREP=/bin/grep
ac_cv_prog_AWK=gawk
ac_cv_prog_CXXCPP='g++ -E'
ac_cv_prog_ac_ct_CXX=g++
ac_cv_prog_cxx_g=yes

## ----------------- ##
## Output variables. ##
## ----------------- ##

AWK='gawk'
CPPFLAGS=' -pthread'
CXX='g++'
CXXCPP='g++ -E'
CXXFLAGS='-g -O2 -Wall -Wextra'
DEFS='-DPACKAGE_NAME=\"gvars3\" -DPACKAGE_TARNAME=\"gvars3\" -DPACKAGE_VERSION=\"0.6\" -DPACKAGE_STRING=\"gvars3\ 0.6\" -DPACKAGE_BUGREPORT=\"\" -DSTDC_HEADERS=1 -DHAVE_SYS_TYPES_H=1 -DHAVE_SYS_STAT_H=1 -DHAVE_STDLIB_H=1 -DHAVE_STRING_H=1 -DHAVE_MEMORY_H=1 -DHAVE_STRINGS_H=1 -DHAVE_INTTYPES_H=1 -DHAVE_STDINT_H=1 -DHAVE_UNISTD_H=1 -DHAVE_IOSTREAM=1 -DCVD_HAVE_TOON=1 -DHAVE_LIBREADLINE=1'
ECHO_C=''
ECHO_N='-n'
ECHO_T=''
EGREP='/bin/grep -E'
EXEEXT=''
GREP='/bin/grep'
HLIBS=' -pthread -pthread'
LDFLAGS=''
LIBOBJS=''
LIBS='-lreadline  -pthread -pthread'
LTLIBOBJS=''
OBJEXT='o'
PACKAGE_BUGREPORT=''
PACKAGE_NAME='gvars3'
PACKAGE_STRING='gvars3 0.6'
PACKAGE_TARNAME='gvars3'
PACKAGE_VERSION='0.6'
PATH_SEPARATOR=':'
SHELL='/bin/bash'
XMKMF=''
a='1'
ac_ct_CXX='g++'
bindir='${exec_prefix}/bin'
build='i686-pc-linux-gnu'
build_alias=''
build_cpu='i686'
build_os='linux-gnu'
build_vendor='pc'
datadir='${datarootdir}'
datarootdir='${prefix}/share'
docdir='${datarootdir}/doc/${PACKAGE_TARNAME}'
dvidir='${docdir}'
exec_prefix='${prefix}'
guiobj='GUI_none'
have_readline='yes'
have_toon='yes'
host='i686-pc-linux-gnu'
host_alias=''
host_cpu='i686'
host_os='linux-gnu'
host_vendor='pc'
htmldir='${docdir}'
includedir='${prefix}/include'
infodir='${datarootdir}/info'
libdir='${exec_prefix}/lib'
libexecdir='${exec_prefix}/libexec'
localedir='${datarootdir}/locale'
localstatedir='${prefix}/var'
major='0'
make_headless='yes'
mandir='${datarootdir}/man'
minor='6'
oldincludedir='/usr/include'
osx_hacks=''
pdfdir='${docdir}'
prefix='/usr/local'
program_transform_name='s,x,x,'
psdir='${docdir}'
sbindir='${exec_prefix}/sbin'
sharedstatedir='${prefix}/com'
sysconfdir='${prefix}/etc'
target_alias=''

## ----------- ##
## confdefs.h. ##
## ----------- ##

#define PACKAGE_NAME "gvars3"
#define PACKAGE_TARNAME "gvars3"
#define PACKAGE_VERSION "0.6"
#define PACKAGE_STRING "gvars3 0.6"
#define PACKAGE_BUGREPORT ""
#define STDC_HEADERS 1
#define HAVE_SYS_TYPES_H 1
#define HAVE_SYS_STAT_H 1
#define HAVE_STDLIB_H 1
#define HAVE_STRING_H 1
#define HAVE_MEMORY_H 1
#define HAVE_STRINGS_H 1
#define HAVE_INTTYPES_H 1
#define HAVE_STDINT_H 1
#define HAVE_UNISTD_H 1
#define HAVE_IOSTREAM 1
#define CVD_HAVE_TOON 1
#define HAVE_LIBREADLINE 1

configure: exit 0
