#
# An unexpected error has been detected by HotSpot Virtual Machine:
#
#  EXCEPTION_ACCESS_VIOLATION (0xc0000005) at pc=0x6d0e92c9, pid=2184, tid=2832
#
# Java VM: Java HotSpot(TM) Client VM (1.5.0-b64 mixed mode)
# Problematic frame:
# C  [awt.dll+0xe92c9]
#

---------------  T H R E A D  ---------------

Current thread (0x0d73fb90):  JavaThread "AWT-EventQueue-0" [_thread_in_native, id=2832]

siginfo: ExceptionCode=0xc0000005, reading address 0x00000061

Registers:
EAX=0x0df30ff8, EBX=0x00000000, ECX=0x0d746368, EDX=0x00000049
ESP=0x0dcdf550, EBP=0x0dcdf57c, ESI=0x0b3f5ab0, EDI=0x0d73fc4c
EIP=0x6d0e92c9, EFLAGS=0x00010246

Top of Stack: (sp=0x0dcdf550)
0x0dcdf550:   0b3f5ab0 6d0ea30d 00000001 0dcdf568
0x0dcdf560:   0d73fb90 0b3f5ab0 00000000 00000000
0x0dcdf570:   00000000 00000000 0d7405b0 0dcdf5ac
0x0dcdf580:   0306826f 0d76c00a 0dcdf5c0 00000001
0x0dcdf590:   0dcdf590 00000000 0dcdf5c0 0b3f6f48
0x0dcdf5a0:   00000000 0b3f5ab0 0dcdf5bc 0dcdf5e0
0x0dcdf5b0:   030629fa 00000000 03066453 00000001
0x0dcdf5c0:   0546b240 0dcdf5c4 0b3f5b28 0dcdf5e8 

Instructions: (pc=0x6d0e92c9)
0x6d0e92b9:   4f fc ff 8b 4c 24 08 8b 14 88 8b 0d 6c ff 12 6d
0x6d0e92c9:   8b 72 18 e8 af 4f fc ff 8b c6 5e c3 90 90 90 90 


Stack: [0x0dc60000,0x0dce0000),  sp=0x0dcdf550,  free space=509k
Native frames: (J=compiled Java code, j=interpreted, Vv=VM code, C=native code)
C  [awt.dll+0xe92c9]
j  sun.awt.Win32GraphicsConfig.getBounds(I)Ljava/awt/Rectangle;+0
j  sun.awt.Win32GraphicsConfig.getBounds()Ljava/awt/Rectangle;+8
j  com.mathworks.mwswing.MJUtilities.getVirtualScreenBounds()Ljava/awt/Rectangle;+48
j  com.mathworks.mwswing.desk.DTSingleClientFrame.refineLocation(Lcom/mathworks/mwswing/desk/DTLocation;)Lcom/mathworks/mwswing/desk/DTFloatingLocation;+457
j  com.mathworks.mwswing.desk.DTSingleClientFrame.addClient(Lcom/mathworks/mwswing/desk/DTClient;Lcom/mathworks/mwswing/desk/DTLocation;)V+290
j  com.mathworks.mwswing.desk.Desktop.setClientShowing(Lcom/mathworks/mwswing/desk/DTClient;ZLcom/mathworks/mwswing/desk/DTLocation;Z)V+693
j  com.mathworks.mwswing.desk.Desktop.showClient(Ljava/awt/Component;Lcom/mathworks/mwswing/desk/DTLocation;Z)V+55
j  com.mathworks.mde.desk.MLDesktop.showClient(Ljava/awt/Component;Lcom/mathworks/mwswing/desk/DTLocation;Z)V+31
j  com.mathworks.hg.peer.FigureClientProxy.showClient(Lcom/mathworks/mwswing/desk/DTLocation;)V+41
j  com.mathworks.hg.peer.FigurePeer.localSetWindowStyle(I)V+304
j  com.mathworks.hg.peer.FigurePeer.doSetWindowStyle(I)V+85
j  com.mathworks.hg.peer.FigurePeer$4.run()V+8
J  com.mathworks.hg.util.HGPeerQueue$HGPeerRunnablesRunner.runit(Z[I)V
J  com.mathworks.hg.util.HGPeerQueue$HGPeerRunnablesRunner.run()V
J  java.awt.event.InvocationEvent.dispatch()V
J  java.awt.EventQueue.dispatchEvent(Ljava/awt/AWTEvent;)V
J  java.awt.EventDispatchThread.pumpOneEventForHierarchy(ILjava/awt/Component;)Z
J  java.awt.EventDispatchThread.pumpEventsForHierarchy(ILjava/awt/Conditional;Ljava/awt/Component;)V
v  ~OSRAdapter
j  java.awt.EventDispatchThread.pumpEvents(ILjava/awt/Conditional;)V+4
j  java.awt.EventDispatchThread.pumpEvents(Ljava/awt/Conditional;)V+3
j  java.awt.EventDispatchThread.run()V+9
v  ~StubRoutines::call_stub
V  [jvm.dll+0x8168d]
V  [jvm.dll+0xd4179]
V  [jvm.dll+0x8155e]
V  [jvm.dll+0x812bb]
V  [jvm.dll+0x9bbe9]
V  [jvm.dll+0xfe77f]
V  [jvm.dll+0xfe74d]
C  [msvcrt.dll+0x2a3b0]
C  [kernel32.dll+0xb683]

Java frames: (J=compiled Java code, j=interpreted, Vv=VM code)
j  sun.awt.Win32GraphicsConfig.getBounds(I)Ljava/awt/Rectangle;+0
j  sun.awt.Win32GraphicsConfig.getBounds()Ljava/awt/Rectangle;+8
j  com.mathworks.mwswing.MJUtilities.getVirtualScreenBounds()Ljava/awt/Rectangle;+48
j  com.mathworks.mwswing.desk.DTSingleClientFrame.refineLocation(Lcom/mathworks/mwswing/desk/DTLocation;)Lcom/mathworks/mwswing/desk/DTFloatingLocation;+457
j  com.mathworks.mwswing.desk.DTSingleClientFrame.addClient(Lcom/mathworks/mwswing/desk/DTClient;Lcom/mathworks/mwswing/desk/DTLocation;)V+290
j  com.mathworks.mwswing.desk.Desktop.setClientShowing(Lcom/mathworks/mwswing/desk/DTClient;ZLcom/mathworks/mwswing/desk/DTLocation;Z)V+693
j  com.mathworks.mwswing.desk.Desktop.showClient(Ljava/awt/Component;Lcom/mathworks/mwswing/desk/DTLocation;Z)V+55
j  com.mathworks.mde.desk.MLDesktop.showClient(Ljava/awt/Component;Lcom/mathworks/mwswing/desk/DTLocation;Z)V+31
j  com.mathworks.hg.peer.FigureClientProxy.showClient(Lcom/mathworks/mwswing/desk/DTLocation;)V+41
j  com.mathworks.hg.peer.FigurePeer.localSetWindowStyle(I)V+304
j  com.mathworks.hg.peer.FigurePeer.doSetWindowStyle(I)V+85
j  com.mathworks.hg.peer.FigurePeer$4.run()V+8
J  com.mathworks.hg.util.HGPeerQueue$HGPeerRunnablesRunner.runit(Z[I)V
J  com.mathworks.hg.util.HGPeerQueue$HGPeerRunnablesRunner.run()V
J  java.awt.event.InvocationEvent.dispatch()V
J  java.awt.EventQueue.dispatchEvent(Ljava/awt/AWTEvent;)V
J  java.awt.EventDispatchThread.pumpOneEventForHierarchy(ILjava/awt/Component;)Z
J  java.awt.EventDispatchThread.pumpEventsForHierarchy(ILjava/awt/Conditional;Ljava/awt/Component;)V
v  ~OSRAdapter
j  java.awt.EventDispatchThread.pumpEvents(ILjava/awt/Conditional;)V+4
j  java.awt.EventDispatchThread.pumpEvents(Ljava/awt/Conditional;)V+3
j  java.awt.EventDispatchThread.run()V+9
v  ~StubRoutines::call_stub

---------------  P R O C E S S  ---------------

Java Threads: ( => current thread )
  0x0de17ab0 JavaThread "Prefs Updater" [_thread_blocked, id=2748]
  0x0d514008 JavaThread "FigureTreeLockThread" [_thread_blocked, id=3956]
  0x0d704b78 JavaThread "Timer queue for AWT thread" daemon [_thread_blocked, id=3788]
  0x02fd2c18 JavaThread "Thread-2" [_thread_in_native, id=1832]
  0x0d745af0 JavaThread "TimerQueue" daemon [_thread_blocked, id=1512]
=>0x0d73fb90 JavaThread "AWT-EventQueue-0" [_thread_in_native, id=2832]
  0x0d73f5b0 JavaThread "AWT-Shutdown" [_thread_blocked, id=2828]
  0x0d4ed940 JavaThread "Java2D Disposer" daemon [_thread_blocked, id=2664]
  0x0d51e820 JavaThread "AWT-Windows" daemon [_thread_in_native, id=3136]
  0x03024f70 JavaThread "Low Memory Detector" daemon [_thread_blocked, id=1876]
  0x03023be8 JavaThread "CompilerThread0" daemon [_thread_blocked, id=2380]
  0x03022f70 JavaThread "Signal Dispatcher" daemon [_thread_blocked, id=308]
  0x0301a2e8 JavaThread "Finalizer" daemon [_thread_blocked, id=2460]
  0x03018e58 JavaThread "Reference Handler" daemon [_thread_blocked, id=708]
  0x00279c68 JavaThread "main" [_thread_in_native, id=2360]

Other Threads:
  0x02fd6c20 VMThread [id=2352]
  0x03022c68 WatcherThread [id=2580]

VM state:not at safepoint (normal execution)

VM Mutex/Monitor currently owned by a thread: None

Heap
 def new generation   total 19584K, used 5580K [0x05060000, 0x065a0000, 0x06860000)
  eden space 17408K,  25% used [0x05060000, 0x054b4630, 0x06160000)
  from space 2176K,  52% used [0x06380000, 0x0649ea30, 0x065a0000)
  to   space 2176K,   0% used [0x06160000, 0x06160000, 0x06380000)
 tenured generation   total 65056K, used 38997K [0x06860000, 0x0a7e8000, 0x0b060000)
   the space 65056K,  59% used [0x06860000, 0x08e75600, 0x08e75600, 0x0a7e8000)
 compacting perm gen  total 20480K, used 20451K [0x0b060000, 0x0c460000, 0x0d060000)
   the space 20480K,  99% used [0x0b060000, 0x0c458db8, 0x0c458e00, 0x0c460000)
No shared spaces configured.

Dynamic libraries:
0x00400000 - 0x004d8000 	C:\Program Files\MATLAB704\bin\win32\MATLAB.exe
0x7c900000 - 0x7c9b0000 	C:\WINDOWS\system32\ntdll.dll
0x7c800000 - 0x7c8f5000 	C:\WINDOWS\system32\kernel32.dll
0x784d0000 - 0x784de000 	C:\Program Files\MATLAB704\bin\win32\mvalue.dll
0x783d0000 - 0x7845e000 	C:\Program Files\MATLAB704\bin\win32\libut.dll
0x76c90000 - 0x76cb8000 	C:\WINDOWS\system32\imagehlp.dll
0x77c10000 - 0x77c68000 	C:\WINDOWS\system32\msvcrt.dll
0x781d0000 - 0x78246000 	C:\Program Files\MATLAB704\bin\win32\icuuc24.dll
0x78100000 - 0x78105000 	C:\Program Files\MATLAB704\bin\win32\icudt24l.dll
0x7c340000 - 0x7c396000 	C:\Program Files\MATLAB704\bin\win32\MSVCR71.dll
0x78110000 - 0x78192000 	C:\Program Files\MATLAB704\bin\win32\icuin24.dll
0x781a0000 - 0x781ad000 	C:\Program Files\MATLAB704\bin\win32\icuio24.dll
0x7c3a0000 - 0x7c41b000 	C:\Program Files\MATLAB704\bin\win32\MSVCP71.dll
0x77dd0000 - 0x77e6b000 	C:\WINDOWS\system32\ADVAPI32.dll
0x77e70000 - 0x77f01000 	C:\WINDOWS\system32\RPCRT4.dll
0x774e0000 - 0x7761d000 	C:\WINDOWS\system32\ole32.dll
0x77f10000 - 0x77f57000 	C:\WINDOWS\system32\GDI32.dll
0x7e410000 - 0x7e4a0000 	C:\WINDOWS\system32\USER32.dll
0x77120000 - 0x771ab000 	C:\WINDOWS\system32\OLEAUT32.dll
0x78460000 - 0x784a1000 	C:\Program Files\MATLAB704\bin\win32\libmx.dll
0x783b0000 - 0x783c2000 	C:\Program Files\MATLAB704\bin\win32\zlib1.dll
0x78c60000 - 0x78d55000 	C:\Program Files\MATLAB704\bin\win32\libmwservices.dll
0x763b0000 - 0x763f9000 	C:\WINDOWS\system32\comdlg32.dll
0x77f60000 - 0x77fd6000 	C:\WINDOWS\system32\SHLWAPI.dll
0x5d090000 - 0x5d12a000 	C:\WINDOWS\system32\COMCTL32.dll
0x7c9c0000 - 0x7d1d5000 	C:\WINDOWS\system32\SHELL32.dll
0x784e0000 - 0x784f6000 	C:\Program Files\MATLAB704\bin\win32\mpath.dll
0x5b860000 - 0x5b8b4000 	C:\WINDOWS\system32\NETAPI32.dll
0x71ab0000 - 0x71ac7000 	C:\WINDOWS\system32\WS2_32.dll
0x71aa0000 - 0x71aa8000 	C:\WINDOWS\system32\WS2HELP.dll
0x784b0000 - 0x784be000 	C:\Program Files\MATLAB704\bin\win32\libmex.dll
0x78620000 - 0x78687000 	C:\Program Files\MATLAB704\bin\win32\m_dispatcher.dll
0x78250000 - 0x783a6000 	C:\Program Files\MATLAB704\bin\win32\xerces-c_2_1_0.dll
0x78c40000 - 0x78c52000 	C:\Program Files\MATLAB704\bin\win32\datasvcs.dll
0x79080000 - 0x7909b000 	C:\Program Files\MATLAB704\bin\win32\mcr.dll
0x79950000 - 0x799ee000 	C:\Program Files\MATLAB704\bin\win32\bridge.dll
0x77c00000 - 0x77c08000 	C:\WINDOWS\system32\VERSION.dll
0x79840000 - 0x79893000 	C:\Program Files\MATLAB704\bin\win32\udd_mi.dll
0x78e60000 - 0x78ed6000 	C:\Program Files\MATLAB704\bin\win32\libmwgui.dll
0x78690000 - 0x7898b000 	C:\Program Files\MATLAB704\bin\win32\m_interpreter.dll
0x78500000 - 0x78590000 	C:\Program Files\MATLAB704\bin\win32\mcos.dll
0x78ba0000 - 0x78baf000 	C:\Program Files\MATLAB704\bin\win32\m_pcodeio.dll
0x78bc0000 - 0x78c33000 	C:\Program Files\MATLAB704\bin\win32\mlib.dll
0x78b20000 - 0x78b75000 	C:\Program Files\MATLAB704\bin\win32\m_ir.dll
0x78b80000 - 0x78b91000 	C:\Program Files\MATLAB704\bin\win32\m_pcodegen.dll
0x78990000 - 0x78b1e000 	C:\Program Files\MATLAB704\bin\win32\m_parser.dll
0x78bb0000 - 0x78bba000 	C:\Program Files\MATLAB704\bin\win32\ir_xfmr.dll
0x784c0000 - 0x784c9000 	C:\Program Files\MATLAB704\bin\win32\libmat.dll
0x78590000 - 0x78611000 	C:\Program Files\MATLAB704\bin\win32\udd.dll
0x798a0000 - 0x798c8000 	C:\Program Files\MATLAB704\bin\win32\jmi.dll
0x79910000 - 0x79919000 	C:\Program Files\MATLAB704\bin\win32\mlautoregister.dll
0x7c140000 - 0x7c243000 	C:\Program Files\MATLAB704\bin\win32\MFC71.DLL
0x78ee0000 - 0x7902d000 	C:\Program Files\MATLAB704\bin\win32\hg.dll
0x78db0000 - 0x78e2c000 	C:\Program Files\MATLAB704\bin\win32\uiw.dll
0x78e50000 - 0x78e55000 	C:\Program Files\MATLAB704\bin\win32\uinone.dll
0x79050000 - 0x7907a000 	C:\Program Files\MATLAB704\bin\win32\libmwhardcopy.dll
0x78e30000 - 0x78e4c000 	C:\Program Files\MATLAB704\bin\win32\libuij.dll
0x73000000 - 0x73026000 	C:\WINDOWS\system32\WINSPOOL.DRV
0x790a0000 - 0x791f5000 	C:\Program Files\MATLAB704\bin\win32\numerics.dll
0x797b0000 - 0x797b7000 	C:\Program Files\MATLAB704\bin\win32\libmwamd.dll
0x79240000 - 0x792c6000 	C:\Program Files\MATLAB704\bin\win32\libfftw3.dll
0x792d0000 - 0x79351000 	C:\Program Files\MATLAB704\bin\win32\libfftw3f.dll
0x79200000 - 0x7921c000 	C:\Program Files\MATLAB704\bin\win32\libmwlapack.dll
0x797c0000 - 0x79815000 	C:\Program Files\MATLAB704\bin\win32\libmwumfpackv4.3.dll
0x79820000 - 0x79831000 	C:\Program Files\MATLAB704\bin\win32\mwoles05.dll
0x798d0000 - 0x79907000 	C:\Program Files\MATLAB704\bin\win32\comcli.dll
0x773d0000 - 0x774d3000 	C:\WINDOWS\WinSxS\x86_Microsoft.Windows.Common-Controls_6595b64144ccf1df_6.0.2600.2982_x-ww_ac3f9c03\comctl32.dll
0x7c300000 - 0x7c30e000 	C:\Program Files\MATLAB704\bin\win32\MFC71ENU.DLL
0x79220000 - 0x79238000 	C:\Program Files\MATLAB704\bin\win32\mkl.dll
0x79360000 - 0x797a7000 	C:\Program Files\MATLAB704\bin\win32\lapack.dll
0x7c040000 - 0x7c0b5000 	C:\Program Files\MATLAB704\bin\win32\DFORRT.DLL
0x5ad70000 - 0x5ada8000 	C:\WINDOWS\system32\uxtheme.dll
0x74720000 - 0x7476b000 	C:\WINDOWS\system32\MSCTF.dll
0x6d640000 - 0x6d7c5000 	C:\Program Files\MATLAB704\sys\java\jre\win32\jre1.5.0\bin\client\jvm.dll
0x76b40000 - 0x76b6d000 	C:\WINDOWS\system32\WINMM.dll
0x6d280000 - 0x6d288000 	C:\Program Files\MATLAB704\sys\java\jre\win32\jre1.5.0\bin\hpi.dll
0x76bf0000 - 0x76bfb000 	C:\WINDOWS\system32\PSAPI.DLL
0x6d610000 - 0x6d61c000 	C:\Program Files\MATLAB704\sys\java\jre\win32\jre1.5.0\bin\verify.dll
0x6d300000 - 0x6d31d000 	C:\Program Files\MATLAB704\sys\java\jre\win32\jre1.5.0\bin\java.dll
0x6d630000 - 0x6d63f000 	C:\Program Files\MATLAB704\sys\java\jre\win32\jre1.5.0\bin\zip.dll
0x799f0000 - 0x79a01000 	C:\Program Files\MATLAB704\bin\win32\jmi_mi.dll
0x6d000000 - 0x6d166000 	C:\Program Files\MATLAB704\sys\java\jre\win32\jre1.5.0\bin\awt.dll
0x76390000 - 0x763ad000 	C:\WINDOWS\system32\IMM32.dll
0x7a530000 - 0x7a53c000 	C:\Program Files\MATLAB704\bin\win32\nativejava.dll
0x6d240000 - 0x6d27d000 	C:\Program Files\MATLAB704\sys\java\jre\win32\jre1.5.0\bin\fontmanager.dll
0x6d4c0000 - 0x6d4d3000 	C:\Program Files\MATLAB704\sys\java\jre\win32\jre1.5.0\bin\net.dll
0x6d4e0000 - 0x6d4e9000 	C:\Program Files\MATLAB704\sys\java\jre\win32\jre1.5.0\bin\nio.dll
0x7a540000 - 0x7a548000 	C:\Program Files\MATLAB704\bin\win32\nativelex.dll
0x026d0000 - 0x026dc000 	C:\WINDOWS\System32\spool\DRIVERS\W32X86\3\mdiui.dll
0x7d1e0000 - 0x7d49e000 	C:\WINDOWS\system32\msi.dll
0x78d60000 - 0x78dab000 	C:\Program Files\MATLAB704\bin\win32\libmwbuiltins.dll
0x77b40000 - 0x77b62000 	C:\WINDOWS\system32\Apphelp.dll
0x71a50000 - 0x71a8f000 	C:\WINDOWS\System32\mswsock.dll
0x76f20000 - 0x76f47000 	C:\WINDOWS\system32\DNSAPI.dll
0x76fb0000 - 0x76fb8000 	C:\WINDOWS\System32\winrnr.dll
0x76f60000 - 0x76f8c000 	C:\WINDOWS\system32\WLDAP32.dll
0x16080000 - 0x16099000 	C:\Program Files\Bonjour\mdnsNSP.dll
0x76d60000 - 0x76d79000 	C:\WINDOWS\system32\Iphlpapi.dll
0x76fc0000 - 0x76fc6000 	C:\WINDOWS\system32\rasadhlp.dll
0x10000000 - 0x10005000 	C:\Program Files\MATLAB704\toolbox\matlab\datatypes\cellfun.dll
0x7a550000 - 0x7a555000 	C:\Program Files\MATLAB704\bin\win32\nativehg.dll
0x7b980000 - 0x7bd29000 	C:\Program Files\MATLAB704\bin\win32\mkl_p4.dll
0x7bd80000 - 0x7bdb3000 	C:\Program Files\MATLAB704\bin\win32\libguide40.dll
0x02cf0000 - 0x02cf7000 	C:\Program Files\MATLAB704\toolbox\lightspeed\repmat.dll
0x73d90000 - 0x73db7000 	C:\WINDOWS\system32\CRTDLL.DLL
0x02d10000 - 0x02d19000 	C:\Program Files\MATLAB704\toolbox\matlab\graph2d\private\lineseriesmex.dll
0x6d360000 - 0x6d366000 	C:\Program Files\MATLAB704\sys\java\jre\win32\jre1.5.0\bin\jawt.dll
0x0f220000 - 0x0f225000 	C:\Program Files\MATLAB704\toolbox\matlab\specfun\erfcore.dll
0x7c0c0000 - 0x7c13e000 	C:\Program Files\MATLAB704\bin\win32\DFORMD.dll
0x10030000 - 0x10036000 	C:\Program Files\MATLAB704\toolbox\symbolic\maplemex.dll
0x10040000 - 0x10045000 	C:\Program Files\MATLAB704\bin\win32\maplec.dll
0x10050000 - 0x10300000 	C:\Program Files\MATLAB704\bin\win32\mapleoem.dll
0x71ad0000 - 0x71ad9000 	C:\WINDOWS\system32\WSOCK32.dll
0x662b0000 - 0x66308000 	C:\WINDOWS\system32\hnetcfg.dll
0x71a90000 - 0x71a98000 	C:\WINDOWS\System32\wshtcpip.dll
0x77fe0000 - 0x77ff1000 	C:\WINDOWS\system32\Secur32.dll
0x76fd0000 - 0x7704f000 	C:\WINDOWS\system32\CLBCATQ.DLL
0x77050000 - 0x77115000 	C:\WINDOWS\system32\COMRes.dll
0x769c0000 - 0x76a73000 	C:\WINDOWS\system32\USERENV.dll
0x77920000 - 0x77a13000 	C:\WINDOWS\system32\SETUPAPI.dll
0x76990000 - 0x769b5000 	C:\WINDOWS\system32\ntshrui.dll
0x76b20000 - 0x76b31000 	C:\WINDOWS\system32\ATL.DLL
0x20000000 - 0x202c5000 	C:\WINDOWS\system32\xpsp2res.dll
0x11710000 - 0x11716000 	C:\Program Files\MATLAB704\toolbox\matlab\datafun\histc.dll
0x11e50000 - 0x11e55000 	C:\Program Files\MATLAB704\toolbox\matlab\sparfun\colamdmex.dll
0x79bb0000 - 0x79bb6000 	C:\Program Files\MATLAB704\bin\win32\libmwcolamd.dll
0x11f00000 - 0x11f05000 	C:\Program Files\MATLAB704\toolbox\matlab\scribe\private\sendtocmdwin.dll

VM Arguments:
jvm_args: -Xss512k -Xms64m -Xmx96m -XX:NewRatio=3 -XX:MaxPermSize=32M -Dsun.java2d.noddraw=true -Dsun.awt.nopixfmt=true -Djava.library.path=C:\Program Files\MATLAB704\bin\win32 vfprintf abort
java_command: <unknown>

Environment Variables:
PATH=C:\PROGRA~1\Borland\CBUILD~1\Projects\Bpl;C:\PROGRA~1\Borland\CBUILD~1\Bin;C:\texmf\miktex\bin;C:\WINDOWS\system32;C:\WINDOWS;C:\WINDOWS\System32\Wbem;C:\PROGRA~1\ULTRAE~1;C:\Program Files\MATLAB704\bin\win32;C:\OpenCV\bin;
USERNAME=Matej Kristan
OS=Windows_NT
PROCESSOR_IDENTIFIER=x86 Family 6 Model 9 Stepping 5, GenuineIntel


---------------  S Y S T E M  ---------------

OS: Windows XP Build 2600 Service Pack 2

CPU:total 1 family 6, cmov, cx8, fxsr, mmx, sse, sse2

Memory: 4k page, physical 506288k(91764k free), swap 1184736k(546464k free)

vm_info: Java HotSpot(TM) Client VM (1.5.0-b64) for windows-x86, built on Sep 15 2004 03:00:31 by "java_re" with MS VC++ 6.0

