2010-04-29 12:00:36,065 [main] INFO  main       Mary starting up...
2010-04-29 12:00:36,065 [main] INFO  main       Specification version 4.0.0
2010-04-29 12:00:36,065 [main] INFO  main       Implementation version 20100302
2010-04-29 12:00:36,065 [main] INFO  main       Running on a Java 1.6.0_15 implementation by Sun Microsystems Inc., on a Linux platform (amd64, 2.6.31-20-generic)
2010-04-29 12:00:36,169 [main] INFO  ModuleRegistry Now initiating mary module 'marytts.language.en.JTokeniser'
2010-04-29 12:00:36,174 [main] INFO  ModuleRegistry Now initiating mary module 'marytts.language.en.FreeTTSTokenToWords'
2010-04-29 12:00:36,176 [main] INFO  ModuleRegistry Now initiating mary module 'marytts.modules.JPhonemiser(en_US.)'
2010-04-29 12:00:36,290 [main] INFO  ModuleRegistry Now initiating mary module 'marytts.language.en.Prosody'
2010-04-29 12:00:36,295 [main] INFO  ModuleRegistry Now initiating mary module 'marytts.modules.SimplePhoneme2AP(en_US)'
2010-04-29 12:00:36,296 [main] INFO  ModuleRegistry Now initiating mary module 'marytts.language.en.Utt2XMLTokensEn'
2010-04-29 12:00:36,298 [main] INFO  ModuleRegistry Now initiating mary module 'marytts.language.en.Utt2XMLWordsEn'
2010-04-29 12:00:36,298 [main] INFO  ModuleRegistry Now initiating mary module 'marytts.language.en.Utt2XMLPosEn'
2010-04-29 12:00:36,299 [main] INFO  ModuleRegistry Now initiating mary module 'marytts.language.en.Utt2XMLSegmentsEn'
2010-04-29 12:00:36,299 [main] INFO  ModuleRegistry Now initiating mary module 'marytts.language.en.XML2UttTokensEn'
2010-04-29 12:00:36,320 [main] INFO  ModuleRegistry Now initiating mary module 'marytts.language.en.XML2UttWordsEn'
2010-04-29 12:00:36,321 [main] INFO  ModuleRegistry Now initiating mary module 'marytts.language.en.XML2UttPosEn'
2010-04-29 12:00:36,321 [main] INFO  ModuleRegistry Now initiating mary module 'marytts.language.en.PronunciationModel'
2010-04-29 12:00:36,323 [main] INFO  ModuleRegistry Now initiating mary module 'marytts.modules.OpenNLPPosTagger(en,en.pos)'
2010-04-29 12:00:36,325 [main] INFO  ModuleRegistry Now initiating mary module 'marytts.modules.MbrolaCaller'
2010-04-29 12:00:36,335 [main] INFO  ModuleRegistry Now initiating mary module 'marytts.modules.MaryXMLToMbrola'
2010-04-29 12:00:36,336 [main] INFO  ModuleRegistry Now initiating mary module 'marytts.modules.Synthesis'
2010-04-29 12:00:36,337 [main] INFO  ModuleRegistry Now initiating mary module 'marytts.modules.TextToMaryXML'
2010-04-29 12:00:36,338 [main] INFO  ModuleRegistry Now initiating mary module 'marytts.modules.SableParser'
2010-04-29 12:00:36,339 [main] INFO  ModuleRegistry Now initiating mary module 'marytts.modules.SSMLParser'
2010-04-29 12:00:36,339 [main] INFO  ModuleRegistry Now initiating mary module 'marytts.modules.APMLParser'
2010-04-29 12:00:36,340 [main] INFO  ModuleRegistry Now initiating mary module 'marytts.modules.JTokeniser'
2010-04-29 12:00:36,340 [main] INFO  ModuleRegistry Now initiating mary module 'marytts.modules.DummyTokens2Words'
2010-04-29 12:00:36,340 [main] INFO  ModuleRegistry Now initiating mary module 'marytts.modules.ProsodyGeneric'
2010-04-29 12:00:36,340 [main] INFO  ModuleRegistry Now initiating mary module 'marytts.modules.PronunciationModel'
2010-04-29 12:00:36,340 [main] INFO  ModuleRegistry Now initiating mary module 'marytts.modules.TargetFeatureLister'
2010-04-29 12:00:36,341 [main] INFO  ModuleRegistry Now initiating mary module 'marytts.modules.HalfPhoneTargetFeatureLister'
2010-04-29 12:00:36,341 [main] INFO  ModuleRegistry Now initiating mary module 'marytts.modules.DummyAllophones2AcoustParams'
2010-04-29 12:00:36,342 [main] INFO  ModuleRegistry Now initiating mary module 'marytts.modules.RealisedAcoustparamsExtractor'
2010-04-29 12:00:36,342 [main] INFO  ModuleRegistry Now initiating mary module 'marytts.modules.RealisedDurationsExtractor'
2010-04-29 12:00:36,342 [main] INFO  ModuleRegistry Now initiating mary module 'marytts.modules.HTSEngine'
2010-04-29 12:00:36,347 [main] INFO  JTokeniser Module started (RAWMARYXML->TOKENS, locale en).
2010-04-29 12:00:36,352 [main] INFO  de.dfki.lt.tools.tokenizer.JTok loading language resources for en
2010-04-29 12:00:36,375 [main] INFO  de.dfki.lt.tools.tokenizer.JTok loading language resources for de
2010-04-29 12:00:36,397 [main] INFO  JTokeniser Starting power-on self test.
2010-04-29 12:00:36,400 [main] INFO  JTokeniser Power-on self test complete.
2010-04-29 12:00:36,400 [main] INFO  TokenToWords Module started (FREETTS_TOKENS->FREETTS_WORDS, locale en).
2010-04-29 12:00:36,401 [main] INFO  FreeTTSVoices Loading US English FreeTTS voices...
2010-04-29 12:00:36,404 [main] INFO  FreeTTSVoices done.
2010-04-29 12:00:36,421 [main] INFO  TokenToWords Starting power-on self test.
2010-04-29 12:00:36,421 [main] INFO  TokenToWords Power-on self test complete.
2010-04-29 12:00:36,421 [main] INFO  JPhonemiser Module started (PARTSOFSPEECH->PHONEMES, locale en_US).
2010-04-29 12:00:36,421 [main] INFO  JPhonemiser Starting power-on self test.
2010-04-29 12:00:36,421 [main] INFO  JPhonemiser Power-on self test complete.
2010-04-29 12:00:36,461 [main] INFO  Prosody    Module started (PHONEMES->INTONATION, locale en).
2010-04-29 12:00:36,462 [main] INFO  Prosody    Starting power-on self test.
2010-04-29 12:00:36,462 [main] INFO  Prosody    Power-on self test complete.
2010-04-29 12:00:36,463 [main] INFO  SimplePhoneme2AP Module started (SIMPLEPHONEMES->ACOUSTPARAMS, locale en_US).
2010-04-29 12:00:36,463 [main] INFO  SimplePhoneme2AP Starting power-on self test.
2010-04-29 12:00:36,465 [main] INFO  SimplePhoneme2AP Power-on self test complete.
2010-04-29 12:00:36,466 [main] INFO  Utt2XML TokensEn Module started (FREETTS_TOKENS->TOKENS, locale en).
2010-04-29 12:00:36,466 [main] INFO  FreeTTSVoices Loading US English FreeTTS voices...
2010-04-29 12:00:36,466 [main] INFO  FreeTTSVoices done.
2010-04-29 12:00:36,466 [main] INFO  Utt2XML TokensEn Starting power-on self test.
2010-04-29 12:00:36,466 [main] INFO  Utt2XML TokensEn Power-on self test complete.
2010-04-29 12:00:36,467 [main] INFO  Utt2XML WordsEn Module started (FREETTS_WORDS->WORDS, locale en).
2010-04-29 12:00:36,467 [main] INFO  FreeTTSVoices Loading US English FreeTTS voices...
2010-04-29 12:00:36,467 [main] INFO  FreeTTSVoices done.
2010-04-29 12:00:36,467 [main] INFO  Utt2XML WordsEn Starting power-on self test.
2010-04-29 12:00:36,467 [main] INFO  Utt2XML WordsEn Power-on self test complete.
2010-04-29 12:00:36,468 [main] INFO  Utt2XML PosEn Module started (FREETTS_POS->PARTSOFSPEECH, locale en).
2010-04-29 12:00:36,468 [main] INFO  FreeTTSVoices Loading US English FreeTTS voices...
2010-04-29 12:00:36,468 [main] INFO  FreeTTSVoices done.
2010-04-29 12:00:36,468 [main] INFO  Utt2XML PosEn Starting power-on self test.
2010-04-29 12:00:36,468 [main] INFO  Utt2XML PosEn Power-on self test complete.
2010-04-29 12:00:36,469 [main] INFO  Utt2XML SegmentsEn Module started (FREETTS_SEGMENTS->PHONEMES, locale en).
2010-04-29 12:00:36,469 [main] INFO  FreeTTSVoices Loading US English FreeTTS voices...
2010-04-29 12:00:36,469 [main] INFO  FreeTTSVoices done.
2010-04-29 12:00:36,469 [main] INFO  Utt2XML SegmentsEn Starting power-on self test.
2010-04-29 12:00:36,469 [main] INFO  Utt2XML SegmentsEn Power-on self test complete.
2010-04-29 12:00:36,469 [main] INFO  XML2Utt TokensEn Module started (TOKENS->FREETTS_TOKENS, locale en).
2010-04-29 12:00:36,469 [main] INFO  FreeTTSVoices Loading US English FreeTTS voices...
2010-04-29 12:00:36,469 [main] INFO  FreeTTSVoices done.
2010-04-29 12:00:36,469 [main] INFO  XML2Utt TokensEn Starting power-on self test.
2010-04-29 12:00:36,469 [main] INFO  XML2Utt TokensEn Power-on self test complete.
2010-04-29 12:00:36,469 [main] INFO  XML2Utt WordsEn Module started (WORDS->FREETTS_WORDS, locale en).
2010-04-29 12:00:36,469 [main] INFO  FreeTTSVoices Loading US English FreeTTS voices...
2010-04-29 12:00:36,469 [main] INFO  FreeTTSVoices done.
2010-04-29 12:00:36,469 [main] INFO  XML2Utt WordsEn Starting power-on self test.
2010-04-29 12:00:36,470 [main] INFO  XML2Utt WordsEn Power-on self test complete.
2010-04-29 12:00:36,470 [main] INFO  XML2Utt PosEn Module started (PARTSOFSPEECH->FREETTS_POS, locale en).
2010-04-29 12:00:36,470 [main] INFO  FreeTTSVoices Loading US English FreeTTS voices...
2010-04-29 12:00:36,470 [main] INFO  FreeTTSVoices done.
2010-04-29 12:00:36,470 [main] INFO  XML2Utt PosEn Starting power-on self test.
2010-04-29 12:00:36,470 [main] INFO  XML2Utt PosEn Power-on self test complete.
2010-04-29 12:00:36,470 [main] INFO  PronunciationModel Module started (INTONATION->ALLOPHONES, locale en).
2010-04-29 12:00:36,470 [main] INFO  PronunciationModel Starting power-on self test.
2010-04-29 12:00:36,470 [main] INFO  PronunciationModel Power-on self test complete.
2010-04-29 12:00:36,470 [main] INFO  OpenNLPPosTagger Module started (WORDS->PARTSOFSPEECH, locale en).
2010-04-29 12:00:37,516 [main] INFO  OpenNLPPosTagger Starting power-on self test.
2010-04-29 12:00:37,529 [main] INFO  OpenNLPPosTagger Power-on self test complete.
2010-04-29 12:00:37,529 [main] INFO  MbrolaCaller Module started (MBROLA->AUDIO, locale null).
2010-04-29 12:00:37,529 [main] INFO  MaryXMLToMbrola Module started (ACOUSTPARAMS->MBROLA, locale null).
2010-04-29 12:00:37,532 [main] INFO  Voice      Registering voice `us1': female, locale en_US
2010-04-29 12:00:37,543 [main] INFO  Voice      New default voice for locale en_US: us1 (desire 50)
2010-04-29 12:00:37,543 [main] INFO  Voice      Registering voice `us3': male, locale en_US
2010-04-29 12:00:37,544 [main] INFO  MbrolaSynthesizer started.
2010-04-29 12:00:37,545 [main] INFO  UnitSelectionSynthesizer started.
2010-04-29 12:00:37,559 [main] INFO  TargetFeatureLister Module started (ACOUSTPARAMS->TARGETFEATURES, locale null).
2010-04-29 12:00:37,559 [main] INFO  HTSEngine  Module started (TARGETFEATURES->AUDIO, locale null).
2010-04-29 12:00:37,816 [main] INFO  HMMVoice   Loading Mixed Excitation Filters File:
2010-04-29 12:00:37,870 [main] INFO  HMMVoice   Loading Tree Set in CARTs:
2010-04-29 12:00:37,871 [main] INFO  PhoneTranslator loading tricky phones from file: /home/czikus/CurCode/CogXSS10Orange/tools/mary/lib/voices/cmu-slt-hsmm/trickyPhones.txt
2010-04-29 12:00:37,872 [main] INFO  PhoneTranslator   @ -->  en1
2010-04-29 12:00:37,872 [main] INFO  PhoneTranslator   @U -->  en2
2010-04-29 12:00:37,872 [main] INFO  PhoneTranslator   _ -->  en3
2010-04-29 12:00:37,872 [main] INFO  PhoneTranslator   r= -->  en4
2010-04-29 12:00:37,872 [main] INFO  PhoneTranslator   { -->  en5
2010-04-29 12:00:37,872 [main] INFO  HTSCARTReader loadPdfs reading: /home/czikus/CurCode/CogXSS10Orange/tools/mary/lib/voices/cmu-slt-hsmm/dur.pdf
2010-04-29 12:00:37,872 [main] INFO  HTSCARTReader loadPdfs: numPdf[state:0]=545
2010-04-29 12:00:37,873 [main] INFO  HTSCARTReader load: reading /home/czikus/CurCode/CogXSS10Orange/tools/mary/lib/voices/cmu-slt-hsmm/tree-dur.inf
2010-04-29 12:00:37,900 [main] INFO  HTSCARTReader loadStateTree: loaded CART contains 544 Decision nodes and 545 Leaf nodes.
2010-04-29 12:00:37,901 [main] INFO  HTSCARTReader load: CART[0], total number of nodes in this CART: 1089
2010-04-29 12:00:37,901 [main] INFO  HTSCARTReader loadPdfs reading: /home/czikus/CurCode/CogXSS10Orange/tools/mary/lib/voices/cmu-slt-hsmm/lf0.pdf
2010-04-29 12:00:37,901 [main] INFO  HTSCARTReader loadPdfs: numPdf[state:0]=411
2010-04-29 12:00:37,902 [main] INFO  HTSCARTReader loadPdfs: numPdf[state:1]=410
2010-04-29 12:00:37,902 [main] INFO  HTSCARTReader loadPdfs: numPdf[state:2]=624
2010-04-29 12:00:37,902 [main] INFO  HTSCARTReader loadPdfs: numPdf[state:3]=401
2010-04-29 12:00:37,902 [main] INFO  HTSCARTReader loadPdfs: numPdf[state:4]=330
2010-04-29 12:00:37,921 [main] INFO  HTSCARTReader load: reading /home/czikus/CurCode/CogXSS10Orange/tools/mary/lib/voices/cmu-slt-hsmm/tree-lf0.inf
2010-04-29 12:00:37,928 [main] INFO  HTSCARTReader loadStateTree: loaded CART contains 410 Decision nodes and 411 Leaf nodes.
2010-04-29 12:00:37,929 [main] INFO  HTSCARTReader load: CART[0], total number of nodes in this CART: 821
2010-04-29 12:00:37,963 [main] INFO  HTSCARTReader loadStateTree: loaded CART contains 409 Decision nodes and 410 Leaf nodes.
2010-04-29 12:00:37,963 [main] INFO  HTSCARTReader load: CART[1], total number of nodes in this CART: 819
2010-04-29 12:00:37,997 [main] INFO  HTSCARTReader loadStateTree: loaded CART contains 623 Decision nodes and 624 Leaf nodes.
2010-04-29 12:00:37,997 [main] INFO  HTSCARTReader load: CART[2], total number of nodes in this CART: 1247
2010-04-29 12:00:38,004 [main] INFO  HTSCARTReader loadStateTree: loaded CART contains 400 Decision nodes and 401 Leaf nodes.
2010-04-29 12:00:38,004 [main] INFO  HTSCARTReader load: CART[3], total number of nodes in this CART: 801
2010-04-29 12:00:38,009 [main] INFO  HTSCARTReader loadStateTree: loaded CART contains 329 Decision nodes and 330 Leaf nodes.
2010-04-29 12:00:38,009 [main] INFO  HTSCARTReader load: CART[4], total number of nodes in this CART: 659
2010-04-29 12:00:38,026 [main] INFO  HTSCARTReader loadPdfs reading: /home/czikus/CurCode/CogXSS10Orange/tools/mary/lib/voices/cmu-slt-hsmm/mgc.pdf
2010-04-29 12:00:38,027 [main] INFO  HTSCARTReader loadPdfs: numPdf[state:0]=247
2010-04-29 12:00:38,027 [main] INFO  HTSCARTReader loadPdfs: numPdf[state:1]=221
2010-04-29 12:00:38,027 [main] INFO  HTSCARTReader loadPdfs: numPdf[state:2]=313
2010-04-29 12:00:38,027 [main] INFO  HTSCARTReader loadPdfs: numPdf[state:3]=302
2010-04-29 12:00:38,028 [main] INFO  HTSCARTReader loadPdfs: numPdf[state:4]=227
2010-04-29 12:00:38,111 [main] INFO  HTSCARTReader load: reading /home/czikus/CurCode/CogXSS10Orange/tools/mary/lib/voices/cmu-slt-hsmm/tree-mgc.inf
2010-04-29 12:00:38,114 [main] INFO  HTSCARTReader loadStateTree: loaded CART contains 246 Decision nodes and 247 Leaf nodes.
2010-04-29 12:00:38,115 [main] INFO  HTSCARTReader load: CART[0], total number of nodes in this CART: 493
2010-04-29 12:00:38,118 [main] INFO  HTSCARTReader loadStateTree: loaded CART contains 220 Decision nodes and 221 Leaf nodes.
2010-04-29 12:00:38,118 [main] INFO  HTSCARTReader load: CART[1], total number of nodes in this CART: 441
2010-04-29 12:00:38,123 [main] INFO  HTSCARTReader loadStateTree: loaded CART contains 312 Decision nodes and 313 Leaf nodes.
2010-04-29 12:00:38,123 [main] INFO  HTSCARTReader load: CART[2], total number of nodes in this CART: 625
2010-04-29 12:00:38,179 [main] INFO  HTSCARTReader loadStateTree: loaded CART contains 301 Decision nodes and 302 Leaf nodes.
2010-04-29 12:00:38,179 [main] INFO  HTSCARTReader load: CART[3], total number of nodes in this CART: 603
2010-04-29 12:00:38,183 [main] INFO  HTSCARTReader loadStateTree: loaded CART contains 226 Decision nodes and 227 Leaf nodes.
2010-04-29 12:00:38,183 [main] INFO  HTSCARTReader load: CART[4], total number of nodes in this CART: 453
2010-04-29 12:00:38,183 [main] INFO  HTSCARTReader loadPdfs reading: /home/czikus/CurCode/CogXSS10Orange/tools/mary/lib/voices/cmu-slt-hsmm/str.pdf
2010-04-29 12:00:38,183 [main] INFO  HTSCARTReader loadPdfs: numPdf[state:0]=173
2010-04-29 12:00:38,184 [main] INFO  HTSCARTReader loadPdfs: numPdf[state:1]=182
2010-04-29 12:00:38,184 [main] INFO  HTSCARTReader loadPdfs: numPdf[state:2]=178
2010-04-29 12:00:38,184 [main] INFO  HTSCARTReader loadPdfs: numPdf[state:3]=169
2010-04-29 12:00:38,184 [main] INFO  HTSCARTReader loadPdfs: numPdf[state:4]=151
2010-04-29 12:00:38,201 [main] INFO  HTSCARTReader load: reading /home/czikus/CurCode/CogXSS10Orange/tools/mary/lib/voices/cmu-slt-hsmm/tree-str.inf
2010-04-29 12:00:38,204 [main] INFO  HTSCARTReader loadStateTree: loaded CART contains 172 Decision nodes and 173 Leaf nodes.
2010-04-29 12:00:38,204 [main] INFO  HTSCARTReader load: CART[0], total number of nodes in this CART: 345
2010-04-29 12:00:38,229 [main] INFO  HTSCARTReader loadStateTree: loaded CART contains 181 Decision nodes and 182 Leaf nodes.
2010-04-29 12:00:38,229 [main] INFO  HTSCARTReader load: CART[1], total number of nodes in this CART: 363
2010-04-29 12:00:38,232 [main] INFO  HTSCARTReader loadStateTree: loaded CART contains 177 Decision nodes and 178 Leaf nodes.
2010-04-29 12:00:38,232 [main] INFO  HTSCARTReader load: CART[2], total number of nodes in this CART: 355
2010-04-29 12:00:38,235 [main] INFO  HTSCARTReader loadStateTree: loaded CART contains 168 Decision nodes and 169 Leaf nodes.
2010-04-29 12:00:38,235 [main] INFO  HTSCARTReader load: CART[3], total number of nodes in this CART: 337
2010-04-29 12:00:38,238 [main] INFO  HTSCARTReader loadStateTree: loaded CART contains 150 Decision nodes and 151 Leaf nodes.
2010-04-29 12:00:38,238 [main] INFO  HTSCARTReader load: CART[4], total number of nodes in this CART: 301
2010-04-29 12:00:38,238 [main] INFO  HTSCARTReader loadPdfs reading: /home/czikus/CurCode/CogXSS10Orange/tools/mary/lib/voices/cmu-slt-hsmm/mag.pdf
2010-04-29 12:00:38,238 [main] INFO  HTSCARTReader loadPdfs: numPdf[state:0]=263
2010-04-29 12:00:38,238 [main] INFO  HTSCARTReader loadPdfs: numPdf[state:1]=263
2010-04-29 12:00:38,238 [main] INFO  HTSCARTReader loadPdfs: numPdf[state:2]=452
2010-04-29 12:00:38,238 [main] INFO  HTSCARTReader loadPdfs: numPdf[state:3]=288
2010-04-29 12:00:38,238 [main] INFO  HTSCARTReader loadPdfs: numPdf[state:4]=221
2010-04-29 12:00:38,289 [main] INFO  HTSCARTReader load: reading /home/czikus/CurCode/CogXSS10Orange/tools/mary/lib/voices/cmu-slt-hsmm/tree-mag.inf
2010-04-29 12:00:38,292 [main] INFO  HTSCARTReader loadStateTree: loaded CART contains 262 Decision nodes and 263 Leaf nodes.
2010-04-29 12:00:38,292 [main] INFO  HTSCARTReader load: CART[0], total number of nodes in this CART: 525
2010-04-29 12:00:38,295 [main] INFO  HTSCARTReader loadStateTree: loaded CART contains 262 Decision nodes and 263 Leaf nodes.
2010-04-29 12:00:38,295 [main] INFO  HTSCARTReader load: CART[1], total number of nodes in this CART: 525
2010-04-29 12:00:38,301 [main] INFO  HTSCARTReader loadStateTree: loaded CART contains 451 Decision nodes and 452 Leaf nodes.
2010-04-29 12:00:38,302 [main] INFO  HTSCARTReader load: CART[2], total number of nodes in this CART: 903
2010-04-29 12:00:38,305 [main] INFO  HTSCARTReader loadStateTree: loaded CART contains 287 Decision nodes and 288 Leaf nodes.
2010-04-29 12:00:38,305 [main] INFO  HTSCARTReader load: CART[3], total number of nodes in this CART: 575
2010-04-29 12:00:38,322 [main] INFO  HTSCARTReader loadStateTree: loaded CART contains 220 Decision nodes and 221 Leaf nodes.
2010-04-29 12:00:38,323 [main] INFO  HTSCARTReader load: CART[4], total number of nodes in this CART: 441
2010-04-29 12:00:38,323 [main] INFO  HMMVoice   Loading GV Model Set:
2010-04-29 12:00:38,323 [main] INFO  GVModelSet LoadGVModelSet reading: /home/czikus/CurCode/CogXSS10Orange/tools/mary/lib/voices/cmu-slt-hsmm/gv-mgc-littend.pdf
2010-04-29 12:00:38,323 [main] INFO  GVModelSet LoadGVModelSet reading: /home/czikus/CurCode/CogXSS10Orange/tools/mary/lib/voices/cmu-slt-hsmm/gv-lf0-littend.pdf
2010-04-29 12:00:38,323 [main] INFO  Voice      Registering voice `cmu-slt-hsmm': female, locale en_US
2010-04-29 12:00:38,323 [main] INFO  HMMSynthesizer started.
2010-04-29 12:00:38,324 [main] INFO  Synthesis  Module started (ACOUSTPARAMS->AUDIO, locale null).
2010-04-29 12:00:38,324 [main] INFO  MbrolaSynthesizer Starting power-on self test.
2010-04-29 12:00:38,330 [main] INFO  MbrolaCaller Starting Synthesis with command: /home/czikus/CurCode/CogXSS10Orange/tools/mary/bin/mbrola-linux-i386 -e /home/czikus/CurCode/CogXSS10Orange/tools/mary/lib/voices/us1/us1 - -.raw
2010-04-29 12:00:38,344 [main] INFO  MbrolaCaller Writing to module.
2010-04-29 12:00:38,346 [main reader] INFO  Audio reader Finished reading.
2010-04-29 12:00:38,346 [main] INFO  MbrolaCaller Conversion required for voice us1
2010-04-29 12:00:38,349 [main] WARN  MbrolaCaller Conversion to audio format PCM_SIGNED 22050.0 Hz, 16 bit, mono, 2 bytes/frame, big-endian not supported. Providing voice default instead: PCM_SIGNED 16000.0 Hz, 16 bit, mono, 2 bytes/frame, little-endian
2010-04-29 12:00:38,349 [main] INFO  MbrolaSynthesizer Power-on self test complete.
2010-04-29 12:00:38,349 [main] INFO  HMMSynthesizer Starting power-on self test.
2010-04-29 12:00:38,378 [main] INFO  HTSEngine  Using external prosody for duration: using phone alignment for duration from ContinuousFeatureProcessors.
2010-04-29 12:00:38,386 [main] INFO  HTSEngine  Number of models in sentence numModel=8  Total number of states numState=40
2010-04-29 12:00:38,386 [main] INFO  HTSEngine  Total number of frames=152  Number of voiced frames=91
2010-04-29 12:00:38,395 [main] INFO  ParameterGeneration Parameter generation for MCEP: 
2010-04-29 12:00:38,493 [main] INFO  ParameterGeneration Parameter generation for LF0: 
2010-04-29 12:00:38,494 [main] INFO  ParameterGeneration Using external prosody for lf0: using unit_logf0 and unit_logF0delta from ContinuousFeatureProcessors.
2010-04-29 12:00:38,515 [main] INFO  ParameterGeneration Parameter generation for STR 
2010-04-29 12:00:38,516 [main] INFO  ParameterGeneration Parameter generation for MAG 
2010-04-29 12:00:38,517 [main] INFO  Vocoder    HMM speech generation with mixed-excitation.
2010-04-29 12:00:38,517 [main] INFO  Vocoder    Pulse generated with Fourier Magnitudes.
2010-04-29 12:00:38,517 [main] INFO  Vocoder    No postfiltering applied.
2010-04-29 12:00:38,708 [main] INFO  Vocoder    Finish processing 152 mcep frames.
2010-04-29 12:00:38,708 [main] INFO  Vocoder    length in samples=12160
2010-04-29 12:00:38,711 [main] INFO  HMMSynthesizer Power-on self test complete.
2010-04-29 12:00:38,712 [main] INFO  TextToMaryXML Module started (TEXT->RAWMARYXML, locale null).
2010-04-29 12:00:38,712 [main] INFO  TextToMaryXML Starting power-on self test.
2010-04-29 12:00:38,712 [main] INFO  TextToMaryXML Power-on self test complete.
2010-04-29 12:00:38,934 [main] INFO  SableParser Module started (SABLE->RAWMARYXML, locale null).
2010-04-29 12:00:38,934 [main] INFO  SableParser Starting power-on self test.
2010-04-29 12:00:38,934 [main] INFO  SableParser Power-on self test complete.
2010-04-29 12:00:39,087 [main] INFO  SSMLParser Module started (SSML->RAWMARYXML, locale null).
2010-04-29 12:00:39,087 [main] INFO  SSMLParser Starting power-on self test.
2010-04-29 12:00:39,087 [main] INFO  SSMLParser Power-on self test complete.
2010-04-29 12:00:39,174 [main] INFO  APMLParser Module started (APML->RAWMARYXML, locale null).
2010-04-29 12:00:39,174 [main] INFO  APMLParser Starting power-on self test.
2010-04-29 12:00:39,174 [main] INFO  APMLParser Power-on self test complete.
2010-04-29 12:00:39,174 [main] INFO  JTokeniser Module started (RAWMARYXML->TOKENS, locale null).
2010-04-29 12:00:39,174 [main] INFO  de.dfki.lt.tools.tokenizer.JTok loading language resources for en
2010-04-29 12:00:39,185 [main] INFO  de.dfki.lt.tools.tokenizer.JTok loading language resources for de
2010-04-29 12:00:39,205 [main] INFO  JTokeniser Starting power-on self test.
2010-04-29 12:00:39,205 [main] INFO  JTokeniser Power-on self test complete.
2010-04-29 12:00:39,205 [main] INFO  DummyTokens2Words Module started (TOKENS->WORDS, locale null).
2010-04-29 12:00:39,205 [main] INFO  DummyTokens2Words Starting power-on self test.
2010-04-29 12:00:39,205 [main] INFO  DummyTokens2Words Power-on self test complete.
2010-04-29 12:00:39,211 [main] INFO  Prosody    Module started (PHONEMES->INTONATION, locale null).
2010-04-29 12:00:39,211 [main] INFO  Prosody    Starting power-on self test.
2010-04-29 12:00:39,211 [main] INFO  Prosody    Power-on self test complete.
2010-04-29 12:00:39,211 [main] INFO  PronunciationModel Module started (INTONATION->ALLOPHONES, locale null).
2010-04-29 12:00:39,211 [main] INFO  PronunciationModel Starting power-on self test.
2010-04-29 12:00:39,211 [main] INFO  PronunciationModel Power-on self test complete.
2010-04-29 12:00:39,211 [main] INFO  TargetFeatureLister Starting power-on self test.
2010-04-29 12:00:39,211 [main] INFO  TargetFeatureLister Power-on self test complete.
2010-04-29 12:00:39,211 [main] INFO  TargetFeatureLister Module started (ACOUSTPARAMS->HALFPHONE_TARGETFEATURES, locale null).
2010-04-29 12:00:39,211 [main] INFO  TargetFeatureLister Starting power-on self test.
2010-04-29 12:00:39,211 [main] INFO  TargetFeatureLister Power-on self test complete.
2010-04-29 12:00:39,211 [main] INFO  DummyAllophones2AcoustParams Module started (ALLOPHONES->ACOUSTPARAMS, locale null).
2010-04-29 12:00:39,211 [main] INFO  DummyAllophones2AcoustParams Starting power-on self test.
2010-04-29 12:00:39,212 [main] INFO  DummyAllophones2AcoustParams Power-on self test complete.
2010-04-29 12:00:39,212 [main] INFO  Realised acoustparams extractor Module started (AUDIO->REALISED_ACOUSTPARAMS, locale null).
2010-04-29 12:00:39,212 [main] INFO  Realised acoustparams extractor Starting power-on self test.
2010-04-29 12:00:39,212 [main] INFO  Realised acoustparams extractor Power-on self test complete.
2010-04-29 12:00:39,212 [main] INFO  Realised durations extractor Module started (AUDIO->REALISED_DURATIONS, locale null).
2010-04-29 12:00:39,212 [main] INFO  Realised durations extractor Starting power-on self test.
2010-04-29 12:00:39,212 [main] INFO  Realised durations extractor Power-on self test complete.
2010-04-29 12:00:39,212 [main] INFO  main       Startup complete.
2010-04-29 12:00:39,255 [main] INFO  server     Starting server.
2010-04-29 12:00:39,260 [main] INFO  server     Waiting for client to connect on port 59125
2010-04-29 12:01:34,579 [main] INFO  server     Connection from localhost (127.0.0.1).
2010-04-29 12:01:34,582 [main] INFO  server     Waiting for client to connect on port 59125
2010-04-29 12:01:34,587 [pool-1-thread-1] INFO  R 1        New request (input type "TEXT", output type "AUDIO", voice "us1", audio "WAVE")
2010-04-29 12:01:34,588 [main] INFO  server     Connection from localhost (127.0.0.1).
2010-04-29 12:01:34,588 [main] INFO  server     Waiting for client to connect on port 59125
2010-04-29 12:01:34,592 [RH 1] INFO  RH 1       Read:
This is an announcement

2010-04-29 12:01:34,592 [RH 1] WARN  Voice      Module marytts.modules.KlattDurationModeller(en_US) is not in the standard list of modules -- will start our own, but will not be able to shut it down at the end.
2010-04-29 12:01:34,592 [RH 1] INFO  ModuleRegistry Now initiating mary module 'marytts.modules.KlattDurationModeller(en_US)'
2010-04-29 12:01:34,594 [RH 1] INFO  KlattDurationModeller Module started (ALLOPHONES->DURATIONS, locale en_US).
2010-04-29 12:01:34,602 [RH 1] WARN  Voice      Module marytts.modules.TobiContourGenerator(en_US) is not in the standard list of modules -- will start our own, but will not be able to shut it down at the end.
2010-04-29 12:01:34,602 [RH 1] INFO  ModuleRegistry Now initiating mary module 'marytts.modules.TobiContourGenerator(en_US)'
2010-04-29 12:01:34,605 [RH 1] INFO  ContourGenerator Module started (DURATIONS->ACOUSTPARAMS, locale en_US).
2010-04-29 12:01:34,612 [RH 1] INFO  R 1        Handling request using the following modules:
2010-04-29 12:01:34,618 [RH 1] INFO  R 1        - TextToMaryXML (marytts.modules.TextToMaryXML)
2010-04-29 12:01:34,618 [RH 1] INFO  R 1        Next module: TextToMaryXML
2010-04-29 12:01:34,619 [RH 1] INFO  R 1        Handling request using the following modules:
2010-04-29 12:01:34,619 [RH 1] INFO  R 1        - JTokeniser (marytts.language.en.JTokeniser)
2010-04-29 12:01:34,619 [RH 1] INFO  R 1        - XML2Utt TokensEn (marytts.language.en.XML2UttTokensEn)
2010-04-29 12:01:34,619 [RH 1] INFO  R 1        - TokenToWords (marytts.language.en.FreeTTSTokenToWords)
2010-04-29 12:01:34,619 [RH 1] INFO  R 1        - Utt2XML WordsEn (marytts.language.en.Utt2XMLWordsEn)
2010-04-29 12:01:34,619 [RH 1] INFO  R 1        - OpenNLPPosTagger (marytts.modules.OpenNLPPosTagger)
2010-04-29 12:01:34,619 [RH 1] INFO  R 1        - JPhonemiser (marytts.modules.JPhonemiser)
2010-04-29 12:01:34,619 [RH 1] INFO  R 1        - Prosody (marytts.language.en.Prosody)
2010-04-29 12:01:34,619 [RH 1] INFO  R 1        - PronunciationModel (marytts.language.en.PronunciationModel)
2010-04-29 12:01:34,619 [RH 1] INFO  R 1        - KlattDurationModeller (marytts.modules.KlattDurationModeller)
2010-04-29 12:01:34,619 [RH 1] INFO  R 1        - ContourGenerator (marytts.modules.TobiContourGenerator)
2010-04-29 12:01:34,619 [RH 1] INFO  R 1        - MaryXMLToMbrola (marytts.modules.MaryXMLToMbrola)
2010-04-29 12:01:34,619 [RH 1] INFO  R 1        - MbrolaCaller (marytts.modules.MbrolaCaller)
2010-04-29 12:01:34,619 [RH 1] INFO  R 1        Next module: JTokeniser
2010-04-29 12:01:34,621 [RH 1] INFO  R 1        Next module: XML2Utt TokensEn
2010-04-29 12:01:34,624 [RH 1] INFO  R 1        Next module: TokenToWords
2010-04-29 12:01:34,624 [RH 1] INFO  R 1        Next module: Utt2XML WordsEn
2010-04-29 12:01:34,625 [RH 1] INFO  R 1        Next module: OpenNLPPosTagger
2010-04-29 12:01:34,627 [RH 1] INFO  R 1        Next module: JPhonemiser
2010-04-29 12:01:34,629 [RH 1] INFO  R 1        Next module: Prosody
2010-04-29 12:01:34,633 [RH 1] INFO  R 1        Next module: PronunciationModel
2010-04-29 12:01:34,633 [RH 1] INFO  R 1        Next module: KlattDurationModeller
2010-04-29 12:01:34,637 [RH 1] INFO  R 1        Next module: ContourGenerator
2010-04-29 12:01:34,640 [RH 1] INFO  R 1        Next module: MaryXMLToMbrola
2010-04-29 12:01:34,640 [RH 1] INFO  R 1        Next module: MbrolaCaller
2010-04-29 12:01:34,640 [RH 1] INFO  MbrolaCaller Starting Synthesis with command: /home/czikus/CurCode/CogXSS10Orange/tools/mary/bin/mbrola-linux-i386 -e /home/czikus/CurCode/CogXSS10Orange/tools/mary/lib/voices/us1/us1 - -.raw
2010-04-29 12:01:34,662 [RH 1] INFO  MbrolaCaller Writing to module.
2010-04-29 12:01:34,663 [RH 1 reader] INFO  Audio reader Finished reading.
2010-04-29 12:01:34,665 [RH 1] INFO  R 1        Request processed in 73 ms.
2010-04-29 12:01:34,665 [RH 1] INFO  R 1           TextToMaryXML took 0 ms
2010-04-29 12:01:34,666 [RH 1] INFO  R 1           JTokeniser took 2 ms
2010-04-29 12:01:34,666 [RH 1] INFO  R 1           XML2Utt TokensEn took 3 ms
2010-04-29 12:01:34,666 [RH 1] INFO  R 1           TokenToWords took 0 ms
2010-04-29 12:01:34,666 [RH 1] INFO  R 1           Utt2XML WordsEn took 1 ms
2010-04-29 12:01:34,666 [RH 1] INFO  R 1           OpenNLPPosTagger took 2 ms
2010-04-29 12:01:34,666 [RH 1] INFO  R 1           JPhonemiser took 2 ms
2010-04-29 12:01:34,666 [RH 1] INFO  R 1           Prosody took 4 ms
2010-04-29 12:01:34,666 [RH 1] INFO  R 1           PronunciationModel took 0 ms
2010-04-29 12:01:34,666 [RH 1] INFO  R 1           KlattDurationModeller took 4 ms
2010-04-29 12:01:34,666 [RH 1] INFO  R 1           ContourGenerator took 3 ms
2010-04-29 12:01:34,666 [RH 1] INFO  R 1           MaryXMLToMbrola took 0 ms
2010-04-29 12:01:34,666 [RH 1] INFO  R 1           MbrolaCaller took 25 ms
2010-04-29 12:01:34,699 [RH 1] INFO  RH 1       Request handled successfully.
2010-04-29 12:02:23,099 [main] INFO  server     Connection from localhost (127.0.0.1).
2010-04-29 12:02:23,099 [main] INFO  server     Waiting for client to connect on port 59125
2010-04-29 12:02:23,099 [pool-1-thread-1] INFO  R 2        New request (input type "TEXT", output type "AUDIO", voice "us1", audio "WAVE")
2010-04-29 12:02:23,129 [main] INFO  server     Connection from localhost (127.0.0.1).
2010-04-29 12:02:23,129 [main] INFO  server     Waiting for client to connect on port 59125
2010-04-29 12:02:23,138 [RH 2] INFO  RH 2       Read:
This is an announcement

2010-04-29 12:02:23,138 [RH 2] INFO  R 2        Handling request using the following modules:
2010-04-29 12:02:23,139 [RH 2] INFO  R 2        - TextToMaryXML (marytts.modules.TextToMaryXML)
2010-04-29 12:02:23,139 [RH 2] INFO  R 2        Next module: TextToMaryXML
2010-04-29 12:02:23,140 [RH 2] INFO  R 2        Handling request using the following modules:
2010-04-29 12:02:23,140 [RH 2] INFO  R 2        - JTokeniser (marytts.language.en.JTokeniser)
2010-04-29 12:02:23,140 [RH 2] INFO  R 2        - XML2Utt TokensEn (marytts.language.en.XML2UttTokensEn)
2010-04-29 12:02:23,140 [RH 2] INFO  R 2        - TokenToWords (marytts.language.en.FreeTTSTokenToWords)
2010-04-29 12:02:23,140 [RH 2] INFO  R 2        - Utt2XML WordsEn (marytts.language.en.Utt2XMLWordsEn)
2010-04-29 12:02:23,140 [RH 2] INFO  R 2        - OpenNLPPosTagger (marytts.modules.OpenNLPPosTagger)
2010-04-29 12:02:23,140 [RH 2] INFO  R 2        - JPhonemiser (marytts.modules.JPhonemiser)
2010-04-29 12:02:23,140 [RH 2] INFO  R 2        - Prosody (marytts.language.en.Prosody)
2010-04-29 12:02:23,140 [RH 2] INFO  R 2        - PronunciationModel (marytts.language.en.PronunciationModel)
2010-04-29 12:02:23,140 [RH 2] INFO  R 2        - KlattDurationModeller (marytts.modules.KlattDurationModeller)
2010-04-29 12:02:23,140 [RH 2] INFO  R 2        - ContourGenerator (marytts.modules.TobiContourGenerator)
2010-04-29 12:02:23,140 [RH 2] INFO  R 2        - MaryXMLToMbrola (marytts.modules.MaryXMLToMbrola)
2010-04-29 12:02:23,140 [RH 2] INFO  R 2        - MbrolaCaller (marytts.modules.MbrolaCaller)
2010-04-29 12:02:23,140 [RH 2] INFO  R 2        Next module: JTokeniser
2010-04-29 12:02:23,140 [RH 2] INFO  R 2        Next module: XML2Utt TokensEn
2010-04-29 12:02:23,141 [RH 2] INFO  R 2        Next module: TokenToWords
2010-04-29 12:02:23,141 [RH 2] INFO  R 2        Next module: Utt2XML WordsEn
2010-04-29 12:02:23,141 [RH 2] INFO  R 2        Next module: OpenNLPPosTagger
2010-04-29 12:02:23,142 [RH 2] INFO  R 2        Next module: JPhonemiser
2010-04-29 12:02:23,144 [RH 2] INFO  R 2        Next module: Prosody
2010-04-29 12:02:23,165 [RH 2] INFO  R 2        Next module: PronunciationModel
2010-04-29 12:02:23,166 [RH 2] INFO  R 2        Next module: KlattDurationModeller
2010-04-29 12:02:23,169 [RH 2] INFO  R 2        Next module: ContourGenerator
2010-04-29 12:02:23,171 [RH 2] INFO  R 2        Next module: MaryXMLToMbrola
2010-04-29 12:02:23,171 [RH 2] INFO  R 2        Next module: MbrolaCaller
2010-04-29 12:02:23,172 [RH 2] INFO  MbrolaCaller Starting Synthesis with command: /home/czikus/CurCode/CogXSS10Orange/tools/mary/bin/mbrola-linux-i386 -e /home/czikus/CurCode/CogXSS10Orange/tools/mary/lib/voices/us1/us1 - -.raw
2010-04-29 12:02:23,209 [RH 2] INFO  MbrolaCaller Writing to module.
2010-04-29 12:02:23,211 [RH 2 reader] INFO  Audio reader Finished reading.
2010-04-29 12:02:23,211 [RH 2] INFO  R 2        Request processed in 73 ms.
2010-04-29 12:02:23,211 [RH 2] INFO  R 2           TextToMaryXML took 0 ms
2010-04-29 12:02:23,211 [RH 2] INFO  R 2           JTokeniser took 0 ms
2010-04-29 12:02:23,211 [RH 2] INFO  R 2           XML2Utt TokensEn took 1 ms
2010-04-29 12:02:23,211 [RH 2] INFO  R 2           TokenToWords took 0 ms
2010-04-29 12:02:23,211 [RH 2] INFO  R 2           Utt2XML WordsEn took 0 ms
2010-04-29 12:02:23,211 [RH 2] INFO  R 2           OpenNLPPosTagger took 1 ms
2010-04-29 12:02:23,211 [RH 2] INFO  R 2           JPhonemiser took 2 ms
2010-04-29 12:02:23,211 [RH 2] INFO  R 2           Prosody took 21 ms
2010-04-29 12:02:23,212 [RH 2] INFO  R 2           PronunciationModel took 1 ms
2010-04-29 12:02:23,212 [RH 2] INFO  R 2           KlattDurationModeller took 3 ms
2010-04-29 12:02:23,212 [RH 2] INFO  R 2           ContourGenerator took 2 ms
2010-04-29 12:02:23,212 [RH 2] INFO  R 2           MaryXMLToMbrola took 0 ms
2010-04-29 12:02:23,212 [RH 2] INFO  R 2           MbrolaCaller took 40 ms
2010-04-29 12:02:23,212 [RH 2] INFO  RH 2       Request handled successfully.
