This file contains any messages produced by compilers while
running configure, to aid debugging if configure makes a mistake.

It was created by CVD configure 0.7, which was
generated by GNU Autoconf 2.62.  Invocation command line was

  $ ./configure --without-ffmpeg

## --------- ##
## Platform. ##
## --------- ##

hostname = kz-desktop
uname -m = i686
uname -r = 2.6.27-11-generic
uname -s = Linux
uname -v = #1 SMP Wed Apr 1 20:57:48 UTC 2009

/usr/bin/uname -p = unknown
/bin/uname -X     = unknown

/bin/arch              = unknown
/usr/bin/arch -k       = unknown
/usr/convex/getsysinfo = unknown
/usr/bin/hostinfo      = unknown
/bin/machine           = unknown
/usr/bin/oslevel       = unknown
/bin/universe          = unknown

PATH: /usr/local/sbin
PATH: /usr/local/bin
PATH: /usr/sbin
PATH: /usr/bin
PATH: /sbin
PATH: /bin
PATH: /usr/games


## ----------- ##
## Core tests. ##
## ----------- ##

configure:2008: checking for gcc
configure:2024: found /usr/bin/gcc
configure:2035: result: gcc
configure:2273: checking for C compiler version
configure:2281: gcc --version >&5
gcc (GCC) 4.2.4 (Ubuntu 4.2.4-3ubuntu4)
Copyright (C) 2007 Free Software Foundation, Inc.
This is free software; see the source for copying conditions.  There is NO
warranty; not even for MERCHANTABILITY or FITNESS FOR A PARTICULAR PURPOSE.

configure:2285: $? = 0
configure:2292: gcc -v >&5
Using built-in specs.
Target: i486-linux-gnu
Configured with: ../src/configure -v --enable-languages=c,c++,fortran,objc,obj-c++ --prefix=/usr --enable-shared --with-system-zlib --libexecdir=/usr/lib --without-included-gettext --enable-threads=posix --enable-nls --with-gxx-include-dir=/usr/include/c++/4.2 --program-suffix=-4.2 --enable-clocale=gnu --enable-libstdcxx-debug --enable-objc-gc --enable-mpfr --enable-targets=all --enable-checking=release --build=i486-linux-gnu --host=i486-linux-gnu --target=i486-linux-gnu
Thread model: posix
gcc version 4.2.4 (Ubuntu 4.2.4-3ubuntu4)
configure:2296: $? = 0
configure:2303: gcc -V >&5
gcc: '-V' option must have argument
configure:2307: $? = 1
configure:2330: checking for C compiler default output file name
configure:2352: gcc    conftest.c  >&5
configure:2356: $? = 0
configure:2394: result: a.out
configure:2411: checking whether the C compiler works
configure:2421: ./a.out
configure:2425: $? = 0
configure:2442: result: yes
configure:2449: checking whether we are cross compiling
configure:2451: result: no
configure:2454: checking for suffix of executables
configure:2461: gcc -o conftest    conftest.c  >&5
configure:2465: $? = 0
configure:2489: result: 
configure:2495: checking for suffix of object files
configure:2521: gcc -c   conftest.c >&5
configure:2525: $? = 0
configure:2548: result: o
configure:2552: checking whether we are using the GNU C compiler
configure:2581: gcc -c   conftest.c >&5
configure:2588: $? = 0
configure:2605: result: yes
configure:2614: checking whether gcc accepts -g
configure:2644: gcc -c -g  conftest.c >&5
configure:2651: $? = 0
configure:2752: result: yes
configure:2769: checking for gcc option to accept ISO C89
configure:2843: gcc  -c -g -O2  conftest.c >&5
configure:2850: $? = 0
configure:2873: result: none needed
configure:2897: checking how to run the C preprocessor
configure:2937: gcc -E  conftest.c
configure:2944: $? = 0
configure:2975: gcc -E  conftest.c
conftest.c:8:28: error: ac_nonexistent.h: No such file or directory
configure:2982: $? = 1
configure: failed program was:
| /* confdefs.h.  */
| #define PACKAGE_NAME "CVD"
| #define PACKAGE_TARNAME "cvd"
| #define PACKAGE_VERSION "0.7"
| #define PACKAGE_STRING "CVD 0.7"
| #define PACKAGE_BUGREPORT ""
| /* end confdefs.h.  */
| #include <ac_nonexistent.h>
configure:3015: result: gcc -E
configure:3044: gcc -E  conftest.c
configure:3051: $? = 0
configure:3082: gcc -E  conftest.c
conftest.c:8:28: error: ac_nonexistent.h: No such file or directory
configure:3089: $? = 1
configure: failed program was:
| /* confdefs.h.  */
| #define PACKAGE_NAME "CVD"
| #define PACKAGE_TARNAME "cvd"
| #define PACKAGE_VERSION "0.7"
| #define PACKAGE_STRING "CVD 0.7"
| #define PACKAGE_BUGREPORT ""
| /* end confdefs.h.  */
| #include <ac_nonexistent.h>
configure:3127: checking for grep that handles long lines and -e
configure:3187: result: /bin/grep
configure:3192: checking for egrep
configure:3256: result: /bin/grep -E
configure:3261: checking for ANSI C header files
configure:3291: gcc -c -g -O2  conftest.c >&5
configure:3298: $? = 0
configure:3397: gcc -o conftest -g -O2   conftest.c  >&5
configure:3401: $? = 0
configure:3407: ./conftest
configure:3411: $? = 0
configure:3429: result: yes
configure:3444: checking for gawk
configure:3460: found /usr/bin/gawk
configure:3471: result: gawk
configure:3540: checking for g++
configure:3556: found /usr/bin/g++
configure:3567: result: g++
configure:3598: checking for C++ compiler version
configure:3606: g++ --version >&5
g++ (Ubuntu 4.3.2-1ubuntu12) 4.3.2
Copyright (C) 2008 Free Software Foundation, Inc.
This is free software; see the source for copying conditions.  There is NO
warranty; not even for MERCHANTABILITY or FITNESS FOR A PARTICULAR PURPOSE.

configure:3610: $? = 0
configure:3617: g++ -v >&5
Using built-in specs.
Target: i486-linux-gnu
Configured with: ../src/configure -v --with-pkgversion='Ubuntu 4.3.2-1ubuntu12' --with-bugurl=file:///usr/share/doc/gcc-4.3/README.Bugs --enable-languages=c,c++,fortran,objc,obj-c++ --prefix=/usr --enable-shared --with-system-zlib --libexecdir=/usr/lib --without-included-gettext --enable-threads=posix --enable-nls --with-gxx-include-dir=/usr/include/c++/4.3 --program-suffix=-4.3 --enable-clocale=gnu --enable-libstdcxx-debug --enable-objc-gc --enable-mpfr --enable-targets=all --enable-checking=release --build=i486-linux-gnu --host=i486-linux-gnu --target=i486-linux-gnu
Thread model: posix
gcc version 4.3.2 (Ubuntu 4.3.2-1ubuntu12) 
configure:3621: $? = 0
configure:3628: g++ -V >&5
g++: '-V' option must have argument
configure:3632: $? = 1
configure:3635: checking whether we are using the GNU C++ compiler
configure:3664: g++ -c   conftest.cpp >&5
configure:3671: $? = 0
configure:3688: result: yes
configure:3697: checking whether g++ accepts -g
configure:3727: g++ -c -g  conftest.cpp >&5
configure:3734: $? = 0
configure:3835: result: yes
configure:3903: checking for a BSD-compatible install
configure:3971: result: /usr/bin/install -c
configure:3982: checking whether ln -s works
configure:3986: result: yes
configure:4036: checking for ranlib
configure:4052: found /usr/bin/ranlib
configure:4063: result: ranlib
configure:4102: checking how to run the C++ preprocessor
configure:4138: g++ -E  conftest.cpp
configure:4145: $? = 0
configure:4176: g++ -E  conftest.cpp
conftest.cpp:9:28: error: ac_nonexistent.h: No such file or directory
configure:4183: $? = 1
configure: failed program was:
| /* confdefs.h.  */
| #define PACKAGE_NAME "CVD"
| #define PACKAGE_TARNAME "cvd"
| #define PACKAGE_VERSION "0.7"
| #define PACKAGE_STRING "CVD 0.7"
| #define PACKAGE_BUGREPORT ""
| #define STDC_HEADERS 1
| /* end confdefs.h.  */
| #include <ac_nonexistent.h>
configure:4216: result: g++ -E
configure:4245: g++ -E  conftest.cpp
configure:4252: $? = 0
configure:4283: g++ -E  conftest.cpp
conftest.cpp:9:28: error: ac_nonexistent.h: No such file or directory
configure:4290: $? = 1
configure: failed program was:
| /* confdefs.h.  */
| #define PACKAGE_NAME "CVD"
| #define PACKAGE_TARNAME "cvd"
| #define PACKAGE_VERSION "0.7"
| #define PACKAGE_STRING "CVD 0.7"
| #define PACKAGE_BUGREPORT ""
| #define STDC_HEADERS 1
| /* end confdefs.h.  */
| #include <ac_nonexistent.h>
configure:4388: checking if compiler flag -Wall works
configure:4408: g++ -c -g -O2 -Wall  conftest.cpp >&5
configure:4415: $? = 0
configure:4436: result: yes
configure:4449: checking if compiler flag -Wextra works
configure:4469: g++ -c -g -O2 -Wall -Wextra  conftest.cpp >&5
configure:4476: $? = 0
configure:4497: result: yes
configure:4533: checking if compiler flag -ggdb works
configure:4553: g++ -c -g  -Wall -Wextra -ggdb  -INONE/include conftest.cpp >&5
configure:4560: $? = 0
configure:4581: result: yes
configure:4604: checking if compiler flag -fPIC works
configure:4624: g++ -c -g  -Wall -Wextra -ggdb -fPIC  -INONE/include conftest.cpp >&5
configure:4631: $? = 0
configure:4652: result: yes
configure:4676: checking build system type
configure:4694: result: i686-pc-linux-gnu
configure:4716: checking host system type
configure:4731: result: i686-pc-linux-gnu
configure:4778: checking for best optimize flags
configure:4780: result: 
configure:4786: checking if compiler flag -O3 works
configure:4806: g++ -c  -O3  -INONE/include conftest.cpp >&5
configure:4813: $? = 0
configure:4834: result: yes
configure:4850: checking CPU type
configure:4885: result: core2
configure:4900: checking if compiler flag -march=pentium-m works
configure:4920: g++ -c  -O3 -march=pentium-m  -INONE/include conftest.cpp >&5
configure:4927: $? = 0
configure:4948: result: yes
configure:4999: checking for sys/types.h
configure:5020: g++ -c -g  -Wall -Wextra -ggdb -fPIC  -INONE/include conftest.cpp >&5
configure:5027: $? = 0
configure:5044: result: yes
configure:4999: checking for sys/stat.h
configure:5020: g++ -c -g  -Wall -Wextra -ggdb -fPIC  -INONE/include conftest.cpp >&5
configure:5027: $? = 0
configure:5044: result: yes
configure:4999: checking for stdlib.h
configure:5020: g++ -c -g  -Wall -Wextra -ggdb -fPIC  -INONE/include conftest.cpp >&5
configure:5027: $? = 0
configure:5044: result: yes
configure:4999: checking for string.h
configure:5020: g++ -c -g  -Wall -Wextra -ggdb -fPIC  -INONE/include conftest.cpp >&5
configure:5027: $? = 0
configure:5044: result: yes
configure:4999: checking for memory.h
configure:5020: g++ -c -g  -Wall -Wextra -ggdb -fPIC  -INONE/include conftest.cpp >&5
configure:5027: $? = 0
configure:5044: result: yes
configure:4999: checking for strings.h
configure:5020: g++ -c -g  -Wall -Wextra -ggdb -fPIC  -INONE/include conftest.cpp >&5
configure:5027: $? = 0
configure:5044: result: yes
configure:4999: checking for inttypes.h
configure:5020: g++ -c -g  -Wall -Wextra -ggdb -fPIC  -INONE/include conftest.cpp >&5
configure:5027: $? = 0
configure:5044: result: yes
configure:4999: checking for stdint.h
configure:5020: g++ -c -g  -Wall -Wextra -ggdb -fPIC  -INONE/include conftest.cpp >&5
configure:5027: $? = 0
configure:5044: result: yes
configure:4999: checking for unistd.h
configure:5020: g++ -c -g  -Wall -Wextra -ggdb -fPIC  -INONE/include conftest.cpp >&5
configure:5027: $? = 0
configure:5044: result: yes
configure:5058: checking whether byte ordering is bigendian
configure:5095: g++ -c -g  -Wall -Wextra -ggdb -fPIC  -INONE/include conftest.cpp >&5
configure:5102: $? = 0
configure:5134: g++ -c -g  -Wall -Wextra -ggdb -fPIC  -INONE/include conftest.cpp >&5
conftest.cpp: In function 'int main()':
conftest.cpp:27: error: 'big' was not declared in this scope
conftest.cpp:27: error: expected `;' before 'endian'
configure:5141: $? = 1
configure: failed program was:
| /* confdefs.h.  */
| #define PACKAGE_NAME "CVD"
| #define PACKAGE_TARNAME "cvd"
| #define PACKAGE_VERSION "0.7"
| #define PACKAGE_STRING "CVD 0.7"
| #define PACKAGE_BUGREPORT ""
| #define STDC_HEADERS 1
| #define CVD_MAJOR_VERSION 0
| #define CVD_MINOR_VERSION 7
| #define HAVE_SYS_TYPES_H 1
| #define HAVE_SYS_STAT_H 1
| #define HAVE_STDLIB_H 1
| #define HAVE_STRING_H 1
| #define HAVE_MEMORY_H 1
| #define HAVE_STRINGS_H 1
| #define HAVE_INTTYPES_H 1
| #define HAVE_STDINT_H 1
| #define HAVE_UNISTD_H 1
| /* end confdefs.h.  */
| #include <sys/types.h>
| 		#include <sys/param.h>
| 
| int
| main ()
| {
| #if BYTE_ORDER != BIG_ENDIAN
| 		 not big endian
| 		#endif
| 
|   ;
|   return 0;
| }
configure:5393: result: no
configure:5486: checking for MMX support
configure:5514: g++ -o conftest -g  -Wall -Wextra -ggdb -fPIC -mmmx  -INONE/include  conftest.cpp  >&5
configure:5518: $? = 0
configure:5524: ./conftest
configure:5528: $? = 0
configure:5550: result: yes
configure:5589: checking for MMXEXT support
configure:5616: g++ -o conftest -g  -Wall -Wextra -ggdb -fPIC -mmmx -msse  -INONE/include  conftest.cpp  >&5
configure:5620: $? = 0
configure:5626: ./conftest
configure:5630: $? = 0
configure:5652: result: yes
configure:5691: checking for SSE support
configure:5719: g++ -o conftest -g  -Wall -Wextra -ggdb -fPIC -mmmx -msse -msse  -INONE/include  conftest.cpp  >&5
configure:5723: $? = 0
configure:5729: ./conftest
configure:5733: $? = 0
configure:5755: result: yes
configure:5794: checking for SSE2 support
configure:5822: g++ -o conftest -g  -Wall -Wextra -ggdb -fPIC -mmmx -msse -msse -msse2  -INONE/include  conftest.cpp  >&5
configure:5826: $? = 0
configure:5832: ./conftest
configure:5836: $? = 0
configure:5858: result: yes
configure:5897: checking for SSE3 support
configure:5925: g++ -o conftest -g  -Wall -Wextra -ggdb -fPIC -mmmx -msse -msse -msse2 -msse3  -INONE/include  conftest.cpp  >&5
configure:5929: $? = 0
configure:5935: ./conftest
configure:5939: $? = 0
configure:5961: result: yes
configure:5992: checking size of void*
configure:6295: g++ -o conftest -g  -Wall -Wextra -ggdb -fPIC -mmmx -msse -msse -msse2 -msse3  -INONE/include  conftest.cpp  >&5
configure:6299: $? = 0
configure:6305: ./conftest
configure:6309: $? = 0
configure:6333: result: 4
configure:6362: checking assembler supports .type pseudo-op
configure:6366: result: yes
configure:6494: checking dc1394/dc1394.h usability
configure:6511: g++ -c -g  -Wall -Wextra -ggdb -fPIC -mmmx -msse -msse -msse2 -msse3  -INONE/include conftest.cpp >&5
configure:6518: $? = 0
configure:6532: result: yes
configure:6536: checking dc1394/dc1394.h presence
configure:6551: g++ -E  -INONE/include conftest.cpp
configure:6558: $? = 0
configure:6572: result: yes
configure:6600: checking for dc1394/dc1394.h
configure:6609: result: yes
configure:6626: checking for main in -ldc1394
configure:6655: g++ -o conftest -g  -Wall -Wextra -ggdb -fPIC -mmmx -msse -msse -msse2 -msse3  -INONE/include  conftest.cpp -ldc1394   >&5
configure:6662: $? = 0
configure:6683: result: yes
configure:6750: checking libraw1394/raw1394.h usability
configure:6767: g++ -c -g  -Wall -Wextra -ggdb -fPIC -mmmx -msse -msse -msse2 -msse3  -INONE/include conftest.cpp >&5
configure:6774: $? = 0
configure:6788: result: yes
configure:6792: checking libraw1394/raw1394.h presence
configure:6807: g++ -E  -INONE/include conftest.cpp
configure:6814: $? = 0
configure:6828: result: yes
configure:6856: checking for libraw1394/raw1394.h
configure:6865: result: yes
configure:6750: checking libdc1394/dc1394_control.h usability
configure:6767: g++ -c -g  -Wall -Wextra -ggdb -fPIC -mmmx -msse -msse -msse2 -msse3  -INONE/include conftest.cpp >&5
conftest.cpp:65:38: error: libdc1394/dc1394_control.h: No such file or directory
configure:6774: $? = 1
configure: failed program was:
| /* confdefs.h.  */
| #define PACKAGE_NAME "CVD"
| #define PACKAGE_TARNAME "cvd"
| #define PACKAGE_VERSION "0.7"
| #define PACKAGE_STRING "CVD 0.7"
| #define PACKAGE_BUGREPORT ""
| #define STDC_HEADERS 1
| #define CVD_MAJOR_VERSION 0
| #define CVD_MINOR_VERSION 7
| #define HAVE_SYS_TYPES_H 1
| #define HAVE_SYS_STAT_H 1
| #define HAVE_STDLIB_H 1
| #define HAVE_STRING_H 1
| #define HAVE_MEMORY_H 1
| #define HAVE_STRINGS_H 1
| #define HAVE_INTTYPES_H 1
| #define HAVE_STDINT_H 1
| #define HAVE_UNISTD_H 1
| #define CVD_ARCH_LITTLE_ENDIAN 1
| #define CVD_HAVE_MMX 1
| #define CVD_HAVE_MMXEXT 1
| #define CVD_HAVE_SSE 1
| #define CVD_HAVE_SSE2 1
| #define CVD_HAVE_SSE3 1
| #define SIZEOF_VOIDP 4
| #define CVD_HAVE_ASSEMBLER 1
| #define HAVE_DC1394_DC1394_H 1
| #define HAVE_LIBDC1394 1
| #define CVD_HAVE_DC1394V2 1
| #define HAVE_LIBRAW1394_RAW1394_H 1
| /* end confdefs.h.  */
| #include <stdio.h>
| #ifdef HAVE_SYS_TYPES_H
| # include <sys/types.h>
| #endif
| #ifdef HAVE_SYS_STAT_H
| # include <sys/stat.h>
| #endif
| #ifdef STDC_HEADERS
| # include <stdlib.h>
| # include <stddef.h>
| #else
| # ifdef HAVE_STDLIB_H
| #  include <stdlib.h>
| # endif
| #endif
| #ifdef HAVE_STRING_H
| # if !defined STDC_HEADERS && defined HAVE_MEMORY_H
| #  include <memory.h>
| # endif
| # include <string.h>
| #endif
| #ifdef HAVE_STRINGS_H
| # include <strings.h>
| #endif
| #ifdef HAVE_INTTYPES_H
| # include <inttypes.h>
| #endif
| #ifdef HAVE_STDINT_H
| # include <stdint.h>
| #endif
| #ifdef HAVE_UNISTD_H
| # include <unistd.h>
| #endif
| #include <libdc1394/dc1394_control.h>
configure:6788: result: no
configure:6792: checking libdc1394/dc1394_control.h presence
configure:6807: g++ -E  -INONE/include conftest.cpp
conftest.cpp:32:38: error: libdc1394/dc1394_control.h: No such file or directory
configure:6814: $? = 1
configure: failed program was:
| /* confdefs.h.  */
| #define PACKAGE_NAME "CVD"
| #define PACKAGE_TARNAME "cvd"
| #define PACKAGE_VERSION "0.7"
| #define PACKAGE_STRING "CVD 0.7"
| #define PACKAGE_BUGREPORT ""
| #define STDC_HEADERS 1
| #define CVD_MAJOR_VERSION 0
| #define CVD_MINOR_VERSION 7
| #define HAVE_SYS_TYPES_H 1
| #define HAVE_SYS_STAT_H 1
| #define HAVE_STDLIB_H 1
| #define HAVE_STRING_H 1
| #define HAVE_MEMORY_H 1
| #define HAVE_STRINGS_H 1
| #define HAVE_INTTYPES_H 1
| #define HAVE_STDINT_H 1
| #define HAVE_UNISTD_H 1
| #define CVD_ARCH_LITTLE_ENDIAN 1
| #define CVD_HAVE_MMX 1
| #define CVD_HAVE_MMXEXT 1
| #define CVD_HAVE_SSE 1
| #define CVD_HAVE_SSE2 1
| #define CVD_HAVE_SSE3 1
| #define SIZEOF_VOIDP 4
| #define CVD_HAVE_ASSEMBLER 1
| #define HAVE_DC1394_DC1394_H 1
| #define HAVE_LIBDC1394 1
| #define CVD_HAVE_DC1394V2 1
| #define HAVE_LIBRAW1394_RAW1394_H 1
| /* end confdefs.h.  */
| #include <libdc1394/dc1394_control.h>
configure:6828: result: no
configure:6856: checking for libdc1394/dc1394_control.h
configure:6865: result: no
configure:6882: checking for main in -lraw1394
configure:6911: g++ -o conftest -g  -Wall -Wextra -ggdb -fPIC -mmmx -msse -msse -msse2 -msse3  -INONE/include  conftest.cpp -lraw1394  -ldc1394  >&5
configure:6918: $? = 0
configure:6939: result: yes
configure:6953: checking for main in -ldc1394_control
configure:6982: g++ -o conftest -g  -Wall -Wextra -ggdb -fPIC -mmmx -msse -msse -msse2 -msse3  -INONE/include  conftest.cpp -ldc1394_control  -lraw1394 -ldc1394  >&5
/usr/bin/ld: cannot find -ldc1394_control
collect2: ld returned 1 exit status
configure:6989: $? = 1
configure: failed program was:
| /* confdefs.h.  */
| #define PACKAGE_NAME "CVD"
| #define PACKAGE_TARNAME "cvd"
| #define PACKAGE_VERSION "0.7"
| #define PACKAGE_STRING "CVD 0.7"
| #define PACKAGE_BUGREPORT ""
| #define STDC_HEADERS 1
| #define CVD_MAJOR_VERSION 0
| #define CVD_MINOR_VERSION 7
| #define HAVE_SYS_TYPES_H 1
| #define HAVE_SYS_STAT_H 1
| #define HAVE_STDLIB_H 1
| #define HAVE_STRING_H 1
| #define HAVE_MEMORY_H 1
| #define HAVE_STRINGS_H 1
| #define HAVE_INTTYPES_H 1
| #define HAVE_STDINT_H 1
| #define HAVE_UNISTD_H 1
| #define CVD_ARCH_LITTLE_ENDIAN 1
| #define CVD_HAVE_MMX 1
| #define CVD_HAVE_MMXEXT 1
| #define CVD_HAVE_SSE 1
| #define CVD_HAVE_SSE2 1
| #define CVD_HAVE_SSE3 1
| #define SIZEOF_VOIDP 4
| #define CVD_HAVE_ASSEMBLER 1
| #define HAVE_DC1394_DC1394_H 1
| #define HAVE_LIBDC1394 1
| #define CVD_HAVE_DC1394V2 1
| #define HAVE_LIBRAW1394_RAW1394_H 1
| #define HAVE_LIBRAW1394 1
| /* end confdefs.h.  */
| 
| 
| int
| main ()
| {
| return main ();
|   ;
|   return 0;
| }
configure:7010: result: no
configure:7102: checking for v4l2
configure:7116: g++ -c -g  -Wall -Wextra -ggdb -fPIC -mmmx -msse -msse -msse2 -msse3  -INONE/include conftest.cpp >&5
conftest.cpp: In function 'int main()':
conftest.cpp:4: warning: statement has no effect
configure:7123: $? = 0
configure:7128: result: yes
configure:7245: checking linux/videodev.h usability
configure:7262: g++ -c -g  -Wall -Wextra -ggdb -fPIC -mmmx -msse -msse -msse2 -msse3  -INONE/include conftest.cpp >&5
configure:7269: $? = 0
configure:7283: result: yes
configure:7287: checking linux/videodev.h presence
configure:7302: g++ -E  -INONE/include conftest.cpp
configure:7309: $? = 0
configure:7323: result: yes
configure:7351: checking for linux/videodev.h
configure:7360: result: yes
configure:7495: checking kernel major number
configure:7498: result: 2
configure:7505: checking kernel minor number
configure:7508: result: 6
configure:7516: checking kernel release number
configure:7519: result: 27
configure:7806: checking for X
configure:7977: g++ -o conftest -g  -Wall -Wextra -ggdb -fPIC -mmmx -msse -msse -msse2 -msse3  -INONE/include  conftest.cpp -lX11 -ldc1394  >&5
configure:7984: $? = 0
configure:8046: result: libraries , headers 
configure:8063: checking for glDrawPixels in -lGL
configure:8098: g++ -o conftest -g  -Wall -Wextra -ggdb -fPIC -mmmx -msse -msse -msse2 -msse3  -INONE/include  conftest.cpp -lGL  -ldc1394  -L -lX11 -lXext >&5
configure:8105: $? = 0
configure:8126: result: yes
configure:8176: checking for tr1::shared_ptr
configure:8188: g++ -c -g  -Wall -Wextra -ggdb -fPIC -mmmx -msse -msse -msse2 -msse3  -INONE/include conftest.cpp >&5
configure:8195: $? = 0
configure:8200: result: yes
configure:8250: checking for TooN
configure:8262: g++ -c -g  -Wall -Wextra -ggdb -fPIC -mmmx -msse -msse -msse2 -msse3  -INONE/include conftest.cpp >&5
configure:8269: $? = 0
configure:8274: result: yes
configure:8286: checking Old TooN
configure:8306: g++ -c -g  -Wall -Wextra -ggdb -fPIC -mmmx -msse -msse -msse2 -msse3  -INONE/include conftest.cpp >&5
configure:8313: $? = 0
configure:8318: result: no
configure:8389: checking for dgesvd_ in -lacml
configure:8424: g++ -o conftest -g  -Wall -Wextra -ggdb -fPIC -mmmx -msse -msse -msse2 -msse3  -INONE/include  conftest.cpp -lacml  -lGL -ldc1394  -L -lX11 -lXext -L/opt/acml/gnu64/lib -lacml_mv >&5
/usr/bin/ld: cannot find -lacml
collect2: ld returned 1 exit status
configure:8431: $? = 1
configure: failed program was:
| /* confdefs.h.  */
| #define PACKAGE_NAME "CVD"
| #define PACKAGE_TARNAME "cvd"
| #define PACKAGE_VERSION "0.7"
| #define PACKAGE_STRING "CVD 0.7"
| #define PACKAGE_BUGREPORT ""
| #define STDC_HEADERS 1
| #define CVD_MAJOR_VERSION 0
| #define CVD_MINOR_VERSION 7
| #define HAVE_SYS_TYPES_H 1
| #define HAVE_SYS_STAT_H 1
| #define HAVE_STDLIB_H 1
| #define HAVE_STRING_H 1
| #define HAVE_MEMORY_H 1
| #define HAVE_STRINGS_H 1
| #define HAVE_INTTYPES_H 1
| #define HAVE_STDINT_H 1
| #define HAVE_UNISTD_H 1
| #define CVD_ARCH_LITTLE_ENDIAN 1
| #define CVD_HAVE_MMX 1
| #define CVD_HAVE_MMXEXT 1
| #define CVD_HAVE_SSE 1
| #define CVD_HAVE_SSE2 1
| #define CVD_HAVE_SSE3 1
| #define SIZEOF_VOIDP 4
| #define CVD_HAVE_ASSEMBLER 1
| #define HAVE_DC1394_DC1394_H 1
| #define HAVE_LIBDC1394 1
| #define CVD_HAVE_DC1394V2 1
| #define HAVE_LIBRAW1394_RAW1394_H 1
| #define HAVE_LIBRAW1394 1
| #define CVD_HAVE_DVBUFFER3 1
| #define CVD_HAVE_V4L2BUFFER 1
| #define HAVE_LINUX_VIDEODEV_H 1
| #define CVD_HAVE_V4L1BUFFER 1
| #define CVD_KERNEL_MAJOR 2
| #define CVD_KERNEL_MINOR 6
| #define CVD_KERNEL_RELEASE 27
| #define HAVE_LIBGL 1
| #define CVD_HAVE_VIDEODISPLAY 1
| #define CVD_HAVE_TR1_SHARED_PTR 1
| #define CVD_HAVE_TOON 1
| /* end confdefs.h.  */
| 
| /* Override any GCC internal prototype to avoid an error.
|    Use char because int might match the return type of a GCC
|    builtin and then its argument prototype would still apply.  */
| #ifdef __cplusplus
| extern "C"
| #endif
| char dgesvd_ ();
| int
| main ()
| {
| return dgesvd_ ();
|   ;
|   return 0;
| }
configure:8452: result: no
configure:8505: checking if Accelerate framework is needed for LAPACK
configure:8507: result: 
configure:8510: checking for dgesvd_
configure:8566: g++ -o conftest -g  -Wall -Wextra -ggdb -fPIC -mmmx -msse -msse -msse2 -msse3  -INONE/include  conftest.cpp -lGL -ldc1394  -L -lX11 -lXext -framework Accelerate >&5
g++: Accelerate: No such file or directory
cc1plus: error: unrecognized command line option "-framework"
configure:8573: $? = 1
configure: failed program was:
| /* confdefs.h.  */
| #define PACKAGE_NAME "CVD"
| #define PACKAGE_TARNAME "cvd"
| #define PACKAGE_VERSION "0.7"
| #define PACKAGE_STRING "CVD 0.7"
| #define PACKAGE_BUGREPORT ""
| #define STDC_HEADERS 1
| #define CVD_MAJOR_VERSION 0
| #define CVD_MINOR_VERSION 7
| #define HAVE_SYS_TYPES_H 1
| #define HAVE_SYS_STAT_H 1
| #define HAVE_STDLIB_H 1
| #define HAVE_STRING_H 1
| #define HAVE_MEMORY_H 1
| #define HAVE_STRINGS_H 1
| #define HAVE_INTTYPES_H 1
| #define HAVE_STDINT_H 1
| #define HAVE_UNISTD_H 1
| #define CVD_ARCH_LITTLE_ENDIAN 1
| #define CVD_HAVE_MMX 1
| #define CVD_HAVE_MMXEXT 1
| #define CVD_HAVE_SSE 1
| #define CVD_HAVE_SSE2 1
| #define CVD_HAVE_SSE3 1
| #define SIZEOF_VOIDP 4
| #define CVD_HAVE_ASSEMBLER 1
| #define HAVE_DC1394_DC1394_H 1
| #define HAVE_LIBDC1394 1
| #define CVD_HAVE_DC1394V2 1
| #define HAVE_LIBRAW1394_RAW1394_H 1
| #define HAVE_LIBRAW1394 1
| #define CVD_HAVE_DVBUFFER3 1
| #define CVD_HAVE_V4L2BUFFER 1
| #define HAVE_LINUX_VIDEODEV_H 1
| #define CVD_HAVE_V4L1BUFFER 1
| #define CVD_KERNEL_MAJOR 2
| #define CVD_KERNEL_MINOR 6
| #define CVD_KERNEL_RELEASE 27
| #define HAVE_LIBGL 1
| #define CVD_HAVE_VIDEODISPLAY 1
| #define CVD_HAVE_TR1_SHARED_PTR 1
| #define CVD_HAVE_TOON 1
| /* end confdefs.h.  */
| /* Define dgesvd_ to an innocuous variant, in case <limits.h> declares dgesvd_.
|    For example, HP-UX 11i <limits.h> declares gettimeofday.  */
| #define dgesvd_ innocuous_dgesvd_
| 
| /* System header to define __stub macros and hopefully few prototypes,
|     which can conflict with char dgesvd_ (); below.
|     Prefer <limits.h> to <assert.h> if __STDC__ is defined, since
|     <limits.h> exists even on freestanding compilers.  */
| 
| #ifdef __STDC__
| # include <limits.h>
| #else
| # include <assert.h>
| #endif
| 
| #undef dgesvd_
| 
| /* Override any GCC internal prototype to avoid an error.
|    Use char because int might match the return type of a GCC
|    builtin and then its argument prototype would still apply.  */
| #ifdef __cplusplus
| extern "C"
| #endif
| char dgesvd_ ();
| /* The GNU C library defines this for functions which it implements
|     to always fail with ENOSYS.  Some functions are actually named
|     something starting with __ and the normal name is an alias.  */
| #if defined __stub_dgesvd_ || defined __stub___dgesvd_
| choke me
| #endif
| 
| int
| main ()
| {
| return dgesvd_ ();
|   ;
|   return 0;
| }
configure:8593: result: no
configure:8639: checking for dgesvd_ in -llapack
configure:8674: g++ -o conftest -g  -Wall -Wextra -ggdb -fPIC -mmmx -msse -msse -msse2 -msse3  -INONE/include  conftest.cpp -llapack  -lGL -ldc1394  -L -lX11 -lXext >&5
configure:8681: $? = 0
configure:8702: result: yes
configure:9111: checking for working pthreads
configure:9124: g++ -c -g  -Wall -Wextra -ggdb -fPIC -mmmx -msse -msse -msse2 -msse3 -pthread  -INONE/include conftest.cpp >&5
conftest.cpp: In function 'int main()':
conftest.cpp:3: warning: null argument where non-null required (argument 1)
conftest.cpp: In function 'void* foo(void*)':
conftest.cpp:2: warning: control reaches end of non-void function
configure:9131: $? = 0
configure:9136: result: yes
configure:9162: checking for pthread_yield
configure:9218: g++ -o conftest -g  -Wall -Wextra -ggdb -fPIC -mmmx -msse -msse -msse2 -msse3 -pthread  -INONE/include  conftest.cpp -llapack -lGL -ldc1394  -L -lX11 -lXext -pthread >&5
configure:9225: $? = 0
configure:9245: result: yes
configure:9256: checking for pthread_yield_np
configure:9312: g++ -o conftest -g  -Wall -Wextra -ggdb -fPIC -mmmx -msse -msse -msse2 -msse3 -pthread  -INONE/include  conftest.cpp -llapack -lGL -ldc1394  -L -lX11 -lXext -pthread >&5
/tmp/ccg2JrEG.o: In function `main':
/home/kz/Cogx/vision/branches/20090429/subarchitectures/vision.sa/src/c++/vision/components/Reconstruction/DependLib/libcvd/conftest.cpp:82: undefined reference to `pthread_yield_np'
collect2: ld returned 1 exit status
configure:9319: $? = 1
configure: failed program was:
| /* confdefs.h.  */
| #define PACKAGE_NAME "CVD"
| #define PACKAGE_TARNAME "cvd"
| #define PACKAGE_VERSION "0.7"
| #define PACKAGE_STRING "CVD 0.7"
| #define PACKAGE_BUGREPORT ""
| #define STDC_HEADERS 1
| #define CVD_MAJOR_VERSION 0
| #define CVD_MINOR_VERSION 7
| #define HAVE_SYS_TYPES_H 1
| #define HAVE_SYS_STAT_H 1
| #define HAVE_STDLIB_H 1
| #define HAVE_STRING_H 1
| #define HAVE_MEMORY_H 1
| #define HAVE_STRINGS_H 1
| #define HAVE_INTTYPES_H 1
| #define HAVE_STDINT_H 1
| #define HAVE_UNISTD_H 1
| #define CVD_ARCH_LITTLE_ENDIAN 1
| #define CVD_HAVE_MMX 1
| #define CVD_HAVE_MMXEXT 1
| #define CVD_HAVE_SSE 1
| #define CVD_HAVE_SSE2 1
| #define CVD_HAVE_SSE3 1
| #define SIZEOF_VOIDP 4
| #define CVD_HAVE_ASSEMBLER 1
| #define HAVE_DC1394_DC1394_H 1
| #define HAVE_LIBDC1394 1
| #define CVD_HAVE_DC1394V2 1
| #define HAVE_LIBRAW1394_RAW1394_H 1
| #define HAVE_LIBRAW1394 1
| #define CVD_HAVE_DVBUFFER3 1
| #define CVD_HAVE_V4L2BUFFER 1
| #define HAVE_LINUX_VIDEODEV_H 1
| #define CVD_HAVE_V4L1BUFFER 1
| #define CVD_KERNEL_MAJOR 2
| #define CVD_KERNEL_MINOR 6
| #define CVD_KERNEL_RELEASE 27
| #define HAVE_LIBGL 1
| #define CVD_HAVE_VIDEODISPLAY 1
| #define CVD_HAVE_TR1_SHARED_PTR 1
| #define CVD_HAVE_TOON 1
| #define HAVE_LIBLAPACK 1
| #define CVD_HAVE_LAPACK 1
| #define CVD_HAVE_PTHREAD 1
| #define CVD_HAVE_PTHREAD_YIELD 1
| /* end confdefs.h.  */
| /* Define pthread_yield_np to an innocuous variant, in case <limits.h> declares pthread_yield_np.
|    For example, HP-UX 11i <limits.h> declares gettimeofday.  */
| #define pthread_yield_np innocuous_pthread_yield_np
| 
| /* System header to define __stub macros and hopefully few prototypes,
|     which can conflict with char pthread_yield_np (); below.
|     Prefer <limits.h> to <assert.h> if __STDC__ is defined, since
|     <limits.h> exists even on freestanding compilers.  */
| 
| #ifdef __STDC__
| # include <limits.h>
| #else
| # include <assert.h>
| #endif
| 
| #undef pthread_yield_np
| 
| /* Override any GCC internal prototype to avoid an error.
|    Use char because int might match the return type of a GCC
|    builtin and then its argument prototype would still apply.  */
| #ifdef __cplusplus
| extern "C"
| #endif
| char pthread_yield_np ();
| /* The GNU C library defines this for functions which it implements
|     to always fail with ENOSYS.  Some functions are actually named
|     something starting with __ and the normal name is an alias.  */
| #if defined __stub_pthread_yield_np || defined __stub___pthread_yield_np
| choke me
| #endif
| 
| int
| main ()
| {
| return pthread_yield_np ();
|   ;
|   return 0;
| }
configure:9339: result: no
configure:9399: checking png.h usability
configure:9416: g++ -c -g  -Wall -Wextra -ggdb -fPIC -mmmx -msse -msse -msse2 -msse3 -pthread  -INONE/include conftest.cpp >&5
configure:9423: $? = 0
configure:9437: result: yes
configure:9441: checking png.h presence
configure:9456: g++ -E  -INONE/include conftest.cpp
configure:9463: $? = 0
configure:9477: result: yes
configure:9505: checking for png.h
configure:9514: result: yes
configure:9531: checking for png_init_io in -lpng
configure:9566: g++ -o conftest -g  -Wall -Wextra -ggdb -fPIC -mmmx -msse -msse -msse2 -msse3 -pthread  -INONE/include  conftest.cpp -lpng  -llapack -lGL -ldc1394  -L -lX11 -lXext -pthread >&5
configure:9573: $? = 0
configure:9594: result: yes
configure:9660: checking jpeglib.h usability
configure:9677: g++ -c -g  -Wall -Wextra -ggdb -fPIC -mmmx -msse -msse -msse2 -msse3 -pthread  -INONE/include conftest.cpp >&5
configure:9684: $? = 0
configure:9698: result: yes
configure:9702: checking jpeglib.h presence
configure:9717: g++ -E  -INONE/include conftest.cpp
configure:9724: $? = 0
configure:9738: result: yes
configure:9766: checking for jpeglib.h
configure:9775: result: yes
configure:9792: checking for jpeg_destroy_decompress in -ljpeg
configure:9827: g++ -o conftest -g  -Wall -Wextra -ggdb -fPIC -mmmx -msse -msse -msse2 -msse3 -pthread  -INONE/include  conftest.cpp -ljpeg  -lpng -llapack -lGL -ldc1394  -L -lX11 -lXext -pthread >&5
configure:9834: $? = 0
configure:9855: result: yes
configure:9881: checking JPEG read buffer size
configure:9893: result: 1 (safe reading)
configure:9943: checking tiffio.h usability
configure:9960: g++ -c -g  -Wall -Wextra -ggdb -fPIC -mmmx -msse -msse -msse2 -msse3 -pthread  -INONE/include conftest.cpp >&5
configure:9967: $? = 0
configure:9981: result: yes
configure:9985: checking tiffio.h presence
configure:10000: g++ -E  -INONE/include conftest.cpp
configure:10007: $? = 0
configure:10021: result: yes
configure:10049: checking for tiffio.h
configure:10058: result: yes
configure:10075: checking for TIFFReadRGBAImage in -ltiff
configure:10110: g++ -o conftest -g  -Wall -Wextra -ggdb -fPIC -mmmx -msse -msse -msse2 -msse3 -pthread  -INONE/include  conftest.cpp -ltiff  -ljpeg -lpng -llapack -lGL -ldc1394  -L -lX11 -lXext -pthread >&5
configure:10117: $? = 0
configure:10138: result: yes
configure:10526: checking for TIFFReadRGBAImageOriented in -ltiff
configure:10561: g++ -o conftest -g  -Wall -Wextra -ggdb -fPIC -mmmx -msse -msse -msse2 -msse3 -pthread  -INONE/include  conftest.cpp -ltiff  -ltiff -ljpeg -lpng -llapack -lGL -ldc1394  -L -lX11 -lXext -pthread >&5
configure:10568: $? = 0
configure:10589: result: yes
configure:11356: checking for doxygen
configure:11372: found /usr/bin/doxygen
configure:11384: result: docs
configure:11444: checking glob.h usability
configure:11461: g++ -c -g  -Wall -Wextra -ggdb -fPIC -mmmx -msse -msse -msse2 -msse3 -pthread  -INONE/include conftest.cpp >&5
configure:11468: $? = 0
configure:11482: result: yes
configure:11486: checking glob.h presence
configure:11501: g++ -E  -INONE/include conftest.cpp
configure:11508: $? = 0
configure:11522: result: yes
configure:11550: checking for glob.h
configure:11559: result: yes
configure:11575: checking for glob
configure:11631: g++ -o conftest -g  -Wall -Wextra -ggdb -fPIC -mmmx -msse -msse -msse2 -msse3 -pthread  -INONE/include  conftest.cpp -ltiff -ljpeg -lpng -llapack -lGL -ldc1394  -L -lX11 -lXext -pthread >&5
configure:11638: $? = 0
configure:11658: result: yes
configure:11678: checking for GLOB_BRACE and GLOB_TILDE in glob.h
configure:11690: g++ -c -g  -Wall -Wextra -ggdb -fPIC -mmmx -msse -msse -msse2 -msse3 -pthread  -INONE/include conftest.cpp >&5
configure:11697: $? = 0
configure:11702: result: yes
configure:11738: checking whether feenableexcept is declared
configure:11768: g++ -c -g  -Wall -Wextra -ggdb -fPIC -mmmx -msse -msse -msse2 -msse3 -pthread  -INONE/include conftest.cpp >&5
configure:11775: $? = 0
configure:11790: result: yes
configure:11820: checking for posix_memalign
configure:11876: g++ -o conftest -g  -Wall -Wextra -ggdb -fPIC -mmmx -msse -msse -msse2 -msse3 -pthread  -INONE/include  conftest.cpp -ltiff -ljpeg -lpng -llapack -lGL -ldc1394  -L -lX11 -lXext -pthread >&5
configure:11883: $? = 0
configure:11903: result: yes
configure:12345: creating ./config.status

## ---------------------- ##
## Running config.status. ##
## ---------------------- ##

This file was extended by CVD config.status 0.7, which was
generated by GNU Autoconf 2.62.  Invocation command line was

  CONFIG_FILES    = 
  CONFIG_HEADERS  = 
  CONFIG_LINKS    = 
  CONFIG_COMMANDS = 
  $ ./config.status 

on kz-desktop

config.status:844: creating Makefile
config.status:991: WARNING:  'Makefile.in' seems to ignore the --datarootdir setting

## ---------------- ##
## Cache variables. ##
## ---------------- ##

ac_cv_build=i686-pc-linux-gnu
ac_cv_c_bigendian=no
ac_cv_c_compiler_gnu=yes
ac_cv_cxx_compiler_gnu=yes
ac_cv_env_CCC_set=
ac_cv_env_CCC_value=
ac_cv_env_CC_set=
ac_cv_env_CC_value=
ac_cv_env_CFLAGS_set=
ac_cv_env_CFLAGS_value=
ac_cv_env_CPPFLAGS_set=
ac_cv_env_CPPFLAGS_value=
ac_cv_env_CPP_set=
ac_cv_env_CPP_value=
ac_cv_env_CXXCPP_set=
ac_cv_env_CXXCPP_value=
ac_cv_env_CXXFLAGS_set=
ac_cv_env_CXXFLAGS_value=
ac_cv_env_CXX_set=
ac_cv_env_CXX_value=
ac_cv_env_LDFLAGS_set=
ac_cv_env_LDFLAGS_value=
ac_cv_env_LIBS_set=
ac_cv_env_LIBS_value=
ac_cv_env_XMKMF_set=
ac_cv_env_XMKMF_value=
ac_cv_env_build_alias_set=
ac_cv_env_build_alias_value=
ac_cv_env_host_alias_set=
ac_cv_env_host_alias_value=
ac_cv_env_target_alias_set=
ac_cv_env_target_alias_value=
ac_cv_func_dgesvd_=no
ac_cv_func_glob=yes
ac_cv_func_posix_memalign=yes
ac_cv_func_pthread_yield=yes
ac_cv_func_pthread_yield_np=no
ac_cv_have_decl_feenableexcept=yes
ac_cv_have_x='have_x=yes	ac_x_includes='\'''\''	ac_x_libraries='\'''\'''
ac_cv_header_dc1394_dc1394_h=yes
ac_cv_header_glob_h=yes
ac_cv_header_inttypes_h=yes
ac_cv_header_jpeglib_h=yes
ac_cv_header_libdc1394_dc1394_control_h=no
ac_cv_header_libraw1394_raw1394_h=yes
ac_cv_header_linux_videodev_h=yes
ac_cv_header_memory_h=yes
ac_cv_header_png_h=yes
ac_cv_header_stdc=yes
ac_cv_header_stdint_h=yes
ac_cv_header_stdlib_h=yes
ac_cv_header_string_h=yes
ac_cv_header_strings_h=yes
ac_cv_header_sys_stat_h=yes
ac_cv_header_sys_types_h=yes
ac_cv_header_tiffio_h=yes
ac_cv_header_unistd_h=yes
ac_cv_host=i686-pc-linux-gnu
ac_cv_lib_GL_glDrawPixels=yes
ac_cv_lib_acml_dgesvd_=no
ac_cv_lib_dc1394_control_main=no
ac_cv_lib_dc1394_main=yes
ac_cv_lib_jpeg_jpeg_destroy_decompress=yes
ac_cv_lib_lapack_dgesvd_=yes
ac_cv_lib_png_png_init_io=yes
ac_cv_lib_raw1394_main=yes
ac_cv_lib_tiff_TIFFReadRGBAImage=yes
ac_cv_lib_tiff_TIFFReadRGBAImageOriented=yes
ac_cv_objext=o
ac_cv_path_EGREP='/bin/grep -E'
ac_cv_path_GREP=/bin/grep
ac_cv_path_install='/usr/bin/install -c'
ac_cv_prog_AWK=gawk
ac_cv_prog_CPP='gcc -E'
ac_cv_prog_CXXCPP='g++ -E'
ac_cv_prog_ac_ct_CC=gcc
ac_cv_prog_ac_ct_CXX=g++
ac_cv_prog_ac_ct_RANLIB=ranlib
ac_cv_prog_cc_c89=
ac_cv_prog_cc_g=yes
ac_cv_prog_cxx_g=yes
ac_cv_prog_docs=docs
ac_cv_sizeof_voidp=4

## ----------------- ##
## Output variables. ##
## ----------------- ##

AWK='gawk'
CC='gcc'
CFLAGS='-g -O2'
CPP='gcc -E'
CPPFLAGS=' -INONE/include'
CXX='g++'
CXXCPP='g++ -E'
CXXFLAGS='-g  -Wall -Wextra -ggdb -fPIC -mmmx -msse -msse -msse2 -msse3 -pthread'
DEFS='-DHAVE_CONFIG_H'
ECHO_C=''
ECHO_N='-n'
ECHO_T=''
EGREP='/bin/grep -E'
EXEEXT=''
GREP='/bin/grep'
INSTALL_DATA='${INSTALL} -m 644'
INSTALL_PROGRAM='${INSTALL}'
INSTALL_SCRIPT='${INSTALL}'
LDFLAGS=''
LIBOBJS=''
LIBS='-ltiff -ljpeg -lpng -llapack -lGL -ldc1394  -L -lX11 -lXext -pthread'
LN_S='ln -s'
LTLIBOBJS=''
OBJEXT='o'
OFLAGS=' -O3 -march=pentium-m'
PACKAGE_BUGREPORT=''
PACKAGE_NAME='CVD'
PACKAGE_STRING='CVD 0.7'
PACKAGE_TARNAME='cvd'
PACKAGE_VERSION='0.7'
PATH_SEPARATOR=':'
RANLIB='ranlib'
SHELL='/bin/bash'
XMKMF=''
ac_ct_CC='gcc'
ac_ct_CXX='g++'
bindir='${exec_prefix}/bin'
build='i686-pc-linux-gnu'
build_alias=''
build_cpu='i686'
build_os='linux-gnu'
build_vendor='pc'
datadir='${datarootdir}'
datarootdir='${prefix}/share'
dep_objects='cvd_src/i686/yuv411_to_stuff_MMX.o cvd_src/i686/halfsample.o cvd_src/i686/rgb_to_gray.o cvd_src/i686/convert_rgb_to_y.o cvd_src/i686/convolve_gaussian.o cvd_src/i686/gradient.o cvd_src/i686/yuv422_to_rgb.o cvd_src/i686/yuv422_to_grey.o cvd_src/i686/yuv422_wrapper.o cvd_src/i686/median_3x3.o cvd_src/i686/utility_float.o cvd_src/i686/utility_byte_differences.o cvd_src/i686/utility_double_int.o cvd_src/fast/fast_7_detect.o cvd_src/fast/fast_7_score.o cvd_src/slower_corner_7.o cvd_src/fast/fast_8_detect.o cvd_src/fast/fast_8_score.o cvd_src/slower_corner_8.o cvd_src/fast/fast_9_detect.o cvd_src/fast/fast_9_score.o cvd_src/fast_corner_9_nonmax.o cvd_src/fast/fast_10_detect.o cvd_src/fast/fast_10_score.o cvd_src/fast/fast_11_detect.o cvd_src/fast/fast_11_score.o cvd_src/slower_corner_11.o cvd_src/fast/fast_12_detect.o cvd_src/fast/fast_12_score.o cvd_src/faster_corner_9.o cvd_src/faster_corner_10.o cvd_src/faster_corner_12.o cvd_src/Linux/dvbuffer3_dc1394v2.o cvd_src/Linux/v4l1buffer.o cvd_src/Linux/v4lbuffer.o cvd_src/Linux/v4l2buffer.o cvd_src/Linux/v4lcontrol.o cvd_src/synchronized.o cvd_src/eventobject.o cvd_src/thread.o cvd_src/thread/runnable_batch.o cvd_src/noarch/posix_memalign.o cvd_src/videodisplay.o cvd_src/glwindow.o cvd_src/gltext.o pnm_src/jpeg.o pnm_src/tiff.o pnm_src/tiffwrite.o pnm_src/png.o cvd_src/globlist.o cvd_src/tensor_voting.o cvd_src/brezenham.o '
docdir='${datarootdir}/doc/${PACKAGE_TARNAME}'
docs='docs'
dvidir='${docdir}'
exec_prefix='${prefix}'
have_32bit='yes'
have_assembler='yes'
have_dc1394v2='yes'
have_dvbuffer3='yes'
have_dvbuffer=''
have_fast10='yes'
have_fast11='yes'
have_fast12='yes'
have_fast7='yes'
have_fast8='yes'
have_fast9='yes'
have_ffmpeg=''
have_glob='yes'
have_jpeg='yes'
have_lapack='yes'
have_linux_2_4=''
have_linux_2_6='yes'
have_memalign='yes'
have_mmx='yes'
have_mmxext='yes'
have_o2buffer=''
have_png='yes'
have_pthread='yes'
have_qtbuffer=''
have_sse2='yes'
have_sse3='yes'
have_sse='yes'
have_ssefast10='yes'
have_ssefast12='yes'
have_ssefast9='yes'
have_tiff='yes'
have_toon='yes'
have_tr1_shared_ptr='yes'
have_v4l1buffer='yes'
have_v4l2buffer='yes'
have_videodisplay='yes'
have_x86='yes'
host='i686-pc-linux-gnu'
host_alias=''
host_cpu='i686'
host_os='linux-gnu'
host_vendor='pc'
htmldir='${docdir}'
includedir='${prefix}/include'
infodir='${datarootdir}/info'
libdir='${exec_prefix}/lib'
libexecdir='${exec_prefix}/libexec'
localedir='${datarootdir}/locale'
localstatedir='${prefix}/var'
major='0'
mandir='${datarootdir}/man'
minor='7'
oldincludedir='/usr/include'
osx_hacks=''
pdfdir='${docdir}'
prefix='/usr/local'
program_transform_name='s,x,x,'
progs='progs/se3_exp progs/se3_ln progs/se3_pre_mul progs/se3_post_mul progs/se3_inv progs/calibrate progs/img_play progs/cvd_display_image progs/img_play_bw progs/img_play_deinterlace '
psdir='${docdir}'
sbindir='${exec_prefix}/sbin'
sharedstatedir='${prefix}/com'
sysconfdir='${prefix}/etc'
target_alias=''
testprogs='test/diskbuffer2 test/test_images test/v4l1buffer_mono test/v4l2buffer test/v4l1buffer_bayer test/v4l1buffer_rgb test/font '

## ----------- ##
## confdefs.h. ##
## ----------- ##

#define PACKAGE_NAME "CVD"
#define PACKAGE_TARNAME "cvd"
#define PACKAGE_VERSION "0.7"
#define PACKAGE_STRING "CVD 0.7"
#define PACKAGE_BUGREPORT ""
#define STDC_HEADERS 1
#define CVD_MAJOR_VERSION 0
#define CVD_MINOR_VERSION 7
#define HAVE_SYS_TYPES_H 1
#define HAVE_SYS_STAT_H 1
#define HAVE_STDLIB_H 1
#define HAVE_STRING_H 1
#define HAVE_MEMORY_H 1
#define HAVE_STRINGS_H 1
#define HAVE_INTTYPES_H 1
#define HAVE_STDINT_H 1
#define HAVE_UNISTD_H 1
#define CVD_ARCH_LITTLE_ENDIAN 1
#define CVD_HAVE_MMX 1
#define CVD_HAVE_MMXEXT 1
#define CVD_HAVE_SSE 1
#define CVD_HAVE_SSE2 1
#define CVD_HAVE_SSE3 1
#define SIZEOF_VOIDP 4
#define CVD_HAVE_ASSEMBLER 1
#define HAVE_DC1394_DC1394_H 1
#define HAVE_LIBDC1394 1
#define CVD_HAVE_DC1394V2 1
#define HAVE_LIBRAW1394_RAW1394_H 1
#define HAVE_LIBRAW1394 1
#define CVD_HAVE_DVBUFFER3 1
#define CVD_HAVE_V4L2BUFFER 1
#define HAVE_LINUX_VIDEODEV_H 1
#define CVD_HAVE_V4L1BUFFER 1
#define CVD_KERNEL_MAJOR 2
#define CVD_KERNEL_MINOR 6
#define CVD_KERNEL_RELEASE 27
#define HAVE_LIBGL 1
#define CVD_HAVE_VIDEODISPLAY 1
#define CVD_HAVE_TR1_SHARED_PTR 1
#define CVD_HAVE_TOON 1
#define HAVE_LIBLAPACK 1
#define CVD_HAVE_LAPACK 1
#define CVD_HAVE_PTHREAD 1
#define CVD_HAVE_PTHREAD_YIELD 1
#define HAVE_PNG_H 1
#define HAVE_LIBPNG 1
#define CVD_HAVE_PNG 1
#define HAVE_JPEGLIB_H 1
#define HAVE_LIBJPEG 1
#define CVD_HAVE_JPEG 1
#define CVD_INTERNAL_JPEG_BUFFER_SIZE 1
#define HAVE_TIFFIO_H 1
#define HAVE_LIBTIFF 1
#define CVD_HAVE_TIFF 1
#define CVD_INTERNAL_HAVE_TIFF_ORIENTED 1
#define HAVE_GLOB_H 1
#define CVD_HAVE_GLOB 1
#define CVD_HAVE_FENV_H 1
#define CVD_HAVE_MEMALIGN 1
#define CVD_INTERNAL_HAVE_HALFSAMPLE_MMX8 1
#define CVD_INTERNAL_HAVE_HALFSAMPLE_SSE16 1
#define CVD_INTERNAL_HAVE_YV402P_MMX 1
#define CVD_INTERNAL_HAVE_V4LBUFFER 1

configure: exit 0
