This is pdfeTeX, Version 3.141592-1.30.4-2.2 (Web2C 7.5.5) (format=pdflatex 2006.7.3)  15 AUG 2008 16:39
entering extended mode
\write18 enabled.
**main.moloko.tex
(./main.moloko.tex
LaTeX2e <2003/12/01>
Babel <v3.8d> and hyphenation patterns for american, british, french, german, n
german, dutch, esperanto, swedish, nohyphenation, loaded.
(./techdoc.cls
Document Class: techdoc 2004/10/08 technical document style

TECHDOC style, Geert-Jan M. Kruijff, Nov 2004
=============================================
Note: This package requires ``times'' for improved PDF output
(/usr/local/teTeX/share/texmf.tetex/tex/latex/psnfss/times.sty
Package: times 2004/09/15 PSNFSS-v9.2 (SPQR) 
)
(/usr/local/teTeX/share/texmf.tetex/tex/latex/base/article.cls
Document Class: article 2004/02/16 v1.4f Standard LaTeX document class
(/usr/local/teTeX/share/texmf.tetex/tex/latex/base/size11.clo
File: size11.clo 2004/02/16 v1.4f Standard LaTeX file (size option)
)
\c@part=\count79
\c@section=\count80
\c@subsection=\count81
\c@subsubsection=\count82
\c@paragraph=\count83
\c@subparagraph=\count84
\c@figure=\count85
\c@table=\count86
\abovecaptionskip=\skip41
\belowcaptionskip=\skip42
\bibindent=\dimen102
))
(/usr/local/teTeX/share/texmf.tetex/tex/latex/amsmath/amsmath.sty
Package: amsmath 2000/07/18 v2.13 AMS math features
\@mathmargin=\skip43

For additional information on amsmath, use the `?' option.
(/usr/local/teTeX/share/texmf.tetex/tex/latex/amsmath/amstext.sty
Package: amstext 2000/06/29 v2.01

(/usr/local/teTeX/share/texmf.tetex/tex/latex/amsmath/amsgen.sty
File: amsgen.sty 1999/11/30 v2.0
\@emptytoks=\toks14
\ex@=\dimen103
))
(/usr/local/teTeX/share/texmf.tetex/tex/latex/amsmath/amsbsy.sty
Package: amsbsy 1999/11/29 v1.2d
\pmbraise@=\dimen104
)
(/usr/local/teTeX/share/texmf.tetex/tex/latex/amsmath/amsopn.sty
Package: amsopn 1999/12/14 v2.01 operator names
)
\inf@bad=\count87
LaTeX Info: Redefining \frac on input line 211.
\uproot@=\count88
\leftroot@=\count89
LaTeX Info: Redefining \overline on input line 307.
\classnum@=\count90
\DOTSCASE@=\count91
LaTeX Info: Redefining \ldots on input line 379.
LaTeX Info: Redefining \dots on input line 382.
LaTeX Info: Redefining \cdots on input line 467.
\Mathstrutbox@=\box26
\strutbox@=\box27
\big@size=\dimen105
LaTeX Font Info:    Redeclaring font encoding OML on input line 567.
LaTeX Font Info:    Redeclaring font encoding OMS on input line 568.
\macc@depth=\count92
\c@MaxMatrixCols=\count93
\dotsspace@=\muskip10
\c@parentequation=\count94
\dspbrk@lvl=\count95
\tag@help=\toks15
\row@=\count96
\column@=\count97
\maxfields@=\count98
\andhelp@=\toks16
\eqnshift@=\dimen106
\alignsep@=\dimen107
\tagshift@=\dimen108
\tagwidth@=\dimen109
\totwidth@=\dimen110
\lineht@=\dimen111
\@envbody=\toks17
\multlinegap=\skip44
\multlinetaggap=\skip45
\mathdisplay@stack=\toks18
LaTeX Info: Redefining \[ on input line 2666.
LaTeX Info: Redefining \] on input line 2667.
)
(/usr/local/teTeX/share/texmf.tetex/tex/latex/hyperref/hyperref.sty
Package: hyperref 2003/11/30 v6.74m Hypertext links for LaTeX

(/usr/local/teTeX/share/texmf.tetex/tex/latex/graphics/keyval.sty
Package: keyval 1999/03/16 v1.13 key=value parser (DPC)
\KV@toks@=\toks19
)
\@linkdim=\dimen112
\Hy@linkcounter=\count99
\Hy@pagecounter=\count100

(/usr/local/teTeX/share/texmf.tetex/tex/latex/hyperref/pd1enc.def
File: pd1enc.def 2003/11/30 v6.74m Hyperref: PDFDocEncoding definition (HO)
)
(/usr/local/teTeX/share/texmf.tetex/tex/latex/hyperref/hyperref.cfg
File: hyperref.cfg 2002/06/06 v1.2 hyperref configuration of TeXLive and teTeX
)
Package hyperref Info: Option `colorlinks' set `true' on input line 1830.
Package hyperref Info: Hyper figures OFF on input line 1880.
Package hyperref Info: Link nesting OFF on input line 1885.
Package hyperref Info: Hyper index ON on input line 1888.
Package hyperref Info: Plain pages ON on input line 1893.
Package hyperref Info: Backreferencing OFF on input line 1900.

Implicit mode ON; LaTeX internals redefined
Package hyperref Info: Bookmarks ON on input line 2004.
(/usr/local/teTeX/share/texmf.tetex/tex/latex/url/url.sty
\Urlmuskip=\muskip11
Package: url 2004/03/15  ver 3.1  Verb mode for urls, etc.
)
LaTeX Info: Redefining \url on input line 2143.
\Fld@menulength=\count101
\Field@Width=\dimen113
\Fld@charsize=\dimen114
\Choice@toks=\toks20
\Field@toks=\toks21
Package hyperref Info: Hyper figures OFF on input line 2618.
Package hyperref Info: Link nesting OFF on input line 2623.
Package hyperref Info: Hyper index ON on input line 2626.
Package hyperref Info: backreferencing OFF on input line 2633.
Package hyperref Info: Link coloring ON on input line 2636.
\c@Item=\count102
\c@Hfootnote=\count103
)
*hyperref using default driver hpdftex*
(/usr/local/teTeX/share/texmf.tetex/tex/latex/hyperref/hpdftex.def
File: hpdftex.def 2003/11/30 v6.74m Hyperref driver for pdfTeX

(/usr/local/teTeX/share/texmf.tetex/tex/latex/psnfss/pifont.sty
Package: pifont 2004/09/15 PSNFSS-v9.2 Pi font support (SPQR) 
LaTeX Font Info:    Try loading font information for U+pzd on input line 63.

(/usr/local/teTeX/share/texmf.tetex/tex/latex/psnfss/upzd.fd
File: upzd.fd 2001/06/04 font definitions for U/pzd.
)
LaTeX Font Info:    Try loading font information for U+psy on input line 64.

(/usr/local/teTeX/share/texmf.tetex/tex/latex/psnfss/upsy.fd
File: upsy.fd 2001/06/04 font definitions for U/psy.
))
\Fld@listcount=\count104
\@outlinefile=\write3
)
(/usr/local/teTeX/share/texmf.tetex/tex/latex/base/inputenc.sty
Package: inputenc 2004/02/05 v1.0d Input encoding file

(/usr/local/teTeX/share/texmf.tetex/tex/latex/base/latin1.def
File: latin1.def 2004/02/05 v1.0d Input encoding file
))
(./main.moloko.aux)
\openout1 = `main.moloko.aux'.

LaTeX Font Info:    Checking defaults for OML/cmm/m/it on input line 105.
LaTeX Font Info:    ... okay on input line 105.
LaTeX Font Info:    Checking defaults for T1/cmr/m/n on input line 105.
LaTeX Font Info:    ... okay on input line 105.
LaTeX Font Info:    Checking defaults for OT1/cmr/m/n on input line 105.
LaTeX Font Info:    ... okay on input line 105.
LaTeX Font Info:    Checking defaults for OMS/cmsy/m/n on input line 105.
LaTeX Font Info:    ... okay on input line 105.
LaTeX Font Info:    Checking defaults for OMX/cmex/m/n on input line 105.
LaTeX Font Info:    ... okay on input line 105.
LaTeX Font Info:    Checking defaults for U/cmr/m/n on input line 105.
LaTeX Font Info:    ... okay on input line 105.
LaTeX Font Info:    Checking defaults for PD1/pdf/m/n on input line 105.
LaTeX Font Info:    ... okay on input line 105.
LaTeX Font Info:    Try loading font information for OT1+ptm on input line 105.


(/usr/local/teTeX/share/texmf.tetex/tex/latex/psnfss/ot1ptm.fd
File: ot1ptm.fd 2001/06/04 font definitions for OT1/ptm.
)
(/usr/local/teTeX/share/texmf.tetex/tex/latex/graphics/color.sty
Package: color 1999/02/16 v1.0i Standard LaTeX Color (DPC)

(/usr/local/teTeX/share/texmf.tetex/tex/latex/graphics/color.cfg
File: color.cfg 2005/02/03 v1.3 color configuration of teTeX/TeXLive
)
Package color Info: Driver file: pdftex.def on input line 125.

(/usr/local/teTeX/share/texmf.tetex/tex/latex/graphics/pdftex.def
File: pdftex.def 2002/06/19 v0.03k graphics/color for pdftex
\Gread@gobject=\count105

(/usr/local/teTeX/share/texmf.tetex/tex/context/base/supp-pdf.tex
(/usr/local/teTeX/share/texmf.tetex/tex/context/base/supp-mis.tex
loading : Context Support Macros / Miscellaneous (2004.10.26)
\protectiondepth=\count106
\scratchcounter=\count107
\scratchtoks=\toks22
\scratchdimen=\dimen115
\scratchskip=\skip46
\scratchmuskip=\muskip12
\scratchbox=\box28
\scratchread=\read1
\scratchwrite=\write4
\zeropoint=\dimen116
\onepoint=\dimen117
\onebasepoint=\dimen118
\minusone=\count108
\thousandpoint=\dimen119
\onerealpoint=\dimen120
\emptytoks=\toks23
\nextbox=\box29
\nextdepth=\dimen121
\everyline=\toks24
\!!counta=\count109
\!!countb=\count110
\recursecounter=\count111
)
loading : Context Support Macros / PDF (2004.03.26)
\nofMPsegments=\count112
\nofMParguments=\count113
\MPscratchCnt=\count114
\MPscratchDim=\dimen122
\MPnumerator=\count115
\everyMPtoPDFconversion=\toks25
)))
Package hyperref Info: Link coloring ON on input line 105.
 (/usr/local/teTeX/share/texmf.tetex/tex/latex/hyperref/nameref.sty
Package: nameref 2003/12/03 v2.21 Cross-referencing by name of section
\c@section@level=\count116
)
LaTeX Info: Redefining \ref on input line 105.
LaTeX Info: Redefining \pageref on input line 105.

(./main.moloko.out) (./main.moloko.out)
\openout3 = `main.moloko.out'.

LaTeX Font Info:    Font shape `OT1/ptm/bx/n' in size <12> not available
(Font)              Font shape `OT1/ptm/b/n' tried instead on input line 108.
LaTeX Font Info:    Try loading font information for OT1+pcr on input line 108.


(/usr/local/teTeX/share/texmf.tetex/tex/latex/psnfss/ot1pcr.fd
File: ot1pcr.fd 2001/06/04 font definitions for OT1/pcr.
)
(./abstract.moloko.tex
LaTeX Font Info:    Font shape `OT1/ptm/bx/n' in size <9> not available
(Font)              Font shape `OT1/ptm/b/n' tried instead on input line 1.
) (./main.moloko.toc
LaTeX Font Info:    Font shape `OT1/ptm/bx/n' in size <10.95> not available
(Font)              Font shape `OT1/ptm/b/n' tried instead on input line 1.
 [1

{/usr/local/teTeX/share/texmf.local/fonts/map/pdftex/updmap/pdftex.map}]
LaTeX Font Info:    Font shape `OT1/ptm/bx/it' in size <10.95> not available
(Font)              Font shape `OT1/ptm/b/it' tried instead on input line 38.
 [2])
\tf@toc=\write5
\openout5 = `main.moloko.toc'.

 [3] (./intro.moloko.tex
LaTeX Font Info:    Font shape `OT1/ptm/bx/n' in size <14.4> not available
(Font)              Font shape `OT1/ptm/b/n' tried instead on input line 1.
)
(./semantics.moloko.tex [4] [5]
LaTeX Font Info:    Try loading font information for OMS+ptm on input line 33.

(/usr/local/teTeX/share/texmf.tetex/tex/latex/psnfss/omsptm.fd
File: omsptm.fd 
)
LaTeX Font Info:    Font shape `OMS/ptm/m/n' in size <10.95> not available
(Font)              Font shape `OMS/cmsy/m/n' tried instead on input line 33.
 [6] [7]
[8]
Overfull \hbox (22.81522pt too wide) in paragraph at lines 145--146
\OT1/ptm/m/n/10.95 these uses re-ceive the same se-man-tics: the nom-i-na-tive,
 sin-gu-lar form as $[]$
 []

[9]
Overfull \hbox (34.19952pt too wide) in paragraph at lines 200--200
[]                        \OT1/pcr/m/n/10.95 <Patient>(i1:thing ^ it ^ <Num>sg)
 )[] 
 []

[10]
Overfull \hbox (7.91956pt too wide) in paragraph at lines 200--200
[]                    \OT1/pcr/m/n/10.95 <Actor>(s1:person ^ she ^ <Num>sg) )[]
 
 []


Overfull \hbox (10.92651pt too wide) in paragraph at lines 204--205
\OT1/ptm/m/n/10.95 Mood--the clas-si-fi-ca-tion of ut-ter-ances into im-per-a-t
ives, in-ter-rog-a-tives and indicatives--
 []

[11]
Underfull \hbox (badness 10000) in paragraph at lines 251--252

 []


Underfull \hbox (badness 10000) in paragraph at lines 255--256

 []


Underfull \hbox (badness 10000) in paragraph at lines 258--259

 []


Overfull \hbox (18.05566pt too wide) in paragraph at lines 264--265
\OMS/cmsy/m/n/10.95 h\OML/cmm/m/it/10.95 Modifier\OMS/cmsy/m/n/10.95 i$\OT1/ptm
/m/n/10.95 . Func-tional sub-cat-e-go-riza-tion has been moved to the se-man-ti
c/ontological
 []

[12]
Underfull \hbox (badness 10000) in paragraph at lines 282--284

 []

[13]
Underfull \hbox (badness 10000) in paragraph at lines 286--287

 []


Underfull \hbox (badness 10000) in paragraph at lines 295--297

 []

[14] [15]
Overfull \hbox (7.91956pt too wide) in paragraph at lines 391--391
[]                        \OT1/pcr/m/n/10.95 <Actor>(a1:entity ^ addressee) ^[]
 
 []


Overfull \hbox (34.19952pt too wide) in paragraph at lines 391--391
[]                        \OT1/pcr/m/n/10.95 <Patient>(i1:thing ^ it ^ <Num>sg)
 ^[] 
 []


Overfull \hbox (14.48955pt too wide) in paragraph at lines 391--391
[]                        \OT1/pcr/m/n/10.95 <Result>(c1:m-whereto ^ context ^[
] 
 []


Overfull \hbox (1.34956pt too wide) in paragraph at lines 391--391
[]                                 \OT1/pcr/m/n/10.95 <Proximity>m-distal) ^[] 

 []


Overfull \hbox (14.48955pt too wide) in paragraph at lines 391--391
[]                       \OT1/pcr/m/n/10.95 <Anchor>(c1:e-location ^ context ^[
] 
 []


Overfull \hbox (34.19952pt too wide) in paragraph at lines 391--391
[]                                \OT1/pcr/m/n/10.95 <Quantification>specific )
))[] 
 []


Overfull \hbox (53.9095pt too wide) in paragraph at lines 391--391
[]                            \OT1/pcr/m/n/10.95 <Anchor>(c1:e-time-unit ^ cont
ext ^[] 
 []


Overfull \hbox (27.62953pt too wide) in paragraph at lines 391--391
[]                                     \OT1/pcr/m/n/10.95 <Delimitation>unique 
^[] 
 []


Overfull \hbox (60.47949pt too wide) in paragraph at lines 391--391
[]                                     \OT1/pcr/m/n/10.95 <Quantification>speci
fic) ^[] 
 []

[16]
Overfull \hbox (27.62953pt too wide) in paragraph at lines 413--413
[]                      \OT1/pcr/m/n/10.95 <Event>(t1:action-non-motion ^ take 
^[] 
 []


Overfull \hbox (7.91956pt too wide) in paragraph at lines 427--427
[]                         \OT1/pcr/m/n/10.95 <Role-in>(w3:cognition ^ want ^[]
 
 []


Overfull \hbox (34.19952pt too wide) in paragraph at lines 427--427
[]                                   \OT1/pcr/m/n/10.95 <Event>w2:action-motion
 ^[] 
 []


Overfull \hbox (7.91956pt too wide) in paragraph at lines 427--427
[]                                   \OT1/pcr/m/n/10.95 <Subject>i1:person)))[]
 
 []


Overfull \hbox (85.4951pt too wide) in paragraph at lines 428--429
\OT1/ptm/m/n/10.95 This could then al-low sen-tences like \OT1/ptm/m/it/10.95 p
ut it $[]$\OT1/ptm/m/n/10.95 , \OT1/ptm/m/it/10.95 I went $[]$,
 []


Underfull \hbox (badness 10000) in paragraph at lines 431--436

 []

[17]
Underfull \hbox (badness 10000) in paragraph at lines 439--443

 []

) (./dual-relation.moloko.tex
LaTeX Font Info:    Font shape `OT1/ptm/bx/sc' in size <12> not available
(Font)              Font shape `OT1/ptm/b/sc' tried instead on input line 5.

Underfull \hbox (badness 10000) in paragraph at lines 13--14

 []

[18]
Underfull \hbox (badness 10000) in paragraph at lines 34--35

 []


Underfull \hbox (badness 10000) in paragraph at lines 36--38

 []

[19]
Overfull \hbox (1.10593pt too wide) in paragraph at lines 51--52
[]\OT1/ptm/m/n/10.95 Adverb Mod-i-fiers: go to the kitchen $[]$, please don't d
o it $[]$ 
 []


Overfull \hbox (20.93541pt too wide) in paragraph at lines 55--56
\OT1/ptm/m/n/10.95 form-ing the mod-i-fy-ing role can-not be con-joined, i.e. s
en-tences like \OT1/ptm/m/it/10.95 the $[]$
 []


Overfull \hbox (35.11528pt too wide) in paragraph at lines 55--56
\OT1/ptm/m/it/10.95 ones \OT1/ptm/m/n/10.95 , \OT1/ptm/m/it/10.95 put it on the
 ta-ble $[]$  \OT1/ptm/m/n/10.95 and \OT1/ptm/m/it/10.95 I walked $[]$
 []


Underfull \hbox (badness 10000) in paragraph at lines 59--60

 []


Underfull \hbox (badness 10000) in paragraph at lines 61--64

 []


Overfull \hbox (12.95268pt too wide) in paragraph at lines 61--64
\OT1/ptm/m/n/10.95 The re-sult is the fa-mil-iar pre-nominal ad-jec-tive read-i
ng, but in-stead of the $\OMS/cmsy/m/n/10.95 h\OML/cmm/m/it/10.95 Modifier\OMS/
cmsy/m/n/10.95 i$
 []

[20] [21]) (./event-modifier-restriction.moloko.tex [22] [23]
Underfull \hbox (badness 10000) in paragraph at lines 40--41

 []


Underfull \hbox (badness 10000) in paragraph at lines 42--44

 []


Underfull \hbox (badness 10000) in paragraph at lines 46--47

 []


Underfull \hbox (badness 10000) in paragraph at lines 48--51

 []

) (./mood.moloko.tex [24]

LaTeX Warning: Reference `tab-Identifying-Mood' on page 25 undefined on input l
ine 38.

[25] [26]
Underfull \hbox (badness 10000) in paragraph at lines 79--80

 []


Underfull \hbox (badness 10000) in paragraph at lines 81--84

 []


Underfull \hbox (badness 10000) in paragraph at lines 88--91

 []

[27] [28]

LaTeX Warning: Reference `sec-contextualized' on page 29 undefined on input lin
e 128.


Overfull \hbox (60.47949pt too wide) in paragraph at lines 140--140
[]                               \OT1/pcr/m/n/10.95 <Anchor>(o1:e-location ^ of
fice ^[] 
 []


Overfull \hbox (47.33951pt too wide) in paragraph at lines 140--140
[]                                        \OT1/pcr/m/n/10.95 <Delimination>uniq
ue ^[] 
 []


Overfull \hbox (86.75946pt too wide) in paragraph at lines 140--140
[]                                        \OT1/pcr/m/n/10.95 <Quantification>sp
ecific)) ^[] 
 []


Overfull \hbox (32.49374pt too wide) in paragraph at lines 156--156
[] 
 []

[29]
Overfull \hbox (40.76952pt too wide) in paragraph at lines 175--175
[]                               \OT1/pcr/m/n/10.95 <Anchor>(o1:e-place ^ offic
e ^[] 
 []


Overfull \hbox (47.33951pt too wide) in paragraph at lines 175--175
[]                                        \OT1/pcr/m/n/10.95 <Delimitation>uniq
ue ^[] 
 []


Overfull \hbox (93.32945pt too wide) in paragraph at lines 175--175
[]                                        \OT1/pcr/m/n/10.95 <Quantification>sp
ecific))) ^[] 
 []


Overfull \hbox (1.34956pt too wide) in paragraph at lines 175--175
[]                   \OT1/pcr/m/n/10.95 <Modifier>(c1:m-location ^ context ^[] 

 []


Overfull \hbox (10.016pt too wide) in paragraph at lines 194--194
[] 
 []

[30]
Overfull \hbox (3.06445pt too wide) in paragraph at lines 221--222
\OT1/ptm/m/n/10.95 Open in-ter-rog-a-tive clauses are the most var-ied se-man-t
i-cally and syn-tac-ti-cally among
 []

[31]
Overfull \hbox (44.01492pt too wide) in paragraph at lines 255--255
[] 
 []

[32]
Overfull \hbox (7.91956pt too wide) in paragraph at lines 272--272
[]                                  \OT1/pcr/m/n/10.95 <Delimination>unique ^[]
 
 []


Overfull \hbox (47.33951pt too wide) in paragraph at lines 272--272
[]                                  \OT1/pcr/m/n/10.95 <Quantification>specific
)) ^[] 
 []


Overfull \hbox (1.34956pt too wide) in paragraph at lines 290--290
[]                           \OT1/pcr/m/n/10.95 <Scope>(c1:quality ^ color ^[] 

 []

[33]
Overfull \hbox (7.91956pt too wide) in paragraph at lines 305--305
[]                           \OT1/pcr/m/n/10.95 <Scope>s1:action-non-motion))[]
 
 []


LaTeX Warning: Reference `sec-Event-Modifier-Restriction' on page 34 undefined 
on input line 306.

) (./the-be-verb.moloko.tex
LaTeX Font Info:    Font shape `OT1/ptm/bx/it' in size <14.4> not available
(Font)              Font shape `OT1/ptm/b/it' tried instead on input line 1.
 [34]
Overfull \hbox (14.48955pt too wide) in paragraph at lines 27--27
[]                               \OT1/pcr/m/n/10.95 <Anchor>(i1:person ^ I ) ^[
] 
 []

[35]
Overfull \hbox (7.91956pt too wide) in paragraph at lines 83--83
[]                 \OT1/pcr/m/n/10.95 <Cop-Scope>(c1:m-location ^ context ) ^[]
 
 []


Underfull \hbox (badness 10000) in paragraph at lines 85--88

 []


Underfull \hbox (badness 10000) in paragraph at lines 85--88

 []

[36] [37]
Overfull \hbox (21.05954pt too wide) in paragraph at lines 175--175
[]                             \OT1/pcr/m/n/10.95 <Modifier>(b2:q-size ^ big) ^
[] 
 []


Overfull \hbox (47.33951pt too wide) in paragraph at lines 175--175
[]                             \OT1/pcr/m/n/10.95 <Modifier>(g1:q-color ^ green
)) ^[] 
 []


Overfull \hbox (21.05954pt too wide) in paragraph at lines 175--175
[]                             \OT1/pcr/m/n/10.95 <Anchor>(c2:animate ^ cat ^ )
[] 
 []

[38]
Overfull \hbox (1.34956pt too wide) in paragraph at lines 192--192
[]                             \OT1/pcr/m/n/10.95 <Quantification>specific ^[] 

 []


Overfull \hbox (27.62953pt too wide) in paragraph at lines 192--192
[]                                     \OT1/pcr/m/n/10.95 <Delimitation>unique 
^[] 
 []


Overfull \hbox (67.04948pt too wide) in paragraph at lines 192--192
[]                                     \OT1/pcr/m/n/10.95 <Quantification>speci
fic)) ^[] 
 []


! LaTeX Error: There's no line here to end.

See the LaTeX manual or LaTeX Companion for explanation.
Type  H <return>  for immediate help.
 ...                                              
                                                  
l.193 \textbf
             { \ul{Questioning the \diam{Cop-Restr} }} \\ \\
? 

Underfull \hbox (badness 10000) in paragraph at lines 193--195

 []


Overfull \hbox (53.9095pt too wide) in paragraph at lines 204--204
[]                             \OT1/pcr/m/n/10.95 <Anchor>(c1:e-location ^ cont
ext )[] 
 []


Underfull \hbox (badness 10000) in paragraph at lines 205--208

 []

[39]
Underfull \hbox (badness 10000) in paragraph at lines 231--232

 []


Underfull \hbox (badness 10000) in paragraph at lines 239--241

 []


Overfull \hbox (27.62953pt too wide) in paragraph at lines 249--249
[]                              \OT1/pcr/m/n/10.95 <Anchor>(t1:thing ^ table ^)
)[] 
 []

[40]
Overfull \hbox (40.76952pt too wide) in paragraph at lines 262--262
[]                                \OT1/pcr/m/n/10.95 <Anchor>(r1:e-place ^ room
) ^[] 
 []


Overfull \hbox (14.48955pt too wide) in paragraph at lines 262--262
[]                                \OT1/pcr/m/n/10.95 <First>(c1:animate ^ cat)[
] 
 []


Overfull \hbox (27.62953pt too wide) in paragraph at lines 262--262
[]                                 \OT1/pcr/m/n/10.95 <Next>(d1:animate ^ dog )
)[] 
 []


Overfull \hbox (14.48955pt too wide) in paragraph at lines 282--282
[]                     \OT1/pcr/m/n/10.95 <Modifier>(c1:m-location ^ context ^[
] 
 []


Overfull \hbox (47.33951pt too wide) in paragraph at lines 282--282
[]                     \OT1/pcr/m/n/10.95 <Modifier>(y1:m-time-point ^ yesterda
y) ^[] 
 []

) (./incrementality.moloko.tex [41]
Underfull \hbox (badness 10000) in paragraph at lines 16--17

 []

[42] [43] [44] [45] [46]
Overfull \hbox (40.76952pt too wide) in paragraph at lines 178--178
[]                                  \OT1/pcr/m/n/10.95 <Anchor>(t1:thing ^ tabl
e ^[] 
 []


Overfull \hbox (67.04948pt too wide) in paragraph at lines 178--178
[]                                           \OT1/pcr/m/n/10.95 <Delimination>u
nique ^[] 
 []


Overfull \hbox (113.03943pt too wide) in paragraph at lines 178--178
[]                                           \OT1/pcr/m/n/10.95 <Quantification
>specific))) ^[] 
 []


Overfull \hbox (27.62953pt too wide) in paragraph at lines 178--178
[]                               \OT1/pcr/m/n/10.95 <Quantification>specific)) 
^[] 
 []

[47]
Underfull \hbox (badness 10000) in paragraph at lines 219--220

 []


Underfull \hbox (badness 10000) in paragraph at lines 221--224

 []


Underfull \hbox (badness 10000) in paragraph at lines 221--224

 []


Underfull \hbox (badness 10000) in paragraph at lines 225--227

 []


Underfull \hbox (badness 10000) in paragraph at lines 225--227

 []

[48]
Underfull \hbox (badness 10000) in paragraph at lines 228--230

 []

[49] [50]
Overfull \hbox (27.62953pt too wide) in paragraph at lines 301--301
[]                                \OT1/pcr/m/n/10.95 <Quantification>specific))
)[] 
 []

) (./families.moloko.tex
Underfull \hbox (badness 10000) in paragraph at lines 3--6

 []


Underfull \hbox (badness 10000) in paragraph at lines 3--6

 []


Underfull \hbox (badness 10000) in paragraph at lines 3--6

 []

LaTeX Font Info:    Try loading font information for OT1+phv on input line 7.
(/usr/local/teTeX/share/texmf.tetex/tex/latex/psnfss/ot1phv.fd
File: ot1phv.fd 2001/06/04 scalable font definitions for OT1/phv.
)
Underfull \hbox (badness 10000) in paragraph at lines 11--14

 []


Underfull \hbox (badness 10000) in paragraph at lines 17--18

 []


! LaTeX Error: There's no line here to end.

See the LaTeX manual or LaTeX Companion for explanation.
Type  H <return>  for immediate help.
 ...                                              
                                                  
l.21 ...\ \diam{First}(F) \wand\ \diam{Next}(N) )}
                                                   \\
? 

Underfull \hbox (badness 10000) in paragraph at lines 21--22

 []


LaTeX Warning: Reference `XXX' on page 51 undefined on input line 23.

[51]
Underfull \hbox (badness 10000) in paragraph at lines 25--27

 []


Underfull \hbox (badness 10000) in paragraph at lines 25--27

 []

LaTeX Font Info:    Font shape `OMS/ptm/m/it' in size <10.95> not available
(Font)              Font shape `OMS/cmsy/m/n' tried instead on input line 37.
[52]
Underfull \hbox (badness 10000) in paragraph at lines 68--74

 []


Underfull \hbox (badness 10000) in paragraph at lines 68--74

 []


Overfull \hbox (34.59708pt too wide) in paragraph at lines 83--88
[]$   \OT1/ptm/m/n/10.95 :   $\OT1/cmr/m/n/10.95 @[]$\OT1/ptm/m/n/10.95 (  $\OM
S/cmsy/m/n/10.95 h\OML/cmm/m/it/10.95 Compound\OMS/cmsy/m/n/10.95 i$\OT1/ptm/m/
n/10.95 (c:entity)
 []


Underfull \hbox (badness 10000) in paragraph at lines 89--90

 []

[53] [54]
Overfull \hbox (14.54962pt too wide) in paragraph at lines 135--140
\OT1/ptm/m/n/10.95 Possessive pro-nouns (e.g. \OT1/ptm/m/it/10.95 my, your, his
\OT1/ptm/m/n/10.95 ) are han-dled in the noun fam-ily $[]$
 []


Underfull \hbox (badness 10000) in paragraph at lines 135--140

 []

[55]
Overfull \hbox (11.72743pt too wide) in paragraph at lines 155--160
\OT1/ptm/m/n/10.95 - cre-ates a group with head $\OT1/cmss/m/n/10.95 n$ \OT1/pt
m/m/n/10.95 or $[]$, sub-set spec-i-fied by feats and/or $\OMS/cmsy/m/n/10.95 h
\OML/cmm/m/it/10.95 Modifier\OMS/cmsy/m/n/10.95 i$ 
 []

[56]

LaTeX Warning: Reference `sec-Event-Modifier-Restriction' on page 57 undefined 
on input line 188.


Underfull \hbox (badness 10000) in paragraph at lines 193--198

 []


Underfull \hbox (badness 10000) in paragraph at lines 193--198

 []


Underfull \hbox (badness 10000) in paragraph at lines 204--207

 []

[57]
Underfull \hbox (badness 10000) in paragraph at lines 214--217

 []


Underfull \hbox (badness 10000) in paragraph at lines 217--221

 []


Underfull \hbox (badness 10000) in paragraph at lines 232--235

 []


Underfull \hbox (badness 10000) in paragraph at lines 235--238

 []


Underfull \hbox (badness 10000) in paragraph at lines 241--245

 []

[58]
Underfull \hbox (badness 10000) in paragraph at lines 256--258

 []


Overfull \hbox (4.67105pt too wide) in paragraph at lines 262--264
\OT1/phv/m/n/10.95 verb-reg (want, m-class-3, xxxxx, tv v+verb-inf v+np+verb-in
f v+np+pp-
 []

[59]
Underfull \hbox (badness 10000) in paragraph at lines 282--287

 []


Underfull \hbox (badness 10000) in paragraph at lines 287--292

 []


Underfull \hbox (badness 10000) in paragraph at lines 292--297

 []

[60]
Overfull \hbox (2.26149pt too wide) in paragraph at lines 307--310
\OT1/cmr/m/n/10.95 @[]$\OT1/ptm/m/n/10.95 ( $[]$ $\OMS/cmsy/m/n/10.95 ^$$h\OML/
cmm/m/it/10.95 Mood\OMS/cmsy/m/n/10.95 i$\OT1/ptm/m/n/10.95 (int) $\OMS/cmsy/m/
n/10.95 ^$$h\OML/cmm/m/it/10.95 Subject\OMS/cmsy/m/n/10.95 i$\OT1/ptm/m/n/10.95
 (D:dummy) $\OMS/cmsy/m/n/10.95 ^$$h\OML/cmm/m/it/10.95 Presented\OMS/cmsy/m/n/
10.95 i$\OT1/ptm/m/n/10.95 (S:entity)) 
 []


Overfull \hbox (30.51419pt too wide) in paragraph at lines 310--313
\OT1/cmr/m/n/10.95 @[]$\OT1/ptm/m/n/10.95 ( $[]$ $\OMS/cmsy/m/n/10.95 ^$$h\OML/
cmm/m/it/10.95 Mood\OMS/cmsy/m/n/10.95 i$\OT1/ptm/m/n/10.95 (ind) $\OMS/cmsy/m/
n/10.95 ^$$h\OML/cmm/m/it/10.95 Modifier\OMS/cmsy/m/n/10.95 i$\OT1/ptm/m/n/10.9
5 (M:m-location) $\OMS/cmsy/m/n/10.95 ^$$h\OML/cmm/m/it/10.95 Presented\OMS/cms
y/m/n/10.95 i$\OT1/ptm/m/n/10.95 (S:entity)) 
 []


Overfull \hbox (14.48955pt too wide) in paragraph at lines 334--334
[]                     \OT1/pcr/m/n/10.95 <Modifier>(c1:m-location ^ context ^[
] 
 []


Overfull \hbox (34.19952pt too wide) in paragraph at lines 334--334
[]                                 \OT1/pcr/m/n/10.95 <Delimitation>existential
 ^[] 
 []


Overfull \hbox (27.62953pt too wide) in paragraph at lines 334--334
[]                                 \OT1/pcr/m/n/10.95 <Quantification>specific)
)[] 
 []


Overfull \hbox (34.19952pt too wide) in paragraph at lines 334--334
[]                                 \OT1/pcr/m/n/10.95 <Delimitation>existential
 ^[] 
 []


Overfull \hbox (34.19952pt too wide) in paragraph at lines 334--334
[]                                 \OT1/pcr/m/n/10.95 <Quantification>specific)
 ^[] 
 []


Underfull \hbox (badness 10000) in paragraph at lines 338--340

 []


Overfull \hbox (46.9585pt too wide) in paragraph at lines 341--346
\OMS/cmsy/m/n/10.95 `$   $[]$
 []

[61]
Overfull \hbox (1.64206pt too wide) in paragraph at lines 355--359
\OT1/cmr/m/n/10.95 @[]$\OT1/ptm/m/n/10.95 ( $[]$ $\OMS/cmsy/m/n/10.95 ^$ $h\OML
/cmm/m/it/10.95 Modifier\OMS/cmsy/m/n/10.95 i$\OT1/ptm/m/n/10.95 ($[]$) $\OMS/c
msy/m/n/10.95 ^$ $h\OML/cmm/m/it/10.95 Mood\OMS/cmsy/m/n/10.95 i$\OT1/ptm/m/n/1
0.95 (int) $\OMS/cmsy/m/n/10.95 ^$ $h\OML/cmm/m/it/10.95 Subject\OMS/cmsy/m/n/1
0.95 i$\OT1/ptm/m/n/10.95 (S:entity)) 
 []


Underfull \hbox (badness 10000) in paragraph at lines 365--367

 []


! LaTeX Error: There's no line here to end.

See the LaTeX manual or LaTeX Companion for explanation.
Type  H <return>  for immediate help.
 ...                                              
                                                  
l.370 ...  {\atsign{S}{entity}( \prop{context} ) }
                                                  
? 

Overfull \hbox (36.19409pt too wide) in paragraph at lines 370--371
[]$\OMS/cmsy/m/n/10.95 `$   $[]$
 []


! LaTeX Error: There's no line here to end.

See the LaTeX manual or LaTeX Companion for explanation.
Type  H <return>  for immediate help.
 ...                                              
                                                  
l.373                  { no semantics }
                                       
? 

Overfull \hbox (76.01476pt too wide) in paragraph at lines 373--374
[]$\OMS/cmsy/m/n/10.95 `$   $[]$
 []


! LaTeX Error: There's no line here to end.

See the LaTeX manual or LaTeX Companion for explanation.
Type  H <return>  for immediate help.
 ...                                              
                                                  
l.376 ...   \atsign{S}{entity}( \prop{context} ) }
                                                  
? 
[62]

! LaTeX Error: There's no line here to end.

See the LaTeX manual or LaTeX Companion for explanation.
Type  H <return>  for immediate help.
 ...                                              
                                                  
l.378 ...t) \wand\ \diam{Subject}(X:entity)  \ ) }
                                                  
? 

Underfull \hbox (badness 10000) in paragraph at lines 380--382

 []


Overfull \hbox (11.224pt too wide) in paragraph at lines 386--387
\OT1/ptm/m/n/10.95 All of the aux-il-iary verbs are in-di-vid-u-ally spec-i-fie
d in  \OT1/pcr/m/n/10.95 dictionary-closed.ccg 
 []


! LaTeX Error: There's no line here to end.

See the LaTeX manual or LaTeX Companion for explanation.
Type  H <return>  for immediate help.
 ...                                              
                                                  
l.389 ...n{Mood Rules} \label{sec-Mood-Rules}\\ \\
                                                  
? 

! LaTeX Error: There's no line here to end.

See the LaTeX manual or LaTeX Companion for explanation.
Type  H <return>  for immediate help.
 ...                                              
                                                  
l.390 T
       hese are the Mood Rules described in section \ref{sec-Mood}.
? 
[63]
Underfull \hbox (badness 10000) in paragraph at lines 424--427

 []


Overfull \hbox (5.80246pt too wide) in paragraph at lines 432--435
[]\OT1/ptm/m/sc/10.95 degree\OT1/ptm/m/n/10.95 :  \OT1/ptm/m/it/10.95 s-no-degr
ees s-degree \OMS/cmsy/m/n/10.95 f\OT1/ptm/m/it/10.95 s-degree-base s-comparati
ve s-superlative\OMS/cmsy/m/n/10.95 g
 []


Underfull \hbox (badness 10000) in paragraph at lines 432--435

 []


LaTeX Warning: Reference `sec-Dual-Relation-Word' on page 64 undefined on input
 line 437.


Underfull \hbox (badness 10000) in paragraph at lines 436--439

 []


Underfull \hbox (badness 10000) in paragraph at lines 436--439

 []

[64]
Underfull \hbox (badness 10000) in paragraph at lines 451--463

 []


Underfull \hbox (badness 10000) in paragraph at lines 451--463

 []


Underfull \hbox (badness 10000) in paragraph at lines 451--463

 []


Underfull \hbox (badness 10000) in paragraph at lines 451--463

 []


Underfull \hbox (badness 10000) in paragraph at lines 451--463

 []


Underfull \hbox (badness 10000) in paragraph at lines 451--463

 []


Underfull \hbox (badness 10000) in paragraph at lines 451--463

 []


Underfull \hbox (badness 10000) in paragraph at lines 451--463

 []


Underfull \hbox (badness 10000) in paragraph at lines 451--463

 []

[65]
Underfull \hbox (badness 10000) in paragraph at lines 479--481

 []


Underfull \hbox (badness 10000) in paragraph at lines 479--481

 []


Underfull \hbox (badness 10000) in paragraph at lines 496--498

 []


Underfull \hbox (badness 10000) in paragraph at lines 496--498

 []

[66]
Underfull \hbox (badness 10000) in paragraph at lines 508--511

 []


Underfull \hbox (badness 10000) in paragraph at lines 514--517

 []

[67]
Underfull \hbox (badness 10000) in paragraph at lines 522--524

 []


Underfull \hbox (badness 10000) in paragraph at lines 534--535

 []

! Undefined control sequence.
<argument>  \cxx {E}{s}{s-int} \ \ + 1 \Ê
                                         \ \ ( + 2 ) 
l.547 ...}(S) \wand\ \diam{Wh-Restr}( + 3 ) \  ) }
                                                   \\ \\
? 

Underfull \hbox (badness 10000) in paragraph at lines 545--549

 []


Underfull \hbox (badness 10000) in paragraph at lines 545--549

 []

[68]
Overfull \hbox (7.95pt too wide) in paragraph at lines 553--554
[]\OT1/ptm/m/n/10.95 Each sub-ject en-try has: (1) = $[]$ and (3) in-volves $\O
T1/cmr/m/n/10.95 @[]$\OT1/ptm/m/n/10.95 ,
 []


Overfull \hbox (92.48138pt too wide) in paragraph at lines 554--555
[]\OT1/ptm/m/n/10.95 Each other en-try in-volves a ver-bal group 'miss-ing' a c
om-ple-ment, i.e. $[]$.
 []


Overfull \hbox (36.29951pt too wide) in paragraph at lines 563--564
[]\OT1/ptm/m/n/10.95 has (1) = $[]$ 
 []

[69]
Underfull \hbox (badness 10000) in paragraph at lines 574--579

 []


Overfull \hbox (15.58464pt too wide) in paragraph at lines 595--595
 []                \OT1/pcr/m/n/10.95 <Actor>(y1:person ^ you ^  <Num>sg) ^[] 
 []


Overfull \hbox (28.72462pt too wide) in paragraph at lines 595--595
 []                           \OT1/pcr/m/n/10.95 <Scope>(c2:quality ^ color ^[]
 
 []


Overfull \hbox (22.15463pt too wide) in paragraph at lines 595--595
 []                                   \OT1/pcr/m/n/10.95 <Scope>c1:entity)))[] 

 []

[70]
Overfull \hbox (15.58464pt too wide) in paragraph at lines 606--606
 []                \OT1/pcr/m/n/10.95 <Actor>(y1:person ^ you ^  <Num>sg) ^[] 
 []


! LaTeX Error: There's no line here to end.

See the LaTeX manual or LaTeX Companion for explanation.
Type  H <return>  for immediate help.
 ...                                              
                                                  
l.607 \item
            \family{Wh-pp-}    {where}
? 

Underfull \hbox (badness 10000) in paragraph at lines 612--617

 []


Underfull \hbox (badness 10000) in paragraph at lines 625--630

 []

[71]

LaTeX Warning: Reference `sec-Event-Modifier-Restriction' on page 72 undefined 
on input line 647.


Underfull \hbox (badness 10000) in paragraph at lines 640--649

 []


Underfull \hbox (badness 10000) in paragraph at lines 640--649

 []


Underfull \hbox (badness 10000) in paragraph at lines 640--649

 []


Underfull \hbox (badness 10000) in paragraph at lines 640--649

 []

[72]
Overfull \hbox (7.91956pt too wide) in paragraph at lines 677--677
[]                     \OT1/pcr/m/n/10.95 <Next>(p1:action-non-motion ^ put ^[]
 
 []


Overfull \hbox (34.19952pt too wide) in paragraph at lines 677--677
[]                            \OT1/pcr/m/n/10.95 <Actor>(a1:entity ^ addressee)
 ^[] 
 []


Overfull \hbox (60.47949pt too wide) in paragraph at lines 677--677
[]                            \OT1/pcr/m/n/10.95 <Patient>(i1:thing ^ it ^ <Num
>sg) ^[] 
 []


Overfull \hbox (40.76952pt too wide) in paragraph at lines 677--677
[]                            \OT1/pcr/m/n/10.95 <Result>(c1:m-whereto ^ contex
t ^[] 
 []


Overfull \hbox (21.05954pt too wide) in paragraph at lines 677--677
[]                                     \OT1/pcr/m/n/10.95 <Proximity>m-distal ^
[] 
 []


Overfull \hbox (106.46944pt too wide) in paragraph at lines 677--677
[]                                     \OT1/pcr/m/n/10.95 <Modifier>(o2:directi
on ^ over)) ^[] 
 []


Underfull \hbox (badness 10000) in paragraph at lines 678--680

 []


Underfull \hbox (badness 10000) in paragraph at lines 681--688

 []

[73]
Underfull \hbox (badness 10000) in paragraph at lines 689--691

 []


Overfull \hbox (14.48955pt too wide) in paragraph at lines 704--704
[]                     \OT1/pcr/m/n/10.95 <Actor>(y1:person ^ you ^ <Num>sg) ^[
] 
 []


Overfull \hbox (1.34956pt too wide) in paragraph at lines 704--704
[]                     \OT1/pcr/m/n/10.95 <Modifier>(f1:m-benefactor ^ for ^[] 

 []


Overfull \hbox (93.32945pt too wide) in paragraph at lines 704--704
[]                                \OT1/pcr/m/n/10.95 <Anchor>(i1:person ^ I ^  
<Num>sg)) ^[] 
 []


Overfull \hbox (14.48955pt too wide) in paragraph at lines 704--704
[]                     \OT1/pcr/m/n/10.95 <Patient>(i2:thing ^ it ^ <Num>sg) ^[
] 
 []


Underfull \hbox (badness 10000) in paragraph at lines 705--706

 []

[74]
Underfull \hbox (badness 10000) in paragraph at lines 747--748

 []


Underfull \hbox (badness 10000) in paragraph at lines 759--761

 []

[75]) (./using-moloko.moloko.tex
Underfull \hbox (badness 10000) in paragraph at lines 18--19

 []


Overfull \hbox (4.54626pt too wide) in paragraph at lines 24--26
[]\OT1/ptm/m/n/10.95 FIND THE AP-PRO-PRI-ATE NON-GENERATED FILE AND CHANGE THAT
. 
 []


Underfull \hbox (badness 10000) in paragraph at lines 24--26

 []

[76]
Underfull \hbox (badness 10000) in paragraph at lines 51--52

 []


Underfull \hbox (badness 10000) in paragraph at lines 53--55

 []


Underfull \hbox (badness 10000) in paragraph at lines 62--63

 []

[77]
Underfull \hbox (badness 10000) in paragraph at lines 68--71

 []


Underfull \hbox (badness 10000) in paragraph at lines 68--71

 []


Overfull \hbox (49.76886pt too wide) in paragraph at lines 84--85
\OT1/ptm/m/n/10.95 class en-tries, lo-cated in  \OT1/pcr/m/n/10.95 X[]dictionar
y-open.ccg \OT1/ptm/m/n/10.95 and  \OT1/pcr/m/n/10.95 X[]dictionary-closed.ccg
 []

[78]
Underfull \hbox (badness 10000) in paragraph at lines 90--93

 []


Underfull \hbox (badness 10000) in paragraph at lines 90--93

 []


LaTeX Font Warning: Font shape `OMS/ptm/bx/n' undefined
(Font)              using `OMS/ptm/m/n' instead
(Font)              for symbol `textbraceleft' on input line 94.

LaTeX Font Info:    Font shape `OMS/ptm/bx/n' in size <10.95> not available
(Font)              Font shape `OMS/cmsy/m/n' tried instead on input line 94.

Underfull \hbox (badness 10000) in paragraph at lines 96--99

 []


Underfull \hbox (badness 10000) in paragraph at lines 114--116

 []

[79]
Overfull \hbox (37.10901pt too wide) in paragraph at lines 129--131
\OT1/ptm/m/n/10.95 se-man-tic rep-re-sen-ta-tions used in the gram-mar are spec
-i-fied in  \OT1/pcr/m/n/10.95 X[]types-ontology.ccg 
 []


Overfull \hbox (4.45744pt too wide) in paragraph at lines 150--151
[]\OT1/ptm/m/n/10.95 merging all of the  \OT1/pcr/m/n/10.95 .ccg \OT1/ptm/m/n/1
0.95 files to cre-ate  \OT1/pcr/m/n/10.95 moloko.ccg \OT1/ptm/m/n/10.95 (us-ing
 the  \OT1/pcr/m/n/10.95 merge.pl
 []


Underfull \hbox (badness 10000) in paragraph at lines 153--155

 []

[80]) [81] (./main.moloko.aux)

LaTeX Font Warning: Some font shapes were not available, defaults substituted.


LaTeX Warning: There were undefined references.

 ) 
Here is how much of TeX's memory you used:
 3881 strings out of 95139
 50847 string characters out of 1183332
 2094204 words of memory out of 4549062
 6556 multiletter control sequences out of 10000+50000
 51272 words of font info for 101 fonts, out of 2000000 for 2000
 62 hyphenation exceptions out of 5000
 27i,13n,37p,1705b,470s stack positions out of 5000i,500n,6000p,200000b,40000s
PDF statistics:
 1088 PDF objects out of 300000
 368 named destinations out of 131072
 649 words of extra memory for PDF output out of 10000

! pdfTeX warning (dest): name{Hfootnote.16} has been referenced but does not ex
ist, replaced by a fixed one

! pdfTeX warning (dest): name{Hfootnote.15} has been referenced but does not ex
ist, replaced by a fixed one

</usr/local/teTeX/share/texmf.tetex/fonts/type1/bluesky/cm/cmss9.pfb>{/usr/loca
l/teTeX/share/texmf.tetex/fonts/enc/dvips/psnfss/8r.enc}</usr/local/teTeX/share
/texmf.tetex/fonts/type1/bluesky/cm/cmsy6.pfb></usr/local/teTeX/share/texmf.tet
ex/fonts/type1/bluesky/cm/cmr6.pfb></usr/local/teTeX/share/texmf.tetex/fonts/ty
pe1/bluesky/cm/cmss8.pfb></usr/local/teTeX/share/texmf.tetex/fonts/type1/bluesk
y/cm/cmbx9.pfb></usr/local/teTeX/share/texmf.tetex/fonts/type1/bluesky/cm/cmmi9
.pfb></usr/local/teTeX/share/texmf.tetex/fonts/type1/bluesky/cm/cmsy9.pfb></usr
/local/teTeX/share/texmf.tetex/fonts/type1/bluesky/cm/cmss10.pfb></usr/local/te
TeX/share/texmf.tetex/fonts/type1/bluesky/cm/cmbx10.pfb></usr/local/teTeX/share
/texmf.tetex/fonts/type1/bluesky/cm/cmsy8.pfb></usr/local/teTeX/share/texmf.tet
ex/fonts/type1/bluesky/cm/cmr8.pfb></usr/local/teTeX/share/texmf.tetex/fonts/ty
pe1/bluesky/cm/cmmi8.pfb></usr/local/teTeX/share/texmf.tetex/fonts/type1/bluesk
y/cm/cmr10.pfb></usr/local/teTeX/share/texmf.tetex/fonts/type1/bluesky/cm/cmmi1
0.pfb></usr/local/teTeX/share/texmf.tetex/fonts/type1/bluesky/cm/cmti8.pfb></us
r/local/teTeX/share/texmf.tetex/fonts/type1/bluesky/cm/cmbx6.pfb></usr/local/te
TeX/share/texmf.tetex/fonts/type1/bluesky/cm/cmsy10.pfb></usr/local/teTeX/share
/texmf.tetex/fonts/type1/urw/times/utmr8a.pfb>
Output written on main.moloko.pdf (81 pages, 432333 bytes).
