This file contains any messages produced by compilers while
running configure, to aid debugging if configure makes a mistake.

It was created by CVD configure 0.8, which was
generated by GNU Autoconf 2.61.  Invocation command line was

  $ ./configure --without-ffmpeg

## --------- ##
## Platform. ##
## --------- ##

hostname = kz-desktop
uname -m = i686
uname -r = 2.6.27-14-generic
uname -s = Linux
uname -v = #1 SMP Wed Apr 15 18:59:16 UTC 2009

/usr/bin/uname -p = unknown
/bin/uname -X     = unknown

/bin/arch              = unknown
/usr/bin/arch -k       = unknown
/usr/convex/getsysinfo = unknown
/usr/bin/hostinfo      = unknown
/bin/machine           = unknown
/usr/bin/oslevel       = unknown
/bin/universe          = unknown

PATH: /usr/local/sbin
PATH: /usr/local/bin
PATH: /usr/sbin
PATH: /usr/bin
PATH: /sbin
PATH: /bin
PATH: /usr/games
PATH: /opt/real/RealPlayer


## ----------- ##
## Core tests. ##
## ----------- ##

configure:1880: checking for gcc
configure:1896: found /usr/bin/gcc
configure:1907: result: gcc
configure:2145: checking for C compiler version
configure:2152: gcc --version >&5
gcc (Ubuntu 4.3.2-1ubuntu12) 4.3.2
Copyright (C) 2008 Free Software Foundation, Inc.
This is free software; see the source for copying conditions.  There is NO
warranty; not even for MERCHANTABILITY or FITNESS FOR A PARTICULAR PURPOSE.

configure:2155: $? = 0
configure:2162: gcc -v >&5
Using built-in specs.
Target: i486-linux-gnu
Configured with: ../src/configure -v --with-pkgversion='Ubuntu 4.3.2-1ubuntu12' --with-bugurl=file:///usr/share/doc/gcc-4.3/README.Bugs --enable-languages=c,c++,fortran,objc,obj-c++ --prefix=/usr --enable-shared --with-system-zlib --libexecdir=/usr/lib --without-included-gettext --enable-threads=posix --enable-nls --with-gxx-include-dir=/usr/include/c++/4.3 --program-suffix=-4.3 --enable-clocale=gnu --enable-libstdcxx-debug --enable-objc-gc --enable-mpfr --enable-targets=all --enable-checking=release --build=i486-linux-gnu --host=i486-linux-gnu --target=i486-linux-gnu
Thread model: posix
gcc version 4.3.2 (Ubuntu 4.3.2-1ubuntu12) 
configure:2165: $? = 0
configure:2172: gcc -V >&5
gcc: '-V' option must have argument
configure:2175: $? = 1
configure:2198: checking for C compiler default output file name
configure:2225: gcc    conftest.c  >&5
configure:2228: $? = 0
configure:2266: result: a.out
configure:2283: checking whether the C compiler works
configure:2293: ./a.out
configure:2296: $? = 0
configure:2313: result: yes
configure:2320: checking whether we are cross compiling
configure:2322: result: no
configure:2325: checking for suffix of executables
configure:2332: gcc -o conftest    conftest.c  >&5
configure:2335: $? = 0
configure:2359: result: 
configure:2365: checking for suffix of object files
configure:2391: gcc -c   conftest.c >&5
configure:2394: $? = 0
configure:2417: result: o
configure:2421: checking whether we are using the GNU C compiler
configure:2450: gcc -c   conftest.c >&5
configure:2456: $? = 0
configure:2473: result: yes
configure:2478: checking whether gcc accepts -g
configure:2508: gcc -c -g  conftest.c >&5
configure:2514: $? = 0
configure:2613: result: yes
configure:2630: checking for gcc option to accept ISO C89
configure:2704: gcc  -c -g -O2  conftest.c >&5
configure:2710: $? = 0
configure:2733: result: none needed
configure:2757: checking how to run the C preprocessor
configure:2797: gcc -E  conftest.c
configure:2803: $? = 0
configure:2834: gcc -E  conftest.c
conftest.c:8:28: error: ac_nonexistent.h: No such file or directory
configure:2840: $? = 1
configure: failed program was:
| /* confdefs.h.  */
| #define PACKAGE_NAME "CVD"
| #define PACKAGE_TARNAME "cvd"
| #define PACKAGE_VERSION "0.8"
| #define PACKAGE_STRING "CVD 0.8"
| #define PACKAGE_BUGREPORT ""
| /* end confdefs.h.  */
| #include <ac_nonexistent.h>
configure:2873: result: gcc -E
configure:2902: gcc -E  conftest.c
configure:2908: $? = 0
configure:2939: gcc -E  conftest.c
conftest.c:8:28: error: ac_nonexistent.h: No such file or directory
configure:2945: $? = 1
configure: failed program was:
| /* confdefs.h.  */
| #define PACKAGE_NAME "CVD"
| #define PACKAGE_TARNAME "cvd"
| #define PACKAGE_VERSION "0.8"
| #define PACKAGE_STRING "CVD 0.8"
| #define PACKAGE_BUGREPORT ""
| /* end confdefs.h.  */
| #include <ac_nonexistent.h>
configure:2983: checking for grep that handles long lines and -e
configure:3057: result: /bin/grep
configure:3062: checking for egrep
configure:3140: result: /bin/grep -E
configure:3145: checking for ANSI C header files
configure:3175: gcc -c -g -O2  conftest.c >&5
configure:3181: $? = 0
configure:3280: gcc -o conftest -g -O2   conftest.c  >&5
configure:3283: $? = 0
configure:3289: ./conftest
configure:3292: $? = 0
configure:3309: result: yes
configure:3324: checking for gawk
configure:3340: found /usr/bin/gawk
configure:3351: result: gawk
configure:3420: checking for g++
configure:3436: found /usr/bin/g++
configure:3447: result: g++
configure:3478: checking for C++ compiler version
configure:3485: g++ --version >&5
g++ (Ubuntu 4.3.2-1ubuntu12) 4.3.2
Copyright (C) 2008 Free Software Foundation, Inc.
This is free software; see the source for copying conditions.  There is NO
warranty; not even for MERCHANTABILITY or FITNESS FOR A PARTICULAR PURPOSE.

configure:3488: $? = 0
configure:3495: g++ -v >&5
Using built-in specs.
Target: i486-linux-gnu
Configured with: ../src/configure -v --with-pkgversion='Ubuntu 4.3.2-1ubuntu12' --with-bugurl=file:///usr/share/doc/gcc-4.3/README.Bugs --enable-languages=c,c++,fortran,objc,obj-c++ --prefix=/usr --enable-shared --with-system-zlib --libexecdir=/usr/lib --without-included-gettext --enable-threads=posix --enable-nls --with-gxx-include-dir=/usr/include/c++/4.3 --program-suffix=-4.3 --enable-clocale=gnu --enable-libstdcxx-debug --enable-objc-gc --enable-mpfr --enable-targets=all --enable-checking=release --build=i486-linux-gnu --host=i486-linux-gnu --target=i486-linux-gnu
Thread model: posix
gcc version 4.3.2 (Ubuntu 4.3.2-1ubuntu12) 
configure:3498: $? = 0
configure:3505: g++ -V >&5
g++: '-V' option must have argument
configure:3508: $? = 1
configure:3511: checking whether we are using the GNU C++ compiler
configure:3540: g++ -c   conftest.cpp >&5
configure:3546: $? = 0
configure:3563: result: yes
configure:3568: checking whether g++ accepts -g
configure:3598: g++ -c -g  conftest.cpp >&5
configure:3604: $? = 0
configure:3703: result: yes
configure:3770: checking for a BSD-compatible install
configure:3826: result: /usr/bin/install -c
configure:3837: checking whether ln -s works
configure:3841: result: yes
configure:3891: checking for ranlib
configure:3907: found /usr/bin/ranlib
configure:3918: result: ranlib
configure:3957: checking how to run the C++ preprocessor
configure:3993: g++ -E  conftest.cpp
configure:3999: $? = 0
configure:4030: g++ -E  conftest.cpp
conftest.cpp:9:28: error: ac_nonexistent.h: No such file or directory
configure:4036: $? = 1
configure: failed program was:
| /* confdefs.h.  */
| #define PACKAGE_NAME "CVD"
| #define PACKAGE_TARNAME "cvd"
| #define PACKAGE_VERSION "0.8"
| #define PACKAGE_STRING "CVD 0.8"
| #define PACKAGE_BUGREPORT ""
| #define STDC_HEADERS 1
| /* end confdefs.h.  */
| #include <ac_nonexistent.h>
configure:4069: result: g++ -E
configure:4098: g++ -E  conftest.cpp
configure:4104: $? = 0
configure:4135: g++ -E  conftest.cpp
conftest.cpp:9:28: error: ac_nonexistent.h: No such file or directory
configure:4141: $? = 1
configure: failed program was:
| /* confdefs.h.  */
| #define PACKAGE_NAME "CVD"
| #define PACKAGE_TARNAME "cvd"
| #define PACKAGE_VERSION "0.8"
| #define PACKAGE_STRING "CVD 0.8"
| #define PACKAGE_BUGREPORT ""
| #define STDC_HEADERS 1
| /* end confdefs.h.  */
| #include <ac_nonexistent.h>
configure:4237: checking if compiler flag -Wall works
configure:4257: g++ -c -g -O2 -Wall  conftest.cpp >&5
configure:4263: $? = 0
configure:4284: result: yes
configure:4297: checking if compiler flag -Wextra works
configure:4317: g++ -c -g -O2 -Wall -Wextra  conftest.cpp >&5
configure:4323: $? = 0
configure:4344: result: yes
configure:4357: checking if compiler flag -pipe works
configure:4377: g++ -c -g -O2 -Wall -Wextra -pipe  conftest.cpp >&5
configure:4383: $? = 0
configure:4404: result: yes
configure:4440: checking if compiler flag -ggdb works
configure:4460: g++ -c -g  -Wall -Wextra -pipe -ggdb  -INONE/include conftest.cpp >&5
configure:4466: $? = 0
configure:4487: result: yes
configure:4510: checking if compiler flag -fPIC works
configure:4530: g++ -c -g  -Wall -Wextra -pipe -ggdb -fPIC  -INONE/include conftest.cpp >&5
configure:4536: $? = 0
configure:4557: result: yes
configure:4581: checking build system type
configure:4599: result: i686-pc-linux-gnu
configure:4621: checking host system type
configure:4636: result: i686-pc-linux-gnu
configure:4683: checking for best optimize flags
configure:4685: result: 
configure:4691: checking if compiler flag -O3 works
configure:4711: g++ -c  -O3  -INONE/include conftest.cpp >&5
configure:4717: $? = 0
configure:4738: result: yes
configure:4754: checking CPU type
configure:4789: result: core2
configure:4804: checking if compiler flag -march=native works
configure:4824: g++ -c  -O3 -march=native  -INONE/include conftest.cpp >&5
configure:4830: $? = 0
configure:4851: result: yes
configure:4902: checking for sys/types.h
configure:4923: g++ -c -g  -Wall -Wextra -pipe -ggdb -fPIC  -INONE/include conftest.cpp >&5
configure:4929: $? = 0
configure:4945: result: yes
configure:4902: checking for sys/stat.h
configure:4923: g++ -c -g  -Wall -Wextra -pipe -ggdb -fPIC  -INONE/include conftest.cpp >&5
configure:4929: $? = 0
configure:4945: result: yes
configure:4902: checking for stdlib.h
configure:4923: g++ -c -g  -Wall -Wextra -pipe -ggdb -fPIC  -INONE/include conftest.cpp >&5
configure:4929: $? = 0
configure:4945: result: yes
configure:4902: checking for string.h
configure:4923: g++ -c -g  -Wall -Wextra -pipe -ggdb -fPIC  -INONE/include conftest.cpp >&5
configure:4929: $? = 0
configure:4945: result: yes
configure:4902: checking for memory.h
configure:4923: g++ -c -g  -Wall -Wextra -pipe -ggdb -fPIC  -INONE/include conftest.cpp >&5
configure:4929: $? = 0
configure:4945: result: yes
configure:4902: checking for strings.h
configure:4923: g++ -c -g  -Wall -Wextra -pipe -ggdb -fPIC  -INONE/include conftest.cpp >&5
configure:4929: $? = 0
configure:4945: result: yes
configure:4902: checking for inttypes.h
configure:4923: g++ -c -g  -Wall -Wextra -pipe -ggdb -fPIC  -INONE/include conftest.cpp >&5
configure:4929: $? = 0
configure:4945: result: yes
configure:4902: checking for stdint.h
configure:4923: g++ -c -g  -Wall -Wextra -pipe -ggdb -fPIC  -INONE/include conftest.cpp >&5
configure:4929: $? = 0
configure:4945: result: yes
configure:4902: checking for unistd.h
configure:4923: g++ -c -g  -Wall -Wextra -pipe -ggdb -fPIC  -INONE/include conftest.cpp >&5
configure:4929: $? = 0
configure:4945: result: yes
configure:4957: checking whether byte ordering is bigendian
configure:4990: g++ -c -g  -Wall -Wextra -pipe -ggdb -fPIC  -INONE/include conftest.cpp >&5
configure:4996: $? = 0
configure:5028: g++ -c -g  -Wall -Wextra -pipe -ggdb -fPIC  -INONE/include conftest.cpp >&5
conftest.cpp: In function 'int main()':
conftest.cpp:27: error: 'big' was not declared in this scope
conftest.cpp:27: error: expected `;' before 'endian'
configure:5034: $? = 1
configure: failed program was:
| /* confdefs.h.  */
| #define PACKAGE_NAME "CVD"
| #define PACKAGE_TARNAME "cvd"
| #define PACKAGE_VERSION "0.8"
| #define PACKAGE_STRING "CVD 0.8"
| #define PACKAGE_BUGREPORT ""
| #define STDC_HEADERS 1
| #define CVD_MAJOR_VERSION 0
| #define CVD_MINOR_VERSION 8
| #define HAVE_SYS_TYPES_H 1
| #define HAVE_SYS_STAT_H 1
| #define HAVE_STDLIB_H 1
| #define HAVE_STRING_H 1
| #define HAVE_MEMORY_H 1
| #define HAVE_STRINGS_H 1
| #define HAVE_INTTYPES_H 1
| #define HAVE_STDINT_H 1
| #define HAVE_UNISTD_H 1
| /* end confdefs.h.  */
| #include <sys/types.h>
| #include <sys/param.h>
| 
| int
| main ()
| {
| #if BYTE_ORDER != BIG_ENDIAN
|  not big endian
| #endif
| 
|   ;
|   return 0;
| }
configure:5174: result: no
configure:5272: checking for MMX support
configure:5300: g++ -o conftest -g  -Wall -Wextra -pipe -ggdb -fPIC -mmmx  -INONE/include  conftest.cpp  >&5
configure:5303: $? = 0
configure:5309: ./conftest
configure:5312: $? = 0
configure:5333: result: yes
configure:5372: checking for MMXEXT support
configure:5399: g++ -o conftest -g  -Wall -Wextra -pipe -ggdb -fPIC -mmmx -msse  -INONE/include  conftest.cpp  >&5
configure:5402: $? = 0
configure:5408: ./conftest
configure:5411: $? = 0
configure:5432: result: yes
configure:5471: checking for SSE support
configure:5499: g++ -o conftest -g  -Wall -Wextra -pipe -ggdb -fPIC -mmmx -msse -msse  -INONE/include  conftest.cpp  >&5
configure:5502: $? = 0
configure:5508: ./conftest
configure:5511: $? = 0
configure:5532: result: yes
configure:5571: checking for SSE2 support
configure:5599: g++ -o conftest -g  -Wall -Wextra -pipe -ggdb -fPIC -mmmx -msse -msse -msse2  -INONE/include  conftest.cpp  >&5
configure:5602: $? = 0
configure:5608: ./conftest
configure:5611: $? = 0
configure:5632: result: yes
configure:5671: checking for SSE3 support
configure:5699: g++ -o conftest -g  -Wall -Wextra -pipe -ggdb -fPIC -mmmx -msse -msse -msse2 -msse3  -INONE/include  conftest.cpp  >&5
configure:5702: $? = 0
configure:5708: ./conftest
configure:5711: $? = 0
configure:5732: result: yes
configure:5759: checking for void*
configure:5789: g++ -c -g  -Wall -Wextra -pipe -ggdb -fPIC -mmmx -msse -msse -msse2 -msse3  -INONE/include conftest.cpp >&5
configure:5795: $? = 0
configure:5810: result: yes
configure:5817: checking size of void*
configure:6119: g++ -o conftest -g  -Wall -Wextra -pipe -ggdb -fPIC -mmmx -msse -msse -msse2 -msse3  -INONE/include  conftest.cpp  >&5
configure:6122: $? = 0
configure:6128: ./conftest
configure:6131: $? = 0
configure:6154: result: 4
configure:6184: checking for inline asm statement
configure:6195: g++ -c -g  -Wall -Wextra -pipe -ggdb -fPIC -mmmx -msse -msse -msse2 -msse3  -INONE/include conftest.cpp >&5
configure:6201: $? = 0
configure:6206: result: yes
configure:6254: checking assembler supports .type pseudo-op
configure:6258: result: yes
configure:6381: checking dc1394/dc1394.h usability
configure:6398: g++ -c -g  -Wall -Wextra -pipe -ggdb -fPIC -mmmx -msse -msse -msse2 -msse3  -INONE/include conftest.cpp >&5
configure:6404: $? = 0
configure:6418: result: yes
configure:6422: checking dc1394/dc1394.h presence
configure:6437: g++ -E  -INONE/include conftest.cpp
configure:6443: $? = 0
configure:6457: result: yes
configure:6485: checking for dc1394/dc1394.h
configure:6493: result: yes
configure:6509: checking for main in -ldc1394
configure:6538: g++ -o conftest -g  -Wall -Wextra -pipe -ggdb -fPIC -mmmx -msse -msse -msse2 -msse3  -INONE/include  conftest.cpp -ldc1394   >&5
configure:6544: $? = 0
configure:6562: result: yes
configure:6632: checking libraw1394/raw1394.h usability
configure:6649: g++ -c -g  -Wall -Wextra -pipe -ggdb -fPIC -mmmx -msse -msse -msse2 -msse3  -INONE/include conftest.cpp >&5
configure:6655: $? = 0
configure:6669: result: yes
configure:6673: checking libraw1394/raw1394.h presence
configure:6688: g++ -E  -INONE/include conftest.cpp
configure:6694: $? = 0
configure:6708: result: yes
configure:6736: checking for libraw1394/raw1394.h
configure:6744: result: yes
configure:6632: checking libdc1394/dc1394_control.h usability
configure:6649: g++ -c -g  -Wall -Wextra -pipe -ggdb -fPIC -mmmx -msse -msse -msse2 -msse3  -INONE/include conftest.cpp >&5
conftest.cpp:66:38: error: libdc1394/dc1394_control.h: No such file or directory
configure:6655: $? = 1
configure: failed program was:
| /* confdefs.h.  */
| #define PACKAGE_NAME "CVD"
| #define PACKAGE_TARNAME "cvd"
| #define PACKAGE_VERSION "0.8"
| #define PACKAGE_STRING "CVD 0.8"
| #define PACKAGE_BUGREPORT ""
| #define STDC_HEADERS 1
| #define CVD_MAJOR_VERSION 0
| #define CVD_MINOR_VERSION 8
| #define HAVE_SYS_TYPES_H 1
| #define HAVE_SYS_STAT_H 1
| #define HAVE_STDLIB_H 1
| #define HAVE_STRING_H 1
| #define HAVE_MEMORY_H 1
| #define HAVE_STRINGS_H 1
| #define HAVE_INTTYPES_H 1
| #define HAVE_STDINT_H 1
| #define HAVE_UNISTD_H 1
| #define CVD_ARCH_LITTLE_ENDIAN 1
| #define CVD_HAVE_MMX 1
| #define CVD_HAVE_MMXEXT 1
| #define CVD_HAVE_SSE 1
| #define CVD_HAVE_SSE2 1
| #define CVD_HAVE_SSE3 1
| #define SIZEOF_VOIDP 4
| #define CVD_HAVE_INLINE_ASM 1
| #define CVD_HAVE_ASSEMBLER 1
| #define HAVE_DC1394_DC1394_H 1
| #define HAVE_LIBDC1394 1
| #define CVD_HAVE_DC1394V2 1
| #define HAVE_LIBRAW1394_RAW1394_H 1
| /* end confdefs.h.  */
| #include <stdio.h>
| #ifdef HAVE_SYS_TYPES_H
| # include <sys/types.h>
| #endif
| #ifdef HAVE_SYS_STAT_H
| # include <sys/stat.h>
| #endif
| #ifdef STDC_HEADERS
| # include <stdlib.h>
| # include <stddef.h>
| #else
| # ifdef HAVE_STDLIB_H
| #  include <stdlib.h>
| # endif
| #endif
| #ifdef HAVE_STRING_H
| # if !defined STDC_HEADERS && defined HAVE_MEMORY_H
| #  include <memory.h>
| # endif
| # include <string.h>
| #endif
| #ifdef HAVE_STRINGS_H
| # include <strings.h>
| #endif
| #ifdef HAVE_INTTYPES_H
| # include <inttypes.h>
| #endif
| #ifdef HAVE_STDINT_H
| # include <stdint.h>
| #endif
| #ifdef HAVE_UNISTD_H
| # include <unistd.h>
| #endif
| #include <libdc1394/dc1394_control.h>
configure:6669: result: no
configure:6673: checking libdc1394/dc1394_control.h presence
configure:6688: g++ -E  -INONE/include conftest.cpp
conftest.cpp:33:38: error: libdc1394/dc1394_control.h: No such file or directory
configure:6694: $? = 1
configure: failed program was:
| /* confdefs.h.  */
| #define PACKAGE_NAME "CVD"
| #define PACKAGE_TARNAME "cvd"
| #define PACKAGE_VERSION "0.8"
| #define PACKAGE_STRING "CVD 0.8"
| #define PACKAGE_BUGREPORT ""
| #define STDC_HEADERS 1
| #define CVD_MAJOR_VERSION 0
| #define CVD_MINOR_VERSION 8
| #define HAVE_SYS_TYPES_H 1
| #define HAVE_SYS_STAT_H 1
| #define HAVE_STDLIB_H 1
| #define HAVE_STRING_H 1
| #define HAVE_MEMORY_H 1
| #define HAVE_STRINGS_H 1
| #define HAVE_INTTYPES_H 1
| #define HAVE_STDINT_H 1
| #define HAVE_UNISTD_H 1
| #define CVD_ARCH_LITTLE_ENDIAN 1
| #define CVD_HAVE_MMX 1
| #define CVD_HAVE_MMXEXT 1
| #define CVD_HAVE_SSE 1
| #define CVD_HAVE_SSE2 1
| #define CVD_HAVE_SSE3 1
| #define SIZEOF_VOIDP 4
| #define CVD_HAVE_INLINE_ASM 1
| #define CVD_HAVE_ASSEMBLER 1
| #define HAVE_DC1394_DC1394_H 1
| #define HAVE_LIBDC1394 1
| #define CVD_HAVE_DC1394V2 1
| #define HAVE_LIBRAW1394_RAW1394_H 1
| /* end confdefs.h.  */
| #include <libdc1394/dc1394_control.h>
configure:6708: result: no
configure:6736: checking for libdc1394/dc1394_control.h
configure:6744: result: no
configure:6760: checking for main in -lraw1394
configure:6789: g++ -o conftest -g  -Wall -Wextra -pipe -ggdb -fPIC -mmmx -msse -msse -msse2 -msse3  -INONE/include  conftest.cpp -lraw1394  -ldc1394  >&5
configure:6795: $? = 0
configure:6813: result: yes
configure:6827: checking for main in -ldc1394_control
configure:6856: g++ -o conftest -g  -Wall -Wextra -pipe -ggdb -fPIC -mmmx -msse -msse -msse2 -msse3  -INONE/include  conftest.cpp -ldc1394_control  -lraw1394 -ldc1394  >&5
/usr/bin/ld: cannot find -ldc1394_control
collect2: ld returned 1 exit status
configure:6862: $? = 1
configure: failed program was:
| /* confdefs.h.  */
| #define PACKAGE_NAME "CVD"
| #define PACKAGE_TARNAME "cvd"
| #define PACKAGE_VERSION "0.8"
| #define PACKAGE_STRING "CVD 0.8"
| #define PACKAGE_BUGREPORT ""
| #define STDC_HEADERS 1
| #define CVD_MAJOR_VERSION 0
| #define CVD_MINOR_VERSION 8
| #define HAVE_SYS_TYPES_H 1
| #define HAVE_SYS_STAT_H 1
| #define HAVE_STDLIB_H 1
| #define HAVE_STRING_H 1
| #define HAVE_MEMORY_H 1
| #define HAVE_STRINGS_H 1
| #define HAVE_INTTYPES_H 1
| #define HAVE_STDINT_H 1
| #define HAVE_UNISTD_H 1
| #define CVD_ARCH_LITTLE_ENDIAN 1
| #define CVD_HAVE_MMX 1
| #define CVD_HAVE_MMXEXT 1
| #define CVD_HAVE_SSE 1
| #define CVD_HAVE_SSE2 1
| #define CVD_HAVE_SSE3 1
| #define SIZEOF_VOIDP 4
| #define CVD_HAVE_INLINE_ASM 1
| #define CVD_HAVE_ASSEMBLER 1
| #define HAVE_DC1394_DC1394_H 1
| #define HAVE_LIBDC1394 1
| #define CVD_HAVE_DC1394V2 1
| #define HAVE_LIBRAW1394_RAW1394_H 1
| #define HAVE_LIBRAW1394 1
| /* end confdefs.h.  */
| 
| 
| int
| main ()
| {
| return main ();
|   ;
|   return 0;
| }
configure:6880: result: no
configure:6972: checking for v4l2
configure:6986: g++ -c -g  -Wall -Wextra -pipe -ggdb -fPIC -mmmx -msse -msse -msse2 -msse3  -INONE/include conftest.cpp >&5
conftest.cpp: In function 'int main()':
conftest.cpp:4: warning: statement has no effect
configure:6992: $? = 0
configure:6997: result: yes
configure:7112: checking linux/videodev.h usability
configure:7129: g++ -c -g  -Wall -Wextra -pipe -ggdb -fPIC -mmmx -msse -msse -msse2 -msse3  -INONE/include conftest.cpp >&5
configure:7135: $? = 0
configure:7149: result: yes
configure:7153: checking linux/videodev.h presence
configure:7168: g++ -E  -INONE/include conftest.cpp
configure:7174: $? = 0
configure:7188: result: yes
configure:7216: checking for linux/videodev.h
configure:7224: result: yes
configure:7357: checking kernel major number
configure:7360: result: 2
configure:7367: checking kernel minor number
configure:7370: result: 6
configure:7378: checking kernel release number
configure:7381: result: 27
configure:7635: checking for clock_getres in -lrt
configure:7670: g++ -o conftest -g  -Wall -Wextra -pipe -ggdb -fPIC -mmmx -msse -msse -msse2 -msse3  -INONE/include  conftest.cpp -lrt  -ldc1394  >&5
configure:7676: $? = 0
configure:7694: result: yes
configure:7827: checking for X
configure:7997: g++ -o conftest -g  -Wall -Wextra -pipe -ggdb -fPIC -mmmx -msse -msse -msse2 -msse3  -INONE/include  conftest.cpp -lX11 -lrt -ldc1394  >&5
configure:8003: $? = 0
configure:8062: result: libraries , headers 
configure:8079: checking for glDrawPixels in -lGL
configure:8114: g++ -o conftest -g  -Wall -Wextra -pipe -ggdb -fPIC -mmmx -msse -msse -msse2 -msse3  -INONE/include  conftest.cpp -lGL  -lrt -ldc1394  -L -lX11 -lXext >&5
configure:8120: $? = 0
configure:8138: result: yes
configure:8166: checking GL/glu.h usability
configure:8183: g++ -c -g  -Wall -Wextra -pipe -ggdb -fPIC -mmmx -msse -msse -msse2 -msse3  -INONE/include conftest.cpp >&5
configure:8189: $? = 0
configure:8203: result: yes
configure:8207: checking GL/glu.h presence
configure:8222: g++ -E  -INONE/include conftest.cpp
configure:8228: $? = 0
configure:8242: result: yes
configure:8270: checking for GL/glu.h
configure:8278: result: yes
configure:8294: checking for gluGetString in -lGLU
configure:8329: g++ -o conftest -g  -Wall -Wextra -pipe -ggdb -fPIC -mmmx -msse -msse -msse2 -msse3  -INONE/include  conftest.cpp -lGLU  -lGL -lrt -ldc1394  -L -lX11 -lXext >&5
configure:8335: $? = 0
configure:8353: result: yes
configure:8403: checking for tr1::shared_ptr
configure:8415: g++ -c -g  -Wall -Wextra -pipe -ggdb -fPIC -mmmx -msse -msse -msse2 -msse3  -INONE/include conftest.cpp >&5
configure:8421: $? = 0
configure:8426: result: yes
configure:8476: checking for TooN
configure:8488: g++ -c -g  -Wall -Wextra -pipe -ggdb -fPIC -mmmx -msse -msse -msse2 -msse3  -INONE/include conftest.cpp >&5
configure:8494: $? = 0
configure:8499: result: yes
configure:8511: checking Old TooN
configure:8531: g++ -c -g  -Wall -Wextra -pipe -ggdb -fPIC -mmmx -msse -msse -msse2 -msse3  -INONE/include conftest.cpp >&5
configure:8537: $? = 0
configure:8542: result: no
configure:8613: checking for dgesvd_ in -lacml
configure:8648: g++ -o conftest -g  -Wall -Wextra -pipe -ggdb -fPIC -mmmx -msse -msse -msse2 -msse3  -INONE/include  conftest.cpp -lacml  -lGLU -lGL -lrt -ldc1394  -L -lX11 -lXext -L/opt/acml/gnu64/lib -lacml_mv >&5
/usr/bin/ld: cannot find -lacml
collect2: ld returned 1 exit status
configure:8654: $? = 1
configure: failed program was:
| /* confdefs.h.  */
| #define PACKAGE_NAME "CVD"
| #define PACKAGE_TARNAME "cvd"
| #define PACKAGE_VERSION "0.8"
| #define PACKAGE_STRING "CVD 0.8"
| #define PACKAGE_BUGREPORT ""
| #define STDC_HEADERS 1
| #define CVD_MAJOR_VERSION 0
| #define CVD_MINOR_VERSION 8
| #define HAVE_SYS_TYPES_H 1
| #define HAVE_SYS_STAT_H 1
| #define HAVE_STDLIB_H 1
| #define HAVE_STRING_H 1
| #define HAVE_MEMORY_H 1
| #define HAVE_STRINGS_H 1
| #define HAVE_INTTYPES_H 1
| #define HAVE_STDINT_H 1
| #define HAVE_UNISTD_H 1
| #define CVD_ARCH_LITTLE_ENDIAN 1
| #define CVD_HAVE_MMX 1
| #define CVD_HAVE_MMXEXT 1
| #define CVD_HAVE_SSE 1
| #define CVD_HAVE_SSE2 1
| #define CVD_HAVE_SSE3 1
| #define SIZEOF_VOIDP 4
| #define CVD_HAVE_INLINE_ASM 1
| #define CVD_HAVE_ASSEMBLER 1
| #define HAVE_DC1394_DC1394_H 1
| #define HAVE_LIBDC1394 1
| #define CVD_HAVE_DC1394V2 1
| #define HAVE_LIBRAW1394_RAW1394_H 1
| #define HAVE_LIBRAW1394 1
| #define CVD_HAVE_DVBUFFER3 1
| #define CVD_HAVE_V4L2BUFFER 1
| #define HAVE_LINUX_VIDEODEV_H 1
| #define CVD_HAVE_V4L1BUFFER 1
| #define CVD_KERNEL_MAJOR 2
| #define CVD_KERNEL_MINOR 6
| #define CVD_KERNEL_RELEASE 27
| #define HAVE_LIBRT 1
| #define CVD_HAVE_POSIX_RT 1
| #define HAVE_LIBGL 1
| #define HAVE_GL_GLU_H 1
| #define HAVE_LIBGLU 1
| #define CVD_HAVE_VIDEODISPLAY 1
| #define CVD_HAVE_TR1_SHARED_PTR 1
| #define CVD_HAVE_TOON 1
| /* end confdefs.h.  */
| 
| /* Override any GCC internal prototype to avoid an error.
|    Use char because int might match the return type of a GCC
|    builtin and then its argument prototype would still apply.  */
| #ifdef __cplusplus
| extern "C"
| #endif
| char dgesvd_ ();
| int
| main ()
| {
| return dgesvd_ ();
|   ;
|   return 0;
| }
configure:8672: result: no
configure:8725: checking if Accelerate framework is needed for LAPACK
configure:8727: result: 
configure:8730: checking for dgesvd_
configure:8786: g++ -o conftest -g  -Wall -Wextra -pipe -ggdb -fPIC -mmmx -msse -msse -msse2 -msse3  -INONE/include  conftest.cpp -lGLU -lGL -lrt -ldc1394  -L -lX11 -lXext -framework Accelerate >&5
g++: Accelerate: No such file or directory
cc1plus: error: unrecognized command line option "-framework"
configure:8792: $? = 1
configure: failed program was:
| /* confdefs.h.  */
| #define PACKAGE_NAME "CVD"
| #define PACKAGE_TARNAME "cvd"
| #define PACKAGE_VERSION "0.8"
| #define PACKAGE_STRING "CVD 0.8"
| #define PACKAGE_BUGREPORT ""
| #define STDC_HEADERS 1
| #define CVD_MAJOR_VERSION 0
| #define CVD_MINOR_VERSION 8
| #define HAVE_SYS_TYPES_H 1
| #define HAVE_SYS_STAT_H 1
| #define HAVE_STDLIB_H 1
| #define HAVE_STRING_H 1
| #define HAVE_MEMORY_H 1
| #define HAVE_STRINGS_H 1
| #define HAVE_INTTYPES_H 1
| #define HAVE_STDINT_H 1
| #define HAVE_UNISTD_H 1
| #define CVD_ARCH_LITTLE_ENDIAN 1
| #define CVD_HAVE_MMX 1
| #define CVD_HAVE_MMXEXT 1
| #define CVD_HAVE_SSE 1
| #define CVD_HAVE_SSE2 1
| #define CVD_HAVE_SSE3 1
| #define SIZEOF_VOIDP 4
| #define CVD_HAVE_INLINE_ASM 1
| #define CVD_HAVE_ASSEMBLER 1
| #define HAVE_DC1394_DC1394_H 1
| #define HAVE_LIBDC1394 1
| #define CVD_HAVE_DC1394V2 1
| #define HAVE_LIBRAW1394_RAW1394_H 1
| #define HAVE_LIBRAW1394 1
| #define CVD_HAVE_DVBUFFER3 1
| #define CVD_HAVE_V4L2BUFFER 1
| #define HAVE_LINUX_VIDEODEV_H 1
| #define CVD_HAVE_V4L1BUFFER 1
| #define CVD_KERNEL_MAJOR 2
| #define CVD_KERNEL_MINOR 6
| #define CVD_KERNEL_RELEASE 27
| #define HAVE_LIBRT 1
| #define CVD_HAVE_POSIX_RT 1
| #define HAVE_LIBGL 1
| #define HAVE_GL_GLU_H 1
| #define HAVE_LIBGLU 1
| #define CVD_HAVE_VIDEODISPLAY 1
| #define CVD_HAVE_TR1_SHARED_PTR 1
| #define CVD_HAVE_TOON 1
| /* end confdefs.h.  */
| /* Define dgesvd_ to an innocuous variant, in case <limits.h> declares dgesvd_.
|    For example, HP-UX 11i <limits.h> declares gettimeofday.  */
| #define dgesvd_ innocuous_dgesvd_
| 
| /* System header to define __stub macros and hopefully few prototypes,
|     which can conflict with char dgesvd_ (); below.
|     Prefer <limits.h> to <assert.h> if __STDC__ is defined, since
|     <limits.h> exists even on freestanding compilers.  */
| 
| #ifdef __STDC__
| # include <limits.h>
| #else
| # include <assert.h>
| #endif
| 
| #undef dgesvd_
| 
| /* Override any GCC internal prototype to avoid an error.
|    Use char because int might match the return type of a GCC
|    builtin and then its argument prototype would still apply.  */
| #ifdef __cplusplus
| extern "C"
| #endif
| char dgesvd_ ();
| /* The GNU C library defines this for functions which it implements
|     to always fail with ENOSYS.  Some functions are actually named
|     something starting with __ and the normal name is an alias.  */
| #if defined __stub_dgesvd_ || defined __stub___dgesvd_
| choke me
| #endif
| 
| int
| main ()
| {
| return dgesvd_ ();
|   ;
|   return 0;
| }
configure:8809: result: no
configure:8857: checking for dgesvd_ in -llapack
configure:8892: g++ -o conftest -g  -Wall -Wextra -pipe -ggdb -fPIC -mmmx -msse -msse -msse2 -msse3  -INONE/include  conftest.cpp -llapack  -lGLU -lGL -lrt -ldc1394  -L -lX11 -lXext >&5
configure:8898: $? = 0
configure:8916: result: yes
configure:9428: checking for working pthreads
configure:9441: g++ -c -g  -Wall -Wextra -pipe -ggdb -fPIC -mmmx -msse -msse -msse2 -msse3 -pthread  -INONE/include conftest.cpp >&5
conftest.cpp: In function 'int main()':
conftest.cpp:3: warning: null argument where non-null required (argument 1)
conftest.cpp: In function 'void* foo(void*)':
conftest.cpp:2: warning: control reaches end of non-void function
configure:9447: $? = 0
configure:9452: result: yes
configure:9478: checking for pthread_yield
configure:9534: g++ -o conftest -g  -Wall -Wextra -pipe -ggdb -fPIC -mmmx -msse -msse -msse2 -msse3 -pthread  -INONE/include  conftest.cpp -llapack -lGLU -lGL -lrt -ldc1394  -L -lX11 -lXext -pthread >&5
configure:9540: $? = 0
configure:9557: result: yes
configure:9568: checking for pthread_yield_np
configure:9624: g++ -o conftest -g  -Wall -Wextra -pipe -ggdb -fPIC -mmmx -msse -msse -msse2 -msse3 -pthread  -INONE/include  conftest.cpp -llapack -lGLU -lGL -lrt -ldc1394  -L -lX11 -lXext -pthread >&5
/tmp/ccGlxsaq.o: In function `main':
/home/kz/libcvd/conftest.cpp:87: undefined reference to `pthread_yield_np'
collect2: ld returned 1 exit status
configure:9630: $? = 1
configure: failed program was:
| /* confdefs.h.  */
| #define PACKAGE_NAME "CVD"
| #define PACKAGE_TARNAME "cvd"
| #define PACKAGE_VERSION "0.8"
| #define PACKAGE_STRING "CVD 0.8"
| #define PACKAGE_BUGREPORT ""
| #define STDC_HEADERS 1
| #define CVD_MAJOR_VERSION 0
| #define CVD_MINOR_VERSION 8
| #define HAVE_SYS_TYPES_H 1
| #define HAVE_SYS_STAT_H 1
| #define HAVE_STDLIB_H 1
| #define HAVE_STRING_H 1
| #define HAVE_MEMORY_H 1
| #define HAVE_STRINGS_H 1
| #define HAVE_INTTYPES_H 1
| #define HAVE_STDINT_H 1
| #define HAVE_UNISTD_H 1
| #define CVD_ARCH_LITTLE_ENDIAN 1
| #define CVD_HAVE_MMX 1
| #define CVD_HAVE_MMXEXT 1
| #define CVD_HAVE_SSE 1
| #define CVD_HAVE_SSE2 1
| #define CVD_HAVE_SSE3 1
| #define SIZEOF_VOIDP 4
| #define CVD_HAVE_INLINE_ASM 1
| #define CVD_HAVE_ASSEMBLER 1
| #define HAVE_DC1394_DC1394_H 1
| #define HAVE_LIBDC1394 1
| #define CVD_HAVE_DC1394V2 1
| #define HAVE_LIBRAW1394_RAW1394_H 1
| #define HAVE_LIBRAW1394 1
| #define CVD_HAVE_DVBUFFER3 1
| #define CVD_HAVE_V4L2BUFFER 1
| #define HAVE_LINUX_VIDEODEV_H 1
| #define CVD_HAVE_V4L1BUFFER 1
| #define CVD_KERNEL_MAJOR 2
| #define CVD_KERNEL_MINOR 6
| #define CVD_KERNEL_RELEASE 27
| #define HAVE_LIBRT 1
| #define CVD_HAVE_POSIX_RT 1
| #define HAVE_LIBGL 1
| #define HAVE_GL_GLU_H 1
| #define HAVE_LIBGLU 1
| #define CVD_HAVE_VIDEODISPLAY 1
| #define CVD_HAVE_TR1_SHARED_PTR 1
| #define CVD_HAVE_TOON 1
| #define HAVE_LIBLAPACK 1
| #define CVD_HAVE_LAPACK 1
| #define CVD_HAVE_PTHREAD 1
| #define CVD_HAVE_PTHREAD_YIELD 1
| /* end confdefs.h.  */
| /* Define pthread_yield_np to an innocuous variant, in case <limits.h> declares pthread_yield_np.
|    For example, HP-UX 11i <limits.h> declares gettimeofday.  */
| #define pthread_yield_np innocuous_pthread_yield_np
| 
| /* System header to define __stub macros and hopefully few prototypes,
|     which can conflict with char pthread_yield_np (); below.
|     Prefer <limits.h> to <assert.h> if __STDC__ is defined, since
|     <limits.h> exists even on freestanding compilers.  */
| 
| #ifdef __STDC__
| # include <limits.h>
| #else
| # include <assert.h>
| #endif
| 
| #undef pthread_yield_np
| 
| /* Override any GCC internal prototype to avoid an error.
|    Use char because int might match the return type of a GCC
|    builtin and then its argument prototype would still apply.  */
| #ifdef __cplusplus
| extern "C"
| #endif
| char pthread_yield_np ();
| /* The GNU C library defines this for functions which it implements
|     to always fail with ENOSYS.  Some functions are actually named
|     something starting with __ and the normal name is an alias.  */
| #if defined __stub_pthread_yield_np || defined __stub___pthread_yield_np
| choke me
| #endif
| 
| int
| main ()
| {
| return pthread_yield_np ();
|   ;
|   return 0;
| }
configure:9647: result: no
configure:9706: checking png.h usability
configure:9723: g++ -c -g  -Wall -Wextra -pipe -ggdb -fPIC -mmmx -msse -msse -msse2 -msse3 -pthread  -INONE/include conftest.cpp >&5
configure:9729: $? = 0
configure:9743: result: yes
configure:9747: checking png.h presence
configure:9762: g++ -E  -INONE/include conftest.cpp
configure:9768: $? = 0
configure:9782: result: yes
configure:9810: checking for png.h
configure:9818: result: yes
configure:9834: checking for png_init_io in -lpng
configure:9869: g++ -o conftest -g  -Wall -Wextra -pipe -ggdb -fPIC -mmmx -msse -msse -msse2 -msse3 -pthread  -INONE/include  conftest.cpp -lpng  -llapack -lGLU -lGL -lrt -ldc1394  -L -lX11 -lXext -pthread >&5
configure:9875: $? = 0
configure:9893: result: yes
configure:9958: checking jpeglib.h usability
configure:9975: g++ -c -g  -Wall -Wextra -pipe -ggdb -fPIC -mmmx -msse -msse -msse2 -msse3 -pthread  -INONE/include conftest.cpp >&5
configure:9981: $? = 0
configure:9995: result: yes
configure:9999: checking jpeglib.h presence
configure:10014: g++ -E  -INONE/include conftest.cpp
configure:10020: $? = 0
configure:10034: result: yes
configure:10062: checking for jpeglib.h
configure:10070: result: yes
configure:10086: checking for jpeg_destroy_decompress in -ljpeg
configure:10121: g++ -o conftest -g  -Wall -Wextra -pipe -ggdb -fPIC -mmmx -msse -msse -msse2 -msse3 -pthread  -INONE/include  conftest.cpp -ljpeg  -lpng -llapack -lGLU -lGL -lrt -ldc1394  -L -lX11 -lXext -pthread >&5
configure:10127: $? = 0
configure:10145: result: yes
configure:10171: checking JPEG read buffer size
configure:10183: result: 1 (safe reading)
configure:10232: checking tiffio.h usability
configure:10249: g++ -c -g  -Wall -Wextra -pipe -ggdb -fPIC -mmmx -msse -msse -msse2 -msse3 -pthread  -INONE/include conftest.cpp >&5
configure:10255: $? = 0
configure:10269: result: yes
configure:10273: checking tiffio.h presence
configure:10288: g++ -E  -INONE/include conftest.cpp
configure:10294: $? = 0
configure:10308: result: yes
configure:10336: checking for tiffio.h
configure:10344: result: yes
configure:10360: checking for TIFFReadRGBAImage in -ltiff
configure:10395: g++ -o conftest -g  -Wall -Wextra -pipe -ggdb -fPIC -mmmx -msse -msse -msse2 -msse3 -pthread  -INONE/include  conftest.cpp -ltiff  -ljpeg -lpng -llapack -lGLU -lGL -lrt -ldc1394  -L -lX11 -lXext -pthread >&5
configure:10401: $? = 0
configure:10419: result: yes
configure:10796: checking for TIFFReadRGBAImageOriented in -ltiff
configure:10831: g++ -o conftest -g  -Wall -Wextra -pipe -ggdb -fPIC -mmmx -msse -msse -msse2 -msse3 -pthread  -INONE/include  conftest.cpp -ltiff  -ltiff -ljpeg -lpng -llapack -lGLU -lGL -lrt -ldc1394  -L -lX11 -lXext -pthread >&5
configure:10837: $? = 0
configure:10855: result: yes
configure:11592: checking for doxygen
configure:11608: found /usr/bin/doxygen
configure:11620: result: docs
configure:11679: checking glob.h usability
configure:11696: g++ -c -g  -Wall -Wextra -pipe -ggdb -fPIC -mmmx -msse -msse -msse2 -msse3 -pthread  -INONE/include conftest.cpp >&5
configure:11702: $? = 0
configure:11716: result: yes
configure:11720: checking glob.h presence
configure:11735: g++ -E  -INONE/include conftest.cpp
configure:11741: $? = 0
configure:11755: result: yes
configure:11783: checking for glob.h
configure:11791: result: yes
configure:11806: checking for glob
configure:11862: g++ -o conftest -g  -Wall -Wextra -pipe -ggdb -fPIC -mmmx -msse -msse -msse2 -msse3 -pthread  -INONE/include  conftest.cpp -ltiff -ljpeg -lpng -llapack -lGLU -lGL -lrt -ldc1394  -L -lX11 -lXext -pthread >&5
configure:11868: $? = 0
configure:11885: result: yes
configure:11905: checking for GLOB_BRACE and GLOB_TILDE in glob.h
configure:11917: g++ -c -g  -Wall -Wextra -pipe -ggdb -fPIC -mmmx -msse -msse -msse2 -msse3 -pthread  -INONE/include conftest.cpp >&5
configure:11923: $? = 0
configure:11928: result: yes
configure:11964: checking whether feenableexcept is declared
configure:11994: g++ -c -g  -Wall -Wextra -pipe -ggdb -fPIC -mmmx -msse -msse -msse2 -msse3 -pthread  -INONE/include conftest.cpp >&5
configure:12000: $? = 0
configure:12015: result: yes
configure:12045: checking for posix_memalign
configure:12101: g++ -o conftest -g  -Wall -Wextra -pipe -ggdb -fPIC -mmmx -msse -msse -msse2 -msse3 -pthread  -INONE/include  conftest.cpp -ltiff -ljpeg -lpng -llapack -lGLU -lGL -lrt -ldc1394  -L -lX11 -lXext -pthread >&5
configure:12107: $? = 0
configure:12124: result: yes
configure:12572: creating ./config.status

## ---------------------- ##
## Running config.status. ##
## ---------------------- ##

This file was extended by CVD config.status 0.8, which was
generated by GNU Autoconf 2.61.  Invocation command line was

  CONFIG_FILES    = 
  CONFIG_HEADERS  = 
  CONFIG_LINKS    = 
  CONFIG_COMMANDS = 
  $ ./config.status 

on kz-desktop

config.status:660: creating Makefile

## ---------------- ##
## Cache variables. ##
## ---------------- ##

ac_cv_build=i686-pc-linux-gnu
ac_cv_c_bigendian=no
ac_cv_c_compiler_gnu=yes
ac_cv_cxx_compiler_gnu=yes
ac_cv_env_CCC_set=
ac_cv_env_CCC_value=
ac_cv_env_CC_set=
ac_cv_env_CC_value=
ac_cv_env_CFLAGS_set=
ac_cv_env_CFLAGS_value=
ac_cv_env_CPPFLAGS_set=
ac_cv_env_CPPFLAGS_value=
ac_cv_env_CPP_set=
ac_cv_env_CPP_value=
ac_cv_env_CXXCPP_set=
ac_cv_env_CXXCPP_value=
ac_cv_env_CXXFLAGS_set=
ac_cv_env_CXXFLAGS_value=
ac_cv_env_CXX_set=
ac_cv_env_CXX_value=
ac_cv_env_LDFLAGS_set=
ac_cv_env_LDFLAGS_value=
ac_cv_env_LIBS_set=
ac_cv_env_LIBS_value=
ac_cv_env_XMKMF_set=
ac_cv_env_XMKMF_value=
ac_cv_env_build_alias_set=
ac_cv_env_build_alias_value=
ac_cv_env_host_alias_set=
ac_cv_env_host_alias_value=
ac_cv_env_target_alias_set=
ac_cv_env_target_alias_value=
ac_cv_func_dgesvd_=no
ac_cv_func_glob=yes
ac_cv_func_posix_memalign=yes
ac_cv_func_pthread_yield=yes
ac_cv_func_pthread_yield_np=no
ac_cv_have_decl_feenableexcept=yes
ac_cv_have_x='have_x=yes	ac_x_includes='\'''\''	ac_x_libraries='\'''\'''
ac_cv_header_GL_glu_h=yes
ac_cv_header_dc1394_dc1394_h=yes
ac_cv_header_glob_h=yes
ac_cv_header_inttypes_h=yes
ac_cv_header_jpeglib_h=yes
ac_cv_header_libdc1394_dc1394_control_h=no
ac_cv_header_libraw1394_raw1394_h=yes
ac_cv_header_linux_videodev_h=yes
ac_cv_header_memory_h=yes
ac_cv_header_png_h=yes
ac_cv_header_stdc=yes
ac_cv_header_stdint_h=yes
ac_cv_header_stdlib_h=yes
ac_cv_header_string_h=yes
ac_cv_header_strings_h=yes
ac_cv_header_sys_stat_h=yes
ac_cv_header_sys_types_h=yes
ac_cv_header_tiffio_h=yes
ac_cv_header_unistd_h=yes
ac_cv_host=i686-pc-linux-gnu
ac_cv_lib_GLU_gluGetString=yes
ac_cv_lib_GL_glDrawPixels=yes
ac_cv_lib_acml_dgesvd_=no
ac_cv_lib_dc1394_control_main=no
ac_cv_lib_dc1394_main=yes
ac_cv_lib_jpeg_jpeg_destroy_decompress=yes
ac_cv_lib_lapack_dgesvd_=yes
ac_cv_lib_png_png_init_io=yes
ac_cv_lib_raw1394_main=yes
ac_cv_lib_rt_clock_getres=yes
ac_cv_lib_tiff_TIFFReadRGBAImage=yes
ac_cv_lib_tiff_TIFFReadRGBAImageOriented=yes
ac_cv_objext=o
ac_cv_path_EGREP='/bin/grep -E'
ac_cv_path_GREP=/bin/grep
ac_cv_path_install='/usr/bin/install -c'
ac_cv_prog_AWK=gawk
ac_cv_prog_CPP='gcc -E'
ac_cv_prog_CXXCPP='g++ -E'
ac_cv_prog_ac_ct_CC=gcc
ac_cv_prog_ac_ct_CXX=g++
ac_cv_prog_ac_ct_RANLIB=ranlib
ac_cv_prog_cc_c89=
ac_cv_prog_cc_g=yes
ac_cv_prog_cxx_g=yes
ac_cv_prog_docs=docs
ac_cv_sizeof_voidp=4
ac_cv_type_voidp=yes

## ----------------- ##
## Output variables. ##
## ----------------- ##

AWK='gawk'
CC='gcc'
CFLAGS='-g -O2'
CPP='gcc -E'
CPPFLAGS=' -INONE/include'
CXX='g++'
CXXCPP='g++ -E'
CXXFLAGS='-g  -Wall -Wextra -pipe -ggdb -fPIC -mmmx -msse -msse -msse2 -msse3 -pthread'
DEFS='-DHAVE_CONFIG_H'
ECHO_C=''
ECHO_N='-n'
ECHO_T=''
EGREP='/bin/grep -E'
EXEEXT=''
GREP='/bin/grep'
INSTALL_DATA='${INSTALL} -m 644'
INSTALL_PROGRAM='${INSTALL}'
INSTALL_SCRIPT='${INSTALL}'
LDFLAGS=''
LIBOBJS=''
LIBS='-ltiff -ljpeg -lpng -llapack -lGLU -lGL -lrt -ldc1394  -L -lX11 -lXext -pthread'
LN_S='ln -s'
LTLIBOBJS=''
OBJEXT='o'
OFLAGS=' -O3 -march=native'
PACKAGE_BUGREPORT=''
PACKAGE_NAME='CVD'
PACKAGE_STRING='CVD 0.8'
PACKAGE_TARNAME='cvd'
PACKAGE_VERSION='0.8'
PATH_SEPARATOR=':'
RANLIB='ranlib'
SHELL='/bin/bash'
XMKMF=''
ac_ct_CC='gcc'
ac_ct_CXX='g++'
bindir='${exec_prefix}/bin'
build='i686-pc-linux-gnu'
build_alias=''
build_cpu='i686'
build_os='linux-gnu'
build_vendor='pc'
datadir='${datarootdir}'
datarootdir='${prefix}/share'
dep_objects='cvd_src/i686/yuv411_to_stuff_MMX.o cvd_src/i686/halfsample.o cvd_src/i686/rgb_to_gray.o cvd_src/i686/convert_rgb_to_y.o cvd_src/i686/convolve_gaussian.o cvd_src/i686/gradient.o cvd_src/i686/yuv422_to_rgb.o cvd_src/i686/yuv422_to_grey.o cvd_src/i686/yuv422_wrapper.o cvd_src/i686/median_3x3.o cvd_src/i686/utility_float.o cvd_src/i686/utility_byte_differences.o cvd_src/i686/utility_double_int.o cvd_src/fast/fast_7_detect.o cvd_src/fast/fast_7_score.o cvd_src/slower_corner_7.o cvd_src/fast/fast_8_detect.o cvd_src/fast/fast_8_score.o cvd_src/slower_corner_8.o cvd_src/fast/fast_9_detect.o cvd_src/fast/fast_9_score.o cvd_src/fast_corner_9_nonmax.o cvd_src/fast/fast_10_detect.o cvd_src/fast/fast_10_score.o cvd_src/fast/fast_11_detect.o cvd_src/fast/fast_11_score.o cvd_src/slower_corner_11.o cvd_src/fast/fast_12_detect.o cvd_src/fast/fast_12_score.o cvd_src/faster_corner_9.o cvd_src/faster_corner_10.o cvd_src/faster_corner_12.o cvd_src/Linux/dvbuffer3_dc1394v2.o cvd_src/Linux/v4l1buffer.o cvd_src/Linux/v4lbuffer.o cvd_src/Linux/v4l2buffer.o cvd_src/Linux/v4lcontrol.o cvd_src/posix/timer.o cvd_src/synchronized.o cvd_src/eventobject.o cvd_src/thread.o cvd_src/thread/runnable_batch.o cvd_src/noarch/posix_memalign.o cvd_src/videodisplay.o cvd_src/glwindow.o cvd_src/gltext.o pnm_src/jpeg.o pnm_src/tiff.o pnm_src/tiffwrite.o pnm_src/png.o cvd_src/globlist.o cvd_src/tensor_voting.o cvd_src/brezenham.o cvd_src/draw_toon.o '
docdir='${datarootdir}/doc/${PACKAGE_TARNAME}'
docs='docs'
dvidir='${docdir}'
exec_prefix='${prefix}'
have_32bit='yes'
have_assembler='yes'
have_dc1394v2='yes'
have_dvbuffer3='yes'
have_dvbuffer=''
have_fast10='yes'
have_fast11='yes'
have_fast12='yes'
have_fast7='yes'
have_fast8='yes'
have_fast9='yes'
have_ffmpeg=''
have_glob='yes'
have_inline_asm='yes'
have_jpeg='yes'
have_lapack='yes'
have_linux_2_4=''
have_linux_2_6='yes'
have_memalign='yes'
have_mmx='yes'
have_mmxext='yes'
have_o2buffer=''
have_png='yes'
have_posix_rt='yes'
have_pthread='yes'
have_qtbuffer=''
have_sse2='yes'
have_sse3='yes'
have_sse='yes'
have_ssefast10='yes'
have_ssefast12='yes'
have_ssefast9='yes'
have_tiff='yes'
have_toon='yes'
have_tr1_shared_ptr='yes'
have_v4l1buffer='yes'
have_v4l2buffer='yes'
have_videodisplay='yes'
have_x86='yes'
host='i686-pc-linux-gnu'
host_alias=''
host_cpu='i686'
host_os='linux-gnu'
host_vendor='pc'
htmldir='${docdir}'
includedir='${prefix}/include'
infodir='${datarootdir}/info'
libdir='${exec_prefix}/lib'
libexecdir='${exec_prefix}/libexec'
localedir='${datarootdir}/locale'
localstatedir='${prefix}/var'
major='0'
mandir='${datarootdir}/man'
minor='8'
oldincludedir='/usr/include'
osx_hacks=''
pdfdir='${docdir}'
prefix='/usr/local'
program_transform_name='s,x,x,'
progs='progs/se3_exp progs/se3_ln progs/se3_pre_mul progs/se3_post_mul progs/se3_inv progs/calibrate progs/img_play progs/cvd_display_image progs/img_play_bw progs/img_play_deinterlace progs/video_play_source '
psdir='${docdir}'
sbindir='${exec_prefix}/sbin'
sharedstatedir='${prefix}/com'
sysconfdir='${prefix}/etc'
target_alias=''
testprogs='test/diskbuffer2 test/dvbuffer3_mono test/dvbuffer3_bayerrgb test/test_images test/v4lbuffer_mono test/v4lbuffer_bayerrgb test/v4l2buffer test/v4l1buffer_bayer test/v4l1buffer_rgb test/font '

## ----------- ##
## confdefs.h. ##
## ----------- ##

#define PACKAGE_NAME "CVD"
#define PACKAGE_TARNAME "cvd"
#define PACKAGE_VERSION "0.8"
#define PACKAGE_STRING "CVD 0.8"
#define PACKAGE_BUGREPORT ""
#define STDC_HEADERS 1
#define CVD_MAJOR_VERSION 0
#define CVD_MINOR_VERSION 8
#define HAVE_SYS_TYPES_H 1
#define HAVE_SYS_STAT_H 1
#define HAVE_STDLIB_H 1
#define HAVE_STRING_H 1
#define HAVE_MEMORY_H 1
#define HAVE_STRINGS_H 1
#define HAVE_INTTYPES_H 1
#define HAVE_STDINT_H 1
#define HAVE_UNISTD_H 1
#define CVD_ARCH_LITTLE_ENDIAN 1
#define CVD_HAVE_MMX 1
#define CVD_HAVE_MMXEXT 1
#define CVD_HAVE_SSE 1
#define CVD_HAVE_SSE2 1
#define CVD_HAVE_SSE3 1
#define SIZEOF_VOIDP 4
#define CVD_HAVE_INLINE_ASM 1
#define CVD_HAVE_ASSEMBLER 1
#define HAVE_DC1394_DC1394_H 1
#define HAVE_LIBDC1394 1
#define CVD_HAVE_DC1394V2 1
#define HAVE_LIBRAW1394_RAW1394_H 1
#define HAVE_LIBRAW1394 1
#define CVD_HAVE_DVBUFFER3 1
#define CVD_HAVE_V4L2BUFFER 1
#define HAVE_LINUX_VIDEODEV_H 1
#define CVD_HAVE_V4L1BUFFER 1
#define CVD_KERNEL_MAJOR 2
#define CVD_KERNEL_MINOR 6
#define CVD_KERNEL_RELEASE 27
#define HAVE_LIBRT 1
#define CVD_HAVE_POSIX_RT 1
#define HAVE_LIBGL 1
#define HAVE_GL_GLU_H 1
#define HAVE_LIBGLU 1
#define CVD_HAVE_VIDEODISPLAY 1
#define CVD_HAVE_TR1_SHARED_PTR 1
#define CVD_HAVE_TOON 1
#define HAVE_LIBLAPACK 1
#define CVD_HAVE_LAPACK 1
#define CVD_HAVE_PTHREAD 1
#define CVD_HAVE_PTHREAD_YIELD 1
#define HAVE_PNG_H 1
#define HAVE_LIBPNG 1
#define CVD_HAVE_PNG 1
#define HAVE_JPEGLIB_H 1
#define HAVE_LIBJPEG 1
#define CVD_HAVE_JPEG 1
#define CVD_INTERNAL_JPEG_BUFFER_SIZE 1
#define HAVE_TIFFIO_H 1
#define HAVE_LIBTIFF 1
#define CVD_HAVE_TIFF 1
#define CVD_INTERNAL_HAVE_TIFF_ORIENTED 1
#define HAVE_GLOB_H 1
#define CVD_HAVE_GLOB 1
#define CVD_HAVE_FENV_H 1
#define CVD_HAVE_MEMALIGN 1
#define CVD_INTERNAL_HAVE_HALFSAMPLE_MMX8 1
#define CVD_INTERNAL_HAVE_HALFSAMPLE_SSE16 1
#define CVD_INTERNAL_HAVE_YV402P_MMX 1
#define CVD_INTERNAL_HAVE_V4LBUFFER 1

configure: exit 0
